TN:
SF:/home/joanna/include/boost/exception/exception.hpp
FN:32,_ZN5boost16exception_detail12refcount_ptrINS0_20error_info_containerEED2Ev
FN:76,_ZN5boost16exception_detail12refcount_ptrINS0_20error_info_containerEE7releaseEv
FN:281,_ZN5boost9exceptionD0Ev
FN:281,_ZN5boost9exceptionD2Ev
FN:406,_ZN5boost16exception_detail10clone_baseD0Ev
FN:406,_ZN5boost16exception_detail10clone_baseD2Ev
FNDA:0,_ZN5boost16exception_detail12refcount_ptrINS0_20error_info_containerEED2Ev
FNDA:0,_ZN5boost16exception_detail12refcount_ptrINS0_20error_info_containerEE7releaseEv
FNDA:0,_ZN5boost9exceptionD0Ev
FNDA:0,_ZN5boost9exceptionD2Ev
FNDA:0,_ZN5boost16exception_detail10clone_baseD0Ev
FNDA:0,_ZN5boost16exception_detail10clone_baseD2Ev
FNF:6
FNH:0
DA:32,0
DA:34,0
DA:35,0
DA:76,0
DA:78,0
DA:79,0
DA:80,0
DA:281,0
DA:282,0
DA:284,0
DA:406,0
DA:407,0
DA:408,0
LF:13
LH:0
end_of_record
SF:/home/joanna/include/boost/function/function_base.hpp
FN:731,_ZN5boost17bad_function_callD2Ev
FN:731,_ZN5boost17bad_function_callD0Ev
FNDA:0,_ZN5boost17bad_function_callD0Ev
FNDA:0,_ZN5boost17bad_function_callD2Ev
FNF:2
FNH:0
DA:731,0
LF:1
LH:0
end_of_record
SF:/usr/include/c++/4.7.2/bits/alloc_traits.h
FN:335,_ZNSt16allocator_traitsISaIiEE9_S_selectIKS0_EENSt9enable_ifIXntsrNS1_15__select_helperIT_EE5valueES6_E4typeERS6_
FN:335,_ZNSt16allocator_traitsISaIN8f_config16FeaturePositionsEEE9_S_selectIKS2_EENSt9enable_ifIXntsrNS3_15__select_helperIT_EE5valueES8_E4typeERS8_
FN:335,_ZNSt16allocator_traitsISaIdEE9_S_selectIKS0_EENSt9enable_ifIXntsrNS1_15__select_helperIT_EE5valueES6_E4typeERS6_
FN:335,_ZNSt16allocator_traitsISaISsEE9_S_selectIKS0_EENSt9enable_ifIXntsrNS1_15__select_helperIT_EE5valueES6_E4typeERS6_
FN:424,_ZNSt16allocator_traitsISaIdEE37select_on_container_copy_constructionERKS0_
FN:424,_ZNSt16allocator_traitsISaIN8f_config16FeaturePositionsEEE37select_on_container_copy_constructionERKS2_
FN:424,_ZNSt16allocator_traitsISaIiEE37select_on_container_copy_constructionERKS0_
FN:424,_ZNSt16allocator_traitsISaISsEE37select_on_container_copy_constructionERKS0_
FN:479,_ZSt18__do_alloc_on_moveISaIdEEvRT_S2_St17integral_constantIbLb0EE
FN:483,_ZSt15__alloc_on_moveISaIdEEvRT_S2_
FNDA:1143,_ZNSt16allocator_traitsISaIdEE9_S_selectIKS0_EENSt9enable_ifIXntsrNS1_15__select_helperIT_EE5valueES6_E4typeERS6_
FNDA:66,_ZNSt16allocator_traitsISaIiEE9_S_selectIKS0_EENSt9enable_ifIXntsrNS1_15__select_helperIT_EE5valueES6_E4typeERS6_
FNDA:6,_ZNSt16allocator_traitsISaIN8f_config16FeaturePositionsEEE9_S_selectIKS2_EENSt9enable_ifIXntsrNS3_15__select_helperIT_EE5valueES8_E4typeERS8_
FNDA:0,_ZNSt16allocator_traitsISaISsEE9_S_selectIKS0_EENSt9enable_ifIXntsrNS1_15__select_helperIT_EE5valueES6_E4typeERS6_
FNDA:1143,_ZNSt16allocator_traitsISaIdEE37select_on_container_copy_constructionERKS0_
FNDA:66,_ZNSt16allocator_traitsISaIiEE37select_on_container_copy_constructionERKS0_
FNDA:6,_ZNSt16allocator_traitsISaIN8f_config16FeaturePositionsEEE37select_on_container_copy_constructionERKS2_
FNDA:0,_ZNSt16allocator_traitsISaISsEE37select_on_container_copy_constructionERKS0_
FNDA:0,_ZSt18__do_alloc_on_moveISaIdEEvRT_S2_St17integral_constantIbLb0EE
FNDA:0,_ZSt15__alloc_on_moveISaIdEEvRT_S2_
FNF:10
FNH:6
DA:335,1215
DA:336,1215
DA:424,1215
DA:425,1215
DA:479,0
DA:480,0
DA:483,0
DA:487,0
DA:488,0
LF:9
LH:4
end_of_record
SF:/usr/include/c++/4.7.2/bits/allocator.h
FN:104,_ZNSaISt13_Rb_tree_nodeISt4pairIKSsSt6vectorIdSaIdEEEEEC2Ev
FN:104,_ZNSaIdEC2Ev
FN:106,_ZNSaISsEC2ERKS_
FN:106,_ZNSaIdEC2ERKS_
FN:106,_ZNSaISt13_Rb_tree_nodeISt4pairIKSsdEEEC2ERKS4_
FN:106,_ZNSaIN8f_config16FeaturePositionsEEC2ERKS1_
FN:106,_ZNSaISt13_Rb_tree_nodeISt4pairIKSsSt6vectorIdSaIdEEEEEC2ERKS7_
FN:106,_ZNSaIiEC2ERKS_
FN:112,_ZNSaISt13_Rb_tree_nodeISt4pairIKSsdEEED2Ev
FN:112,_ZNSaISt13_Rb_tree_nodeISt4pairIKSsSt6vectorIdSaIdEEEEED2Ev
FN:112,_ZNSaIdED2Ev
FN:112,_ZNSaISsED2Ev
FN:112,_ZNSaIiED2Ev
FN:112,_ZNSaIN8f_config16FeaturePositionsEED2Ev
FN:124,_ZSteqIcEbRKSaIT_ES3_
FN:154,_ZNSt12__alloc_swapISaISt13_Rb_tree_nodeISt4pairIKSsSt6vectorIdSaIdEEEEELb1EE8_S_do_itERS8_SA_
FNDA:17,_ZNSaISt13_Rb_tree_nodeISt4pairIKSsSt6vectorIdSaIdEEEEEC2Ev
FNDA:988,_ZNSaIdEC2Ev
FNDA:139,_ZNSaIiEC2ERKS_
FNDA:1,_ZNSaISt13_Rb_tree_nodeISt4pairIKSsSt6vectorIdSaIdEEEEEC2ERKS7_
FNDA:4144,_ZNSaIdEC2ERKS_
FNDA:7,_ZNSaISt13_Rb_tree_nodeISt4pairIKSsdEEEC2ERKS4_
FNDA:38,_ZNSaIN8f_config16FeaturePositionsEEC2ERKS1_
FNDA:0,_ZNSaISsEC2ERKS_
FNDA:159,_ZNSaIiED2Ev
FNDA:64,_ZNSaIN8f_config16FeaturePositionsEED2Ev
FNDA:18,_ZNSaISt13_Rb_tree_nodeISt4pairIKSsSt6vectorIdSaIdEEEEED2Ev
FNDA:0,_ZNSaISt13_Rb_tree_nodeISt4pairIKSsdEEED2Ev
FNDA:0,_ZNSaISsED2Ev
FNDA:5132,_ZNSaIdED2Ev
FNDA:0,_ZSteqIcEbRKSaIT_ES3_
FNDA:5,_ZNSt12__alloc_swapISaISt13_Rb_tree_nodeISt4pairIKSsSt6vectorIdSaIdEEEEELb1EE8_S_do_itERS8_SA_
FNF:16
FNH:12
DA:104,1005
DA:106,4329
DA:107,4329
DA:112,5373
DA:124,0
DA:125,0
DA:154,5
LF:7
LH:5
end_of_record
SF:/usr/include/c++/4.7.2/bits/basic_string.h
FN:269,_ZNSs12_Alloc_hiderC2ERKS_
FN:269,_ZNSs12_Alloc_hiderD2Ev
FN:1718,_ZNSs16_S_construct_auxIPcEES0_T_S1_RKSaIcESt12__false_type
FN:1740,_ZNSs12_S_constructIPcEES0_T_S1_RKSaIcE
FN:2427,_ZStplIcSt11char_traitsIcESaIcEESbIT_T0_T1_EOS6_RKS6_
FN:2451,_ZStplIcSt11char_traitsIcESaIcEESbIT_T0_T1_EPKS3_OS6_
FN:2463,_ZStplIcSt11char_traitsIcESaIcEESbIT_T0_T1_EOS6_PKS3_
FN:2490,_ZSteqIcEN9__gnu_cxx11__enable_ifIXsrSt9__is_charIT_E7__valueEbE6__typeERKSbIS3_St11char_traitsIS3_ESaIS3_EESC_
FN:2516,_ZSteqIcSt11char_traitsIcESaIcEEbRKSbIT_T0_T1_EPKS3_
FN:2566,_ZStltIcSt11char_traitsIcESaIcEEbRKSbIT_T0_T1_ES8_
FN:2879,_ZSt9to_stringm
FNDA:0,_ZNSs12_Alloc_hiderC2ERKS_
FNDA:0,_ZNSs12_Alloc_hiderD2Ev
FNDA:0,_ZNSs16_S_construct_auxIPcEES0_T_S1_RKSaIcESt12__false_type
FNDA:0,_ZNSs12_S_constructIPcEES0_T_S1_RKSaIcE
FNDA:0,_ZStplIcSt11char_traitsIcESaIcEESbIT_T0_T1_EOS6_RKS6_
FNDA:0,_ZStplIcSt11char_traitsIcESaIcEESbIT_T0_T1_EPKS3_OS6_
FNDA:0,_ZStplIcSt11char_traitsIcESaIcEESbIT_T0_T1_EOS6_PKS3_
FNDA:0,_ZSteqIcEN9__gnu_cxx11__enable_ifIXsrSt9__is_charIT_E7__valueEbE6__typeERKSbIS3_St11char_traitsIS3_ESaIS3_EESC_
FNDA:0,_ZSteqIcSt11char_traitsIcESaIcEEbRKSbIT_T0_T1_EPKS3_
FNDA:0,_ZStltIcSt11char_traitsIcESaIcEEbRKSbIT_T0_T1_ES8_
FNDA:0,_ZSt9to_stringm
FNF:11
FNH:0
DA:269,0
DA:1718,0
DA:1722,0
DA:1740,0
DA:1743,0
DA:2427,0
DA:2429,0
DA:2451,0
DA:2453,0
DA:2463,0
DA:2465,0
DA:2490,0
DA:2494,0
DA:2516,0
DA:2518,0
DA:2566,0
DA:2568,0
DA:2879,0
DA:2882,0
LF:19
LH:0
end_of_record
SF:/usr/include/c++/4.7.2/bits/basic_string.tcc
FN:125,_ZNSs12_S_constructIPcEES0_T_S1_RKSaIcESt20forward_iterator_tag
FN:229,_ZNSsC2IPcEET_S1_RKSaIcE
FNDA:0,_ZNSs12_S_constructIPcEES0_T_S1_RKSaIcESt20forward_iterator_tag
FNDA:0,_ZNSsC2IPcEET_S1_RKSaIcE
FNF:2
FNH:0
DA:125,0
DA:130,0
DA:131,0
DA:134,0
DA:135,0
DA:138,0
DA:140,0
DA:142,0
DA:143,0
DA:145,0
DA:146,0
DA:148,0
DA:149,0
DA:229,0
DA:231,0
DA:232,0
LF:16
LH:0
end_of_record
SF:/usr/include/c++/4.7.2/bits/char_traits.h
FN:244,_ZNSt11char_traitsIcE6assignERcRKc
FN:256,_ZNSt11char_traitsIcE7compareEPKcS2_m
FN:260,_ZNSt11char_traitsIcE6lengthEPKc
FN:272,_ZNSt11char_traitsIcE4copyEPcPKcm
FNDA:0,_ZNSt11char_traitsIcE6assignERcRKc
FNDA:0,_ZNSt11char_traitsIcE7compareEPKcS2_m
FNDA:0,_ZNSt11char_traitsIcE6lengthEPKc
FNDA:0,_ZNSt11char_traitsIcE4copyEPcPKcm
FNF:4
FNH:0
DA:244,0
DA:245,0
DA:256,0
DA:257,0
DA:260,0
DA:261,0
DA:272,0
DA:273,0
LF:8
LH:0
end_of_record
SF:/usr/include/c++/4.7.2/bits/move.h
FN:47,_ZSt11__addressofISsEPT_RS0_
FN:47,_ZSt11__addressofIN8f_config16FeaturePositionsEEPT_RS2_
FN:47,_ZSt11__addressofISt4pairIKSsSt6vectorIdSaIdEEEEPT_RS6_
FN:77,_ZSt7forwardISt4pairIKSsdEEOT_RNSt16remove_referenceIS3_E4typeE
FN:77,_ZSt7forwardIRKN8f_config16FeaturePositionsEEOT_RNSt16remove_referenceIS4_E4typeE
FN:77,_ZSt7forwardIRKSsEOT_RNSt16remove_referenceIS2_E4typeE
FN:77,_ZSt7forwardIRKSt4pairIKSsdEEOT_RNSt16remove_referenceIS5_E4typeE
FN:77,_ZSt7forwardIbEOT_RNSt16remove_referenceIS0_E4typeE
FN:77,_ZSt7forwardISt17_Rb_tree_iteratorISt4pairIKSsSt6vectorIdSaIdEEEEEOT_RNSt16remove_referenceIS8_E4typeE
FN:77,_ZSt7forwardISt4pairIKSsSt6vectorIdSaIdEEEEOT_RNSt16remove_referenceIS6_E4typeE
FN:77,_ZSt7forwardIRSt17_Rb_tree_iteratorISt4pairIKSsSt6vectorIdSaIdEEEEEOT_RNSt16remove_referenceIS9_E4typeE
FN:77,_ZSt7forwardIdEOT_RNSt16remove_referenceIS0_E4typeE
FN:77,_ZSt7forwardISt6vectorIdSaIdEEEOT_RNSt16remove_referenceIS3_E4typeE
FN:77,_ZSt7forwardISt17_Rb_tree_iteratorISt4pairIKSsdEEEOT_RNSt16remove_referenceIS5_E4typeE
FN:77,_ZSt7forwardIRSt17_Rb_tree_iteratorISt4pairIKSsdEEEOT_RNSt16remove_referenceIS6_E4typeE
FN:77,_ZSt7forwardIRKSt4pairIKSsSt6vectorIdSaIdEEEEOT_RNSt16remove_referenceIS8_E4typeE
FN:102,_ZSt4moveIRPSt18_Rb_tree_node_baseEONSt16remove_referenceIT_E4typeEOS4_
FN:102,_ZSt4moveIRSt4lessISsEEONSt16remove_referenceIT_E4typeEOS4_
FN:102,_ZSt4moveIRPdEONSt16remove_referenceIT_E4typeEOS3_
FN:102,_ZSt4moveIRSaIdEEONSt16remove_referenceIT_E4typeEOS3_
FN:102,_ZSt4moveIRSsEONSt16remove_referenceIT_E4typeEOS2_
FN:102,_ZSt4moveIRSt6vectorIdSaIdEEEONSt16remove_referenceIT_E4typeEOS5_
FN:102,_ZSt4moveIRmEONSt16remove_referenceIT_E4typeEOS2_
FN:167,_ZSt4swapIPdEvRT_S2_
FN:167,_ZSt4swapISt4lessISsEEvRT_S3_
FN:167,_ZSt4swapIPSt18_Rb_tree_node_baseEvRT_S3_
FN:167,_ZSt4swapImEvRT_S1_
FNDA:128,_ZSt11__addressofIN8f_config16FeaturePositionsEEPT_RS2_
FNDA:0,_ZSt11__addressofISsEPT_RS0_
FNDA:34802,_ZSt11__addressofISt4pairIKSsSt6vectorIdSaIdEEEEPT_RS6_
FNDA:752,_ZSt7forwardIRKSt4pairIKSsSt6vectorIdSaIdEEEEOT_RNSt16remove_referenceIS8_E4typeE
FNDA:100,_ZSt7forwardIRKN8f_config16FeaturePositionsEEOT_RNSt16remove_referenceIS4_E4typeE
FNDA:34,_ZSt7forwardIRKSt4pairIKSsdEEOT_RNSt16remove_referenceIS5_E4typeE
FNDA:0,_ZSt7forwardIRKSsEOT_RNSt16remove_referenceIS2_E4typeE
FNDA:0,_ZSt7forwardIRSt17_Rb_tree_iteratorISt4pairIKSsdEEEOT_RNSt16remove_referenceIS6_E4typeE
FNDA:0,_ZSt7forwardISt17_Rb_tree_iteratorISt4pairIKSsdEEEOT_RNSt16remove_referenceIS5_E4typeE
FNDA:0,_ZSt7forwardIRSt17_Rb_tree_iteratorISt4pairIKSsSt6vectorIdSaIdEEEEEOT_RNSt16remove_referenceIS9_E4typeE
FNDA:0,_ZSt7forwardIbEOT_RNSt16remove_referenceIS0_E4typeE
FNDA:40,_ZSt7forwardISt17_Rb_tree_iteratorISt4pairIKSsSt6vectorIdSaIdEEEEEOT_RNSt16remove_referenceIS8_E4typeE
FNDA:0,_ZSt7forwardISt4pairIKSsdEEOT_RNSt16remove_referenceIS3_E4typeE
FNDA:1810,_ZSt7forwardISt4pairIKSsSt6vectorIdSaIdEEEEOT_RNSt16remove_referenceIS6_E4typeE
FNDA:0,_ZSt7forwardIdEOT_RNSt16remove_referenceIS0_E4typeE
FNDA:465,_ZSt7forwardISt6vectorIdSaIdEEEOT_RNSt16remove_referenceIS3_E4typeE
FNDA:15678,_ZSt4moveIRPdEONSt16remove_referenceIT_E4typeEOS3_
FNDA:18,_ZSt4moveIRSt4lessISsEEONSt16remove_referenceIT_E4typeEOS4_
FNDA:24,_ZSt4moveIRmEONSt16remove_referenceIT_E4typeEOS2_
FNDA:0,_ZSt4moveIRPSt18_Rb_tree_node_baseEONSt16remove_referenceIT_E4typeEOS4_
FNDA:2612,_ZSt4moveIRSaIdEEONSt16remove_referenceIT_E4typeEOS3_
FNDA:0,_ZSt4moveIRSsEONSt16remove_referenceIT_E4typeEOS2_
FNDA:2178,_ZSt4moveIRSt6vectorIdSaIdEEEONSt16remove_referenceIT_E4typeEOS5_
FNDA:5226,_ZSt4swapIPdEvRT_S2_
FNDA:6,_ZSt4swapISt4lessISsEEvRT_S3_
FNDA:8,_ZSt4swapImEvRT_S1_
FNDA:0,_ZSt4swapIPSt18_Rb_tree_node_baseEvRT_S3_
FNF:27
FNH:16
DA:47,34930
DA:50,34930
DA:77,3201
DA:78,3201
DA:102,20510
DA:103,20510
DA:167,5240
DA:176,5240
DA:177,5240
DA:178,5240
DA:179,5240
LF:11
LH:11
end_of_record
SF:/usr/include/c++/4.7.2/bits/stl_algobase.h
FN:187,_ZSt3minImERKT_S2_S2_
FN:271,_ZSt12__niter_baseIN9__gnu_cxx17__normal_iteratorIPKiSt6vectorIiSaIiEEEEENSt11_Niter_baseIT_E13iterator_typeES9_
FN:271,_ZSt12__niter_baseIPdENSt11_Niter_baseIT_E13iterator_typeES2_
FN:271,_ZSt12__niter_baseIPiENSt11_Niter_baseIT_E13iterator_typeES2_
FN:271,_ZSt12__niter_baseIN9__gnu_cxx17__normal_iteratorIPKdSt6vectorIdSaIdEEEEENSt11_Niter_baseIT_E13iterator_typeES9_
FN:282,_ZSt12__miter_baseIN9__gnu_cxx17__normal_iteratorIPKdSt6vectorIdSaIdEEEEENSt11_Miter_baseIT_E13iterator_typeES9_
FN:282,_ZSt12__miter_baseIN9__gnu_cxx17__normal_iteratorIPKiSt6vectorIiSaIiEEEEENSt11_Miter_baseIT_E13iterator_typeES9_
FN:362,_ZNSt11__copy_moveILb0ELb1ESt26random_access_iterator_tagE8__copy_mIdEEPT_PKS3_S6_S4_
FN:362,_ZNSt11__copy_moveILb0ELb1ESt26random_access_iterator_tagE8__copy_mIiEEPT_PKS3_S6_S4_
FN:373,_ZSt13__copy_move_aILb0EPKdPdET1_T0_S4_S3_
FN:373,_ZSt13__copy_move_aILb0EPKiPiET1_T0_S4_S3_
FN:418,_ZSt14__copy_move_a2ILb0EN9__gnu_cxx17__normal_iteratorIPKiSt6vectorIiSaIiEEEEPiET1_T0_SA_S9_
FN:418,_ZSt14__copy_move_a2ILb0EN9__gnu_cxx17__normal_iteratorIPKdSt6vectorIdSaIdEEEEPdET1_T0_SA_S9_
FN:444,_ZSt4copyIN9__gnu_cxx17__normal_iteratorIPKdSt6vectorIdSaIdEEEEPdET0_T_SA_S9_
FN:444,_ZSt4copyIN9__gnu_cxx17__normal_iteratorIPKiSt6vectorIiSaIiEEEEPiET0_T_SA_S9_
FN:740,_ZSt10__fill_n_aIPdmdEN9__gnu_cxx11__enable_ifIXsrSt11__is_scalarIT1_E7__valueET_E6__typeES6_T0_RKS4_
FN:775,_ZSt6fill_nIPdmdET_S1_T0_RKT1_
FNDA:0,_ZSt3minImERKT_S2_S2_
FNDA:2286,_ZSt12__niter_baseIN9__gnu_cxx17__normal_iteratorIPKdSt6vectorIdSaIdEEEEENSt11_Niter_baseIT_E13iterator_typeES9_
FNDA:148,_ZSt12__niter_baseIPiENSt11_Niter_baseIT_E13iterator_typeES2_
FNDA:134,_ZSt12__niter_baseIN9__gnu_cxx17__normal_iteratorIPKiSt6vectorIiSaIiEEEEENSt11_Niter_baseIT_E13iterator_typeES9_
FNDA:1698,_ZSt12__niter_baseIPdENSt11_Niter_baseIT_E13iterator_typeES2_
FNDA:2286,_ZSt12__miter_baseIN9__gnu_cxx17__normal_iteratorIPKdSt6vectorIdSaIdEEEEENSt11_Miter_baseIT_E13iterator_typeES9_
FNDA:134,_ZSt12__miter_baseIN9__gnu_cxx17__normal_iteratorIPKiSt6vectorIiSaIiEEEEENSt11_Miter_baseIT_E13iterator_typeES9_
FNDA:1221,_ZNSt11__copy_moveILb0ELb1ESt26random_access_iterator_tagE8__copy_mIdEEPT_PKS3_S6_S4_
FNDA:70,_ZNSt11__copy_moveILb0ELb1ESt26random_access_iterator_tagE8__copy_mIiEEPT_PKS3_S6_S4_
FNDA:1221,_ZSt13__copy_move_aILb0EPKdPdET1_T0_S4_S3_
FNDA:70,_ZSt13__copy_move_aILb0EPKiPiET1_T0_S4_S3_
FNDA:1143,_ZSt14__copy_move_a2ILb0EN9__gnu_cxx17__normal_iteratorIPKdSt6vectorIdSaIdEEEEPdET1_T0_SA_S9_
FNDA:67,_ZSt14__copy_move_a2ILb0EN9__gnu_cxx17__normal_iteratorIPKiSt6vectorIiSaIiEEEEPiET1_T0_SA_S9_
FNDA:1143,_ZSt4copyIN9__gnu_cxx17__normal_iteratorIPKdSt6vectorIdSaIdEEEEPdET0_T_SA_S9_
FNDA:67,_ZSt4copyIN9__gnu_cxx17__normal_iteratorIPKiSt6vectorIiSaIiEEEEPiET0_T_SA_S9_
FNDA:474,_ZSt10__fill_n_aIPdmdEN9__gnu_cxx11__enable_ifIXsrSt11__is_scalarIT1_E7__valueET_E6__typeES6_T0_RKS4_
FNDA:474,_ZSt6fill_nIPdmdET_S1_T0_RKT1_
FNF:17
FNH:16
DA:187,0
DA:192,0
DA:193,0
DA:194,0
DA:271,4266
DA:272,4266
DA:282,2420
DA:283,2420
DA:362,1291
DA:364,1291
DA:365,1291
DA:366,1291
DA:367,1291
DA:373,1291
DA:381,1291
DA:384,1291
DA:418,1210
DA:422,1210
DA:444,1210
DA:454,1210
DA:740,474
DA:742,474
DA:743,4164
DA:745,3690
DA:746,474
DA:775,474
DA:780,474
LF:27
LH:23
end_of_record
SF:/usr/include/c++/4.7.2/bits/stl_construct.h
FN:76,_ZSt10_ConstructISsIRKSsEEvPT_DpOT0_
FN:76,_ZSt10_ConstructIN8f_config16FeaturePositionsEIRKS1_EEvPT_DpOT0_
FN:94,_ZSt8_DestroyISsEvPT_
FN:94,_ZSt8_DestroyIN8f_config16FeaturePositionsEEvPT_
FN:102,_ZNSt12_Destroy_auxILb0EE9__destroyIPN8f_config16FeaturePositionsEEEvT_S5_
FN:102,_ZNSt12_Destroy_auxILb0EE9__destroyIPSsEEvT_S3_
FN:114,_ZNSt12_Destroy_auxILb1EE9__destroyIPiEEvT_S3_
FN:114,_ZNSt12_Destroy_auxILb1EE9__destroyIPdEEvT_S3_
FN:124,_ZSt8_DestroyIPiEvT_S1_
FN:124,_ZSt8_DestroyIPN8f_config16FeaturePositionsEEvT_S3_
FN:124,_ZSt8_DestroyIPdEvT_S1_
FN:124,_ZSt8_DestroyIPSsEvT_S1_
FN:152,_ZSt8_DestroyIPN8f_config16FeaturePositionsES1_EvT_S3_RSaIT0_E
FN:152,_ZSt8_DestroyIPiiEvT_S1_RSaIT0_E
FN:152,_ZSt8_DestroyIPddEvT_S1_RSaIT0_E
FN:152,_ZSt8_DestroyIPSsSsEvT_S1_RSaIT0_E
FNDA:52,_ZSt10_ConstructIN8f_config16FeaturePositionsEIRKS1_EEvPT_DpOT0_
FNDA:0,_ZSt10_ConstructISsIRKSsEEvPT_DpOT0_
FNDA:70,_ZSt8_DestroyIN8f_config16FeaturePositionsEEvPT_
FNDA:0,_ZSt8_DestroyISsEvPT_
FNDA:90,_ZNSt12_Destroy_auxILb0EE9__destroyIPN8f_config16FeaturePositionsEEEvT_S5_
FNDA:0,_ZNSt12_Destroy_auxILb0EE9__destroyIPSsEEvT_S3_
FNDA:121,_ZNSt12_Destroy_auxILb1EE9__destroyIPiEEvT_S3_
FNDA:3438,_ZNSt12_Destroy_auxILb1EE9__destroyIPdEEvT_S3_
FNDA:121,_ZSt8_DestroyIPiEvT_S1_
FNDA:90,_ZSt8_DestroyIPN8f_config16FeaturePositionsEEvT_S3_
FNDA:3438,_ZSt8_DestroyIPdEvT_S1_
FNDA:0,_ZSt8_DestroyIPSsEvT_S1_
FNDA:121,_ZSt8_DestroyIPiiEvT_S1_RSaIT0_E
FNDA:90,_ZSt8_DestroyIPN8f_config16FeaturePositionsES1_EvT_S3_RSaIT0_E
FNDA:3438,_ZSt8_DestroyIPddEvT_S1_RSaIT0_E
FNDA:0,_ZSt8_DestroyIPSsSsEvT_S1_RSaIT0_E
FNF:16
FNH:11
DA:76,52
DA:77,52
DA:94,70
DA:95,70
DA:102,90
DA:104,160
DA:105,70
DA:106,90
DA:114,3559
DA:124,3649
DA:128,3649
DA:130,3649
DA:152,3649
DA:155,3649
DA:156,3649
LF:15
LH:15
end_of_record
SF:/usr/include/c++/4.7.2/bits/stl_function.h
FN:236,_ZNKSt4lessISsEclERKSsS2_
FN:498,_ZNKSt10_Select1stISt4pairIKSsSt6vectorIdSaIdEEEEclERS5_
FN:498,_ZNKSt10_Select1stISt4pairIKSsdEEclERS2_
FN:502,_ZNKSt10_Select1stISt4pairIKSsSt6vectorIdSaIdEEEEclERKS5_
FN:502,_ZNKSt10_Select1stISt4pairIKSsdEEclERKS2_
FN:502,_ZNKSt10_Select1stISt4pairIKSsN8f_config15FeatureSettingsEEEclERKS4_
FNDA:0,_ZNKSt4lessISsEclERKSsS2_
FNDA:0,_ZNKSt10_Select1stISt4pairIKSsdEEclERS2_
FNDA:680,_ZNKSt10_Select1stISt4pairIKSsSt6vectorIdSaIdEEEEclERS5_
FNDA:34,_ZNKSt10_Select1stISt4pairIKSsN8f_config15FeatureSettingsEEEclERKS4_
FNDA:0,_ZNKSt10_Select1stISt4pairIKSsdEEclERKS2_
FNDA:10816,_ZNKSt10_Select1stISt4pairIKSsSt6vectorIdSaIdEEEEclERKS5_
FNF:6
FNH:3
DA:236,0
DA:237,0
DA:498,680
DA:499,680
DA:502,10850
DA:503,10850
LF:6
LH:4
end_of_record
SF:/usr/include/c++/4.7.2/bits/stl_iterator.h
FN:728,_ZN9__gnu_cxx17__normal_iteratorIPdSt6vectorIdSaIdEEEC2ERKS1_
FN:728,_ZN9__gnu_cxx17__normal_iteratorIPKdSt6vectorIdSaIdEEEC2ERKS2_
FN:728,_ZN9__gnu_cxx17__normal_iteratorIPSsSt6vectorISsSaISsEEEC2ERKS1_
FN:728,_ZN9__gnu_cxx17__normal_iteratorIPKSsSt6vectorISsSaISsEEEC2ERKS2_
FN:728,_ZN9__gnu_cxx17__normal_iteratorIPKiSt6vectorIiSaIiEEEC2ERKS2_
FN:728,_ZN9__gnu_cxx17__normal_iteratorIPKN8f_config16FeaturePositionsESt6vectorIS2_SaIS2_EEEC2ERKS4_
FN:740,_ZNK9__gnu_cxx17__normal_iteratorIPSsSt6vectorISsSaISsEEEdeEv
FN:740,_ZNK9__gnu_cxx17__normal_iteratorIPdSt6vectorIdSaIdEEEdeEv
FN:740,_ZNK9__gnu_cxx17__normal_iteratorIPKSsSt6vectorISsSaISsEEEdeEv
FN:740,_ZNK9__gnu_cxx17__normal_iteratorIPKN8f_config16FeaturePositionsESt6vectorIS2_SaIS2_EEEdeEv
FN:748,_ZN9__gnu_cxx17__normal_iteratorIPdSt6vectorIdSaIdEEEppEv
FN:748,_ZN9__gnu_cxx17__normal_iteratorIPKSsSt6vectorISsSaISsEEEppEv
FN:748,_ZN9__gnu_cxx17__normal_iteratorIPKN8f_config16FeaturePositionsESt6vectorIS2_SaIS2_EEEppEv
FN:748,_ZN9__gnu_cxx17__normal_iteratorIPSsSt6vectorISsSaISsEEEppEv
FN:792,_ZNK9__gnu_cxx17__normal_iteratorIPKiSt6vectorIiSaIiEEE4baseEv
FN:792,_ZNK9__gnu_cxx17__normal_iteratorIPKSsSt6vectorISsSaISsEEE4baseEv
FN:792,_ZNK9__gnu_cxx17__normal_iteratorIPKN8f_config16FeaturePositionsESt6vectorIS2_SaIS2_EEE4baseEv
FN:792,_ZNK9__gnu_cxx17__normal_iteratorIPKdSt6vectorIdSaIdEEE4baseEv
FN:792,_ZNK9__gnu_cxx17__normal_iteratorIPdSt6vectorIdSaIdEEE4baseEv
FN:792,_ZNK9__gnu_cxx17__normal_iteratorIPSsSt6vectorISsSaISsEEE4baseEv
FN:825,_ZN9__gnu_cxxneIPKN8f_config16FeaturePositionsESt6vectorIS2_SaIS2_EEEEbRKNS_17__normal_iteratorIT_T0_EESD_
FN:825,_ZN9__gnu_cxxneIPKSsSt6vectorISsSaISsEEEEbRKNS_17__normal_iteratorIT_T0_EESB_
FN:825,_ZN9__gnu_cxxneIPSsSt6vectorISsSaISsEEEEbRKNS_17__normal_iteratorIT_T0_EESA_
FN:825,_ZN9__gnu_cxxneIPdSt6vectorIdSaIdEEEEbRKNS_17__normal_iteratorIT_T0_EESA_
FNDA:2306,_ZN9__gnu_cxx17__normal_iteratorIPKdSt6vectorIdSaIdEEEC2ERKS2_
FNDA:138,_ZN9__gnu_cxx17__normal_iteratorIPKiSt6vectorIiSaIiEEEC2ERKS2_
FNDA:52,_ZN9__gnu_cxx17__normal_iteratorIPKN8f_config16FeaturePositionsESt6vectorIS2_SaIS2_EEEC2ERKS4_
FNDA:0,_ZN9__gnu_cxx17__normal_iteratorIPKSsSt6vectorISsSaISsEEEC2ERKS2_
FNDA:0,_ZN9__gnu_cxx17__normal_iteratorIPSsSt6vectorISsSaISsEEEC2ERKS1_
FNDA:500,_ZN9__gnu_cxx17__normal_iteratorIPdSt6vectorIdSaIdEEEC2ERKS1_
FNDA:52,_ZNK9__gnu_cxx17__normal_iteratorIPKN8f_config16FeaturePositionsESt6vectorIS2_SaIS2_EEEdeEv
FNDA:0,_ZNK9__gnu_cxx17__normal_iteratorIPKSsSt6vectorISsSaISsEEEdeEv
FNDA:0,_ZNK9__gnu_cxx17__normal_iteratorIPSsSt6vectorISsSaISsEEEdeEv
FNDA:1735,_ZNK9__gnu_cxx17__normal_iteratorIPdSt6vectorIdSaIdEEEdeEv
FNDA:52,_ZN9__gnu_cxx17__normal_iteratorIPKN8f_config16FeaturePositionsESt6vectorIS2_SaIS2_EEEppEv
FNDA:0,_ZN9__gnu_cxx17__normal_iteratorIPKSsSt6vectorISsSaISsEEEppEv
FNDA:0,_ZN9__gnu_cxx17__normal_iteratorIPSsSt6vectorISsSaISsEEEppEv
FNDA:1735,_ZN9__gnu_cxx17__normal_iteratorIPdSt6vectorIdSaIdEEEppEv
FNDA:2346,_ZNK9__gnu_cxx17__normal_iteratorIPKdSt6vectorIdSaIdEEE4baseEv
FNDA:144,_ZNK9__gnu_cxx17__normal_iteratorIPKiSt6vectorIiSaIiEEE4baseEv
FNDA:156,_ZNK9__gnu_cxx17__normal_iteratorIPKN8f_config16FeaturePositionsESt6vectorIS2_SaIS2_EEE4baseEv
FNDA:0,_ZNK9__gnu_cxx17__normal_iteratorIPKSsSt6vectorISsSaISsEEE4baseEv
FNDA:0,_ZNK9__gnu_cxx17__normal_iteratorIPSsSt6vectorISsSaISsEEE4baseEv
FNDA:3970,_ZNK9__gnu_cxx17__normal_iteratorIPdSt6vectorIdSaIdEEE4baseEv
FNDA:78,_ZN9__gnu_cxxneIPKN8f_config16FeaturePositionsESt6vectorIS2_SaIS2_EEEEbRKNS_17__normal_iteratorIT_T0_EESD_
FNDA:0,_ZN9__gnu_cxxneIPKSsSt6vectorISsSaISsEEEEbRKNS_17__normal_iteratorIT_T0_EESB_
FNDA:0,_ZN9__gnu_cxxneIPSsSt6vectorISsSaISsEEEEbRKNS_17__normal_iteratorIT_T0_EESA_
FNDA:1985,_ZN9__gnu_cxxneIPdSt6vectorIdSaIdEEEEbRKNS_17__normal_iteratorIT_T0_EESA_
FNF:24
FNH:14
DA:728,2996
DA:740,1787
DA:741,1787
DA:748,1787
DA:750,1787
DA:751,1787
DA:792,6616
DA:793,6616
DA:825,2063
DA:827,2063
LF:10
LH:10
end_of_record
SF:/usr/include/c++/4.7.2/bits/stl_iterator_base_funcs.h
FN:90,_ZSt10__distanceIPcENSt15iterator_traitsIT_E15difference_typeES2_S2_St26random_access_iterator_tag
FN:114,_ZSt8distanceIPcENSt15iterator_traitsIT_E15difference_typeES2_S2_
FNDA:0,_ZSt10__distanceIPcENSt15iterator_traitsIT_E15difference_typeES2_S2_St26random_access_iterator_tag
FNDA:0,_ZSt8distanceIPcENSt15iterator_traitsIT_E15difference_typeES2_S2_
FNF:2
FNH:0
DA:90,0
DA:96,0
DA:114,0
DA:118,0
LF:4
LH:0
end_of_record
SF:/usr/include/c++/4.7.2/bits/stl_iterator_base_types.h
FN:202,_ZSt19__iterator_categoryIPcENSt15iterator_traitsIT_E17iterator_categoryERKS2_
FN:213,_ZNSt10_Iter_baseIN9__gnu_cxx17__normal_iteratorIPKiSt6vectorIiSaIiEEEELb0EE7_S_baseES7_
FN:213,_ZNSt10_Iter_baseIN9__gnu_cxx17__normal_iteratorIPKdSt6vectorIdSaIdEEEELb0EE7_S_baseES7_
FN:213,_ZNSt10_Iter_baseIPiLb0EE7_S_baseES0_
FN:213,_ZNSt10_Iter_baseIPdLb0EE7_S_baseES0_
FN:221,_ZNSt10_Iter_baseIN9__gnu_cxx17__normal_iteratorIPKiSt6vectorIiSaIiEEEELb1EE7_S_baseES7_
FN:221,_ZNSt10_Iter_baseIN9__gnu_cxx17__normal_iteratorIPKdSt6vectorIdSaIdEEEELb1EE7_S_baseES7_
FNDA:0,_ZSt19__iterator_categoryIPcENSt15iterator_traitsIT_E17iterator_categoryERKS2_
FNDA:2286,_ZNSt10_Iter_baseIN9__gnu_cxx17__normal_iteratorIPKdSt6vectorIdSaIdEEEELb0EE7_S_baseES7_
FNDA:148,_ZNSt10_Iter_baseIPiLb0EE7_S_baseES0_
FNDA:134,_ZNSt10_Iter_baseIN9__gnu_cxx17__normal_iteratorIPKiSt6vectorIiSaIiEEEELb0EE7_S_baseES7_
FNDA:1698,_ZNSt10_Iter_baseIPdLb0EE7_S_baseES0_
FNDA:2286,_ZNSt10_Iter_baseIN9__gnu_cxx17__normal_iteratorIPKdSt6vectorIdSaIdEEEELb1EE7_S_baseES7_
FNDA:134,_ZNSt10_Iter_baseIN9__gnu_cxx17__normal_iteratorIPKiSt6vectorIiSaIiEEEELb1EE7_S_baseES7_
FNF:7
FNH:6
DA:202,0
DA:203,0
DA:213,4266
DA:214,4266
DA:221,2420
DA:222,2420
LF:6
LH:4
end_of_record
SF:/usr/include/c++/4.7.2/bits/stl_map.h
FN:90,_ZNSt3mapISsSt6vectorIdSaIdEESt4lessISsESaISt4pairIKSsS2_EEED2Ev
FN:90,_ZNSt3mapISsdSt4lessISsESaISt4pairIKSsdEEED2Ev
FN:154,_ZNSt3mapISsSt6vectorIdSaIdEESt4lessISsESaISt4pairIKSsS2_EEEC2Ev
FN:174,_ZNSt3mapISsdSt4lessISsESaISt4pairIKSsdEEEC2ERKS6_
FN:174,_ZNSt3mapISsSt6vectorIdSaIdEESt4lessISsESaISt4pairIKSsS2_EEEC2ERKS9_
FN:258,_ZNSt3mapISsSt6vectorIdSaIdEESt4lessISsESaISt4pairIKSsS2_EEEaSERKS9_
FN:273,_ZNSt3mapISsSt6vectorIdSaIdEESt4lessISsESaISt4pairIKSsS2_EEEaSEOS9_
FN:314,_ZNSt3mapISsSt6vectorIdSaIdEESt4lessISsESaISt4pairIKSsS2_EEE5beginEv
FN:332,_ZNSt3mapISsdSt4lessISsESaISt4pairIKSsdEEE3endEv
FN:332,_ZNSt3mapISsSt6vectorIdSaIdEESt4lessISsESaISt4pairIKSsS2_EEE3endEv
FN:341,_ZNKSt3mapISsSt6vectorIdSaIdEESt4lessISsESaISt4pairIKSsS2_EEE3endEv
FN:341,_ZNKSt3mapISsN8f_config15FeatureSettingsESt4lessISsESaISt4pairIKSsS1_EEE3endEv
FN:450,_ZNSt3mapISsdSt4lessISsESaISt4pairIKSsdEEEixERS3_
FN:450,_ZNSt3mapISsSt6vectorIdSaIdEESt4lessISsESaISt4pairIKSsS2_EEEixERS6_
FN:496,_ZNKSt3mapISsN8f_config15FeatureSettingsESt4lessISsESaISt4pairIKSsS1_EEE2atERS5_
FN:496,_ZNKSt3mapISsSt6vectorIdSaIdEESt4lessISsESaISt4pairIKSsS2_EEE2atERS6_
FN:583,_ZNSt3mapISsdSt4lessISsESaISt4pairIKSsdEEE6insertIS4_vEESt17_Rb_tree_iteratorIS4_ESt23_Rb_tree_const_iteratorIS4_EOT_
FN:583,_ZNSt3mapISsSt6vectorIdSaIdEESt4lessISsESaISt4pairIKSsS2_EEE6insertIS7_vEESt17_Rb_tree_iteratorIS7_ESt23_Rb_tree_const_iteratorIS7_EOT_
FN:705,_ZNSt3mapISsSt6vectorIdSaIdEESt4lessISsESaISt4pairIKSsS2_EEE4swapERS9_
FN:715,_ZNSt3mapISsSt6vectorIdSaIdEESt4lessISsESaISt4pairIKSsS2_EEE5clearEv
FN:724,_ZNKSt3mapISsSt6vectorIdSaIdEESt4lessISsESaISt4pairIKSsS2_EEE8key_compEv
FN:724,_ZNKSt3mapISsN8f_config15FeatureSettingsESt4lessISsESaISt4pairIKSsS1_EEE8key_compEv
FN:724,_ZNKSt3mapISsdSt4lessISsESaISt4pairIKSsdEEE8key_compEv
FN:748,_ZNSt3mapISsSt6vectorIdSaIdEESt4lessISsESaISt4pairIKSsS2_EEE4findERS6_
FN:790,_ZNSt3mapISsSt6vectorIdSaIdEESt4lessISsESaISt4pairIKSsS2_EEE11lower_boundERS6_
FN:790,_ZNSt3mapISsdSt4lessISsESaISt4pairIKSsdEEE11lower_boundERS3_
FN:805,_ZNKSt3mapISsN8f_config15FeatureSettingsESt4lessISsESaISt4pairIKSsS1_EEE11lower_boundERS5_
FN:805,_ZNKSt3mapISsSt6vectorIdSaIdEESt4lessISsESaISt4pairIKSsS2_EEE11lower_boundERS6_
FNDA:18,_ZNSt3mapISsSt6vectorIdSaIdEESt4lessISsESaISt4pairIKSsS2_EEED2Ev
FNDA:0,_ZNSt3mapISsdSt4lessISsESaISt4pairIKSsdEEED2Ev
FNDA:17,_ZNSt3mapISsSt6vectorIdSaIdEESt4lessISsESaISt4pairIKSsS2_EEEC2Ev
FNDA:1,_ZNSt3mapISsSt6vectorIdSaIdEESt4lessISsESaISt4pairIKSsS2_EEEC2ERKS9_
FNDA:6,_ZNSt3mapISsdSt4lessISsESaISt4pairIKSsdEEEC2ERKS6_
FNDA:5,_ZNSt3mapISsSt6vectorIdSaIdEESt4lessISsESaISt4pairIKSsS2_EEEaSERKS9_
FNDA:5,_ZNSt3mapISsSt6vectorIdSaIdEESt4lessISsESaISt4pairIKSsS2_EEEaSEOS9_
FNDA:1028,_ZNSt3mapISsSt6vectorIdSaIdEESt4lessISsESaISt4pairIKSsS2_EEE5beginEv
FNDA:0,_ZNSt3mapISsdSt4lessISsESaISt4pairIKSsdEEE3endEv
FNDA:33162,_ZNSt3mapISsSt6vectorIdSaIdEESt4lessISsESaISt4pairIKSsS2_EEE3endEv
FNDA:27,_ZNKSt3mapISsSt6vectorIdSaIdEESt4lessISsESaISt4pairIKSsS2_EEE3endEv
FNDA:2,_ZNKSt3mapISsN8f_config15FeatureSettingsESt4lessISsESaISt4pairIKSsS1_EEE3endEv
FNDA:12,_ZNSt3mapISsdSt4lessISsESaISt4pairIKSsdEEEixERS3_
FNDA:1818,_ZNSt3mapISsSt6vectorIdSaIdEESt4lessISsESaISt4pairIKSsS2_EEEixERS6_
FNDA:27,_ZNKSt3mapISsSt6vectorIdSaIdEESt4lessISsESaISt4pairIKSsS2_EEE2atERS6_
FNDA:0,_ZNKSt3mapISsN8f_config15FeatureSettingsESt4lessISsESaISt4pairIKSsS1_EEE2atERS5_
FNDA:0,_ZNSt3mapISsdSt4lessISsESaISt4pairIKSsdEEE6insertIS4_vEESt17_Rb_tree_iteratorIS4_ESt23_Rb_tree_const_iteratorIS4_EOT_
FNDA:300,_ZNSt3mapISsSt6vectorIdSaIdEESt4lessISsESaISt4pairIKSsS2_EEE6insertIS7_vEESt17_Rb_tree_iteratorIS7_ESt23_Rb_tree_const_iteratorIS7_EOT_
FNDA:5,_ZNSt3mapISsSt6vectorIdSaIdEESt4lessISsESaISt4pairIKSsS2_EEE4swapERS9_
FNDA:6,_ZNSt3mapISsSt6vectorIdSaIdEESt4lessISsESaISt4pairIKSsS2_EEE5clearEv
FNDA:0,_ZNKSt3mapISsdSt4lessISsESaISt4pairIKSsdEEE8key_compEv
FNDA:5,_ZNKSt3mapISsN8f_config15FeatureSettingsESt4lessISsESaISt4pairIKSsS1_EEE8key_compEv
FNDA:1795,_ZNKSt3mapISsSt6vectorIdSaIdEESt4lessISsESaISt4pairIKSsS2_EEE8key_compEv
FNDA:29,_ZNSt3mapISsSt6vectorIdSaIdEESt4lessISsESaISt4pairIKSsS2_EEE4findERS6_
FNDA:0,_ZNSt3mapISsdSt4lessISsESaISt4pairIKSsdEEE11lower_boundERS3_
FNDA:1818,_ZNSt3mapISsSt6vectorIdSaIdEESt4lessISsESaISt4pairIKSsS2_EEE11lower_boundERS6_
FNDA:27,_ZNKSt3mapISsSt6vectorIdSaIdEESt4lessISsESaISt4pairIKSsS2_EEE11lower_boundERS6_
FNDA:0,_ZNKSt3mapISsN8f_config15FeatureSettingsESt4lessISsESaISt4pairIKSsS1_EEE11lower_boundERS5_
FNF:28
FNH:21
DA:90,18
DA:154,17
DA:155,17
DA:174,7
DA:175,7
DA:258,5
DA:260,5
DA:261,5
DA:273,5
DA:277,5
DA:278,5
DA:279,5
DA:314,1028
DA:315,1028
DA:332,33162
DA:333,33162
DA:341,29
DA:342,29
DA:450,1830
DA:455,1830
DA:457,1830
DA:458,300
DA:459,1830
DA:496,27
DA:498,27
DA:499,27
DA:500,0
DA:501,27
DA:583,300
DA:585,300
DA:705,5
DA:706,5
DA:715,6
DA:716,6
DA:724,1800
DA:725,1800
DA:748,29
DA:749,29
DA:790,1818
DA:791,1818
DA:805,27
DA:806,27
LF:42
LH:41
end_of_record
SF:/usr/include/c++/4.7.2/bits/stl_pair.h
FN:88,_ZNSt4pairIKSsdED2Ev
FN:88,_ZNSt4pairIKSsSt6vectorIdSaIdEEED2Ev
FN:119,_ZNSt4pairIKSsdEC2ERKS1_
FN:119,_ZNSt4pairIKSsSt6vectorIdSaIdEEEC2ERKS4_
FN:120,_ZNSt4pairIKSsSt6vectorIdSaIdEEEC2EOS4_
FN:120,_ZNSt4pairIKSsdEC2EOS1_
FN:130,_ZNSt4pairIKSsSt6vectorIdSaIdEEEC2IS3_vEERS0_OT_
FN:130,_ZNSt4pairIKSsdEC2IdvEERS0_OT_
FN:136,_ZNSt4pairISt17_Rb_tree_iteratorIS_IKSsSt6vectorIdSaIdEEEEbEC2IRS6_bvEEOT_OT0_
FN:136,_ZNSt4pairISt17_Rb_tree_iteratorIS_IKSsdEEbEC2IRS3_bvEEOT_OT0_
FN:136,_ZNSt4pairISt17_Rb_tree_iteratorIS_IKSsSt6vectorIdSaIdEEEEbEC2IS6_bvEEOT_OT0_
FN:136,_ZNSt4pairISt17_Rb_tree_iteratorIS_IKSsdEEbEC2IS3_bvEEOT_OT0_
FNDA:0,_ZNSt4pairIKSsdED2Ev
FNDA:852,_ZNSt4pairIKSsSt6vectorIdSaIdEEED2Ev
FNDA:218,_ZNSt4pairIKSsSt6vectorIdSaIdEEEC2ERKS4_
FNDA:9,_ZNSt4pairIKSsdEC2ERKS1_
FNDA:0,_ZNSt4pairIKSsdEC2EOS1_
FNDA:300,_ZNSt4pairIKSsSt6vectorIdSaIdEEEC2EOS4_
FNDA:0,_ZNSt4pairIKSsdEC2IdvEERS0_OT_
FNDA:300,_ZNSt4pairIKSsSt6vectorIdSaIdEEEC2IS3_vEERS0_OT_
FNDA:0,_ZNSt4pairISt17_Rb_tree_iteratorIS_IKSsdEEbEC2IRS3_bvEEOT_OT0_
FNDA:0,_ZNSt4pairISt17_Rb_tree_iteratorIS_IKSsdEEbEC2IS3_bvEEOT_OT0_
FNDA:0,_ZNSt4pairISt17_Rb_tree_iteratorIS_IKSsSt6vectorIdSaIdEEEEbEC2IRS6_bvEEOT_OT0_
FNDA:40,_ZNSt4pairISt17_Rb_tree_iteratorIS_IKSsSt6vectorIdSaIdEEEEbEC2IS6_bvEEOT_OT0_
FNF:12
FNH:6
DA:88,852
DA:119,227
DA:120,300
DA:130,300
DA:131,300
DA:136,40
DA:137,40
LF:7
LH:7
end_of_record
SF:/usr/include/c++/4.7.2/bits/stl_tree.h
FN:101,_ZNSt18_Rb_tree_node_base10_S_minimumEPS_
FN:115,_ZNSt18_Rb_tree_node_base10_S_maximumEPS_
FN:130,_ZNSt13_Rb_tree_nodeISt4pairIKSsdEED2Ev
FN:130,_ZNSt13_Rb_tree_nodeISt4pairIKSsSt6vectorIdSaIdEEEED2Ev
FN:137,_ZNSt13_Rb_tree_nodeISt4pairIKSsdEEC2IIS2_EEEDpOT_
FN:137,_ZNSt13_Rb_tree_nodeISt4pairIKSsSt6vectorIdSaIdEEEEC2IIS5_EEEDpOT_
FN:137,_ZNSt13_Rb_tree_nodeISt4pairIKSsSt6vectorIdSaIdEEEEC2IIRKS5_EEEDpOT_
FN:137,_ZNSt13_Rb_tree_nodeISt4pairIKSsdEEC2IIRKS2_EEEDpOT_
FN:173,_ZNSt17_Rb_tree_iteratorISt4pairIKSsdEEC2EPSt13_Rb_tree_nodeIS2_E
FN:173,_ZNSt17_Rb_tree_iteratorISt4pairIKSsSt6vectorIdSaIdEEEEC2EPSt13_Rb_tree_nodeIS5_E
FN:177,_ZNKSt17_Rb_tree_iteratorISt4pairIKSsSt6vectorIdSaIdEEEEdeEv
FN:177,_ZNKSt17_Rb_tree_iteratorISt4pairIKSsdEEdeEv
FN:181,_ZNKSt17_Rb_tree_iteratorISt4pairIKSsSt6vectorIdSaIdEEEEptEv
FN:186,_ZNSt17_Rb_tree_iteratorISt4pairIKSsSt6vectorIdSaIdEEEEppEv
FN:201,_ZNSt17_Rb_tree_iteratorISt4pairIKSsdEEmmEv
FN:201,_ZNSt17_Rb_tree_iteratorISt4pairIKSsSt6vectorIdSaIdEEEEmmEv
FN:216,_ZNKSt17_Rb_tree_iteratorISt4pairIKSsSt6vectorIdSaIdEEEEeqERKS6_
FN:216,_ZNKSt17_Rb_tree_iteratorISt4pairIKSsdEEeqERKS3_
FN:220,_ZNKSt17_Rb_tree_iteratorISt4pairIKSsSt6vectorIdSaIdEEEEneERKS6_
FN:246,_ZNSt23_Rb_tree_const_iteratorISt4pairIKSsSt6vectorIdSaIdEEEEC2EPKSt13_Rb_tree_nodeIS5_E
FN:246,_ZNSt23_Rb_tree_const_iteratorISt4pairIKSsN8f_config15FeatureSettingsEEEC2EPKSt13_Rb_tree_nodeIS4_E
FN:249,_ZNSt23_Rb_tree_const_iteratorISt4pairIKSsdEEC2ERKSt17_Rb_tree_iteratorIS2_E
FN:249,_ZNSt23_Rb_tree_const_iteratorISt4pairIKSsSt6vectorIdSaIdEEEEC2ERKSt17_Rb_tree_iteratorIS5_E
FN:253,_ZNKSt23_Rb_tree_const_iteratorISt4pairIKSsSt6vectorIdSaIdEEEE13_M_const_castEv
FN:253,_ZNKSt23_Rb_tree_const_iteratorISt4pairIKSsdEE13_M_const_castEv
FN:258,_ZNKSt23_Rb_tree_const_iteratorISt4pairIKSsN8f_config15FeatureSettingsEEEdeEv
FN:258,_ZNKSt23_Rb_tree_const_iteratorISt4pairIKSsSt6vectorIdSaIdEEEEdeEv
FN:267,_ZNSt23_Rb_tree_const_iteratorISt4pairIKSsdEEppEv
FN:267,_ZNSt23_Rb_tree_const_iteratorISt4pairIKSsSt6vectorIdSaIdEEEEppEv
FN:282,_ZNSt23_Rb_tree_const_iteratorISt4pairIKSsSt6vectorIdSaIdEEEEmmEv
FN:282,_ZNSt23_Rb_tree_const_iteratorISt4pairIKSsdEEmmEv
FN:297,_ZNKSt23_Rb_tree_const_iteratorISt4pairIKSsSt6vectorIdSaIdEEEEeqERKS6_
FN:297,_ZNKSt23_Rb_tree_const_iteratorISt4pairIKSsN8f_config15FeatureSettingsEEEeqERKS5_
FN:355,_ZNSt8_Rb_treeISsSt4pairIKSsdESt10_Select1stIS2_ESt4lessISsESaIS2_EE21_M_get_Node_allocatorEv
FN:355,_ZNSt8_Rb_treeISsSt4pairIKSsSt6vectorIdSaIdEEESt10_Select1stIS5_ESt4lessISsESaIS5_EE21_M_get_Node_allocatorEv
FN:359,_ZNKSt8_Rb_treeISsSt4pairIKSsSt6vectorIdSaIdEEESt10_Select1stIS5_ESt4lessISsESaIS5_EE21_M_get_Node_allocatorEv
FN:359,_ZNKSt8_Rb_treeISsSt4pairIKSsdESt10_Select1stIS2_ESt4lessISsESaIS2_EE21_M_get_Node_allocatorEv
FN:368,_ZNSt8_Rb_treeISsSt4pairIKSsdESt10_Select1stIS2_ESt4lessISsESaIS2_EE11_M_get_nodeEv
FN:368,_ZNSt8_Rb_treeISsSt4pairIKSsSt6vectorIdSaIdEEESt10_Select1stIS5_ESt4lessISsESaIS5_EE11_M_get_nodeEv
FN:372,_ZNSt8_Rb_treeISsSt4pairIKSsdESt10_Select1stIS2_ESt4lessISsESaIS2_EE11_M_put_nodeEPSt13_Rb_tree_nodeIS2_E
FN:372,_ZNSt8_Rb_treeISsSt4pairIKSsSt6vectorIdSaIdEEESt10_Select1stIS5_ESt4lessISsESaIS5_EE11_M_put_nodeEPSt13_Rb_tree_nodeIS5_E
FN:400,_ZNSt8_Rb_treeISsSt4pairIKSsSt6vectorIdSaIdEEESt10_Select1stIS5_ESt4lessISsESaIS5_EE14_M_create_nodeIIRKS5_EEEPSt13_Rb_tree_nodeIS5_EDpOT_
FN:400,_ZNSt8_Rb_treeISsSt4pairIKSsdESt10_Select1stIS2_ESt4lessISsESaIS2_EE14_M_create_nodeIIS2_EEEPSt13_Rb_tree_nodeIS2_EDpOT_
FN:400,_ZNSt8_Rb_treeISsSt4pairIKSsdESt10_Select1stIS2_ESt4lessISsESaIS2_EE14_M_create_nodeIIRKS2_EEEPSt13_Rb_tree_nodeIS2_EDpOT_
FN:400,_ZNSt8_Rb_treeISsSt4pairIKSsSt6vectorIdSaIdEEESt10_Select1stIS5_ESt4lessISsESaIS5_EE14_M_create_nodeIIS5_EEEPSt13_Rb_tree_nodeIS5_EDpOT_
FN:417,_ZNSt8_Rb_treeISsSt4pairIKSsSt6vectorIdSaIdEEESt10_Select1stIS5_ESt4lessISsESaIS5_EE15_M_destroy_nodeEPSt13_Rb_tree_nodeIS5_E
FN:417,_ZNSt8_Rb_treeISsSt4pairIKSsdESt10_Select1stIS2_ESt4lessISsESaIS2_EE15_M_destroy_nodeEPSt13_Rb_tree_nodeIS2_E
FN:425,_ZNSt8_Rb_treeISsSt4pairIKSsdESt10_Select1stIS2_ESt4lessISsESaIS2_EE13_M_clone_nodeEPKSt13_Rb_tree_nodeIS2_E
FN:425,_ZNSt8_Rb_treeISsSt4pairIKSsSt6vectorIdSaIdEEESt10_Select1stIS5_ESt4lessISsESaIS5_EE13_M_clone_nodeEPKSt13_Rb_tree_nodeIS5_E
FN:437,_ZNSt8_Rb_treeISsSt4pairIKSsSt6vectorIdSaIdEEESt10_Select1stIS5_ESt4lessISsESaIS5_EE13_Rb_tree_implIS9_Lb1EED2Ev
FN:437,_ZNSt8_Rb_treeISsSt4pairIKSsdESt10_Select1stIS2_ESt4lessISsESaIS2_EE13_Rb_tree_implIS6_Lb1EED2Ev
FN:443,_ZNSt8_Rb_treeISsSt4pairIKSsSt6vectorIdSaIdEEESt10_Select1stIS5_ESt4lessISsESaIS5_EE13_Rb_tree_implIS9_Lb1EEC2Ev
FN:448,_ZNSt8_Rb_treeISsSt4pairIKSsdESt10_Select1stIS2_ESt4lessISsESaIS2_EE13_Rb_tree_implIS6_Lb1EEC2ERKS6_RKSaISt13_Rb_tree_nodeIS2_EE
FN:448,_ZNSt8_Rb_treeISsSt4pairIKSsSt6vectorIdSaIdEEESt10_Select1stIS5_ESt4lessISsESaIS5_EE13_Rb_tree_implIS9_Lb1EEC2ERKS9_RKSaISt13_Rb_tree_nodeIS5_EE
FN:462,_ZNSt8_Rb_treeISsSt4pairIKSsSt6vectorIdSaIdEEESt10_Select1stIS5_ESt4lessISsESaIS5_EE13_Rb_tree_implIS9_Lb1EE13_M_initializeEv
FN:462,_ZNSt8_Rb_treeISsSt4pairIKSsdESt10_Select1stIS2_ESt4lessISsESaIS2_EE13_Rb_tree_implIS6_Lb1EE13_M_initializeEv
FN:475,_ZNSt8_Rb_treeISsSt4pairIKSsdESt10_Select1stIS2_ESt4lessISsESaIS2_EE7_M_rootEv
FN:475,_ZNSt8_Rb_treeISsSt4pairIKSsSt6vectorIdSaIdEEESt10_Select1stIS5_ESt4lessISsESaIS5_EE7_M_rootEv
FN:479,_ZNKSt8_Rb_treeISsSt4pairIKSsdESt10_Select1stIS2_ESt4lessISsESaIS2_EE7_M_rootEv
FN:479,_ZNKSt8_Rb_treeISsSt4pairIKSsSt6vectorIdSaIdEEESt10_Select1stIS5_ESt4lessISsESaIS5_EE7_M_rootEv
FN:483,_ZNSt8_Rb_treeISsSt4pairIKSsdESt10_Select1stIS2_ESt4lessISsESaIS2_EE11_M_leftmostEv
FN:483,_ZNSt8_Rb_treeISsSt4pairIKSsSt6vectorIdSaIdEEESt10_Select1stIS5_ESt4lessISsESaIS5_EE11_M_leftmostEv
FN:491,_ZNSt8_Rb_treeISsSt4pairIKSsSt6vectorIdSaIdEEESt10_Select1stIS5_ESt4lessISsESaIS5_EE12_M_rightmostEv
FN:491,_ZNSt8_Rb_treeISsSt4pairIKSsdESt10_Select1stIS2_ESt4lessISsESaIS2_EE12_M_rightmostEv
FN:499,_ZNSt8_Rb_treeISsSt4pairIKSsSt6vectorIdSaIdEEESt10_Select1stIS5_ESt4lessISsESaIS5_EE8_M_beginEv
FN:499,_ZNSt8_Rb_treeISsSt4pairIKSsdESt10_Select1stIS2_ESt4lessISsESaIS2_EE8_M_beginEv
FN:503,_ZNKSt8_Rb_treeISsSt4pairIKSsSt6vectorIdSaIdEEESt10_Select1stIS5_ESt4lessISsESaIS5_EE8_M_beginEv
FN:503,_ZNKSt8_Rb_treeISsSt4pairIKSsN8f_config15FeatureSettingsEESt10_Select1stIS4_ESt4lessISsESaIS4_EE8_M_beginEv
FN:503,_ZNKSt8_Rb_treeISsSt4pairIKSsdESt10_Select1stIS2_ESt4lessISsESaIS2_EE8_M_beginEv
FN:510,_ZNSt8_Rb_treeISsSt4pairIKSsSt6vectorIdSaIdEEESt10_Select1stIS5_ESt4lessISsESaIS5_EE6_M_endEv
FN:510,_ZNSt8_Rb_treeISsSt4pairIKSsdESt10_Select1stIS2_ESt4lessISsESaIS2_EE6_M_endEv
FN:514,_ZNKSt8_Rb_treeISsSt4pairIKSsSt6vectorIdSaIdEEESt10_Select1stIS5_ESt4lessISsESaIS5_EE6_M_endEv
FN:514,_ZNKSt8_Rb_treeISsSt4pairIKSsN8f_config15FeatureSettingsEESt10_Select1stIS4_ESt4lessISsESaIS4_EE6_M_endEv
FN:518,_ZNSt8_Rb_treeISsSt4pairIKSsN8f_config15FeatureSettingsEESt10_Select1stIS4_ESt4lessISsESaIS4_EE8_S_valueEPKSt13_Rb_tree_nodeIS4_E
FN:518,_ZNSt8_Rb_treeISsSt4pairIKSsSt6vectorIdSaIdEEESt10_Select1stIS5_ESt4lessISsESaIS5_EE8_S_valueEPKSt13_Rb_tree_nodeIS5_E
FN:518,_ZNSt8_Rb_treeISsSt4pairIKSsdESt10_Select1stIS2_ESt4lessISsESaIS2_EE8_S_valueEPKSt13_Rb_tree_nodeIS2_E
FN:522,_ZNSt8_Rb_treeISsSt4pairIKSsdESt10_Select1stIS2_ESt4lessISsESaIS2_EE6_S_keyEPKSt13_Rb_tree_nodeIS2_E
FN:522,_ZNSt8_Rb_treeISsSt4pairIKSsSt6vectorIdSaIdEEESt10_Select1stIS5_ESt4lessISsESaIS5_EE6_S_keyEPKSt13_Rb_tree_nodeIS5_E
FN:522,_ZNSt8_Rb_treeISsSt4pairIKSsN8f_config15FeatureSettingsEESt10_Select1stIS4_ESt4lessISsESaIS4_EE6_S_keyEPKSt13_Rb_tree_nodeIS4_E
FN:526,_ZNSt8_Rb_treeISsSt4pairIKSsSt6vectorIdSaIdEEESt10_Select1stIS5_ESt4lessISsESaIS5_EE7_S_leftEPSt18_Rb_tree_node_base
FN:526,_ZNSt8_Rb_treeISsSt4pairIKSsdESt10_Select1stIS2_ESt4lessISsESaIS2_EE7_S_leftEPSt18_Rb_tree_node_base
FN:530,_ZNSt8_Rb_treeISsSt4pairIKSsSt6vectorIdSaIdEEESt10_Select1stIS5_ESt4lessISsESaIS5_EE7_S_leftEPKSt18_Rb_tree_node_base
FN:530,_ZNSt8_Rb_treeISsSt4pairIKSsN8f_config15FeatureSettingsEESt10_Select1stIS4_ESt4lessISsESaIS4_EE7_S_leftEPKSt18_Rb_tree_node_base
FN:530,_ZNSt8_Rb_treeISsSt4pairIKSsdESt10_Select1stIS2_ESt4lessISsESaIS2_EE7_S_leftEPKSt18_Rb_tree_node_base
FN:534,_ZNSt8_Rb_treeISsSt4pairIKSsdESt10_Select1stIS2_ESt4lessISsESaIS2_EE8_S_rightEPSt18_Rb_tree_node_base
FN:534,_ZNSt8_Rb_treeISsSt4pairIKSsSt6vectorIdSaIdEEESt10_Select1stIS5_ESt4lessISsESaIS5_EE8_S_rightEPSt18_Rb_tree_node_base
FN:538,_ZNSt8_Rb_treeISsSt4pairIKSsN8f_config15FeatureSettingsEESt10_Select1stIS4_ESt4lessISsESaIS4_EE8_S_rightEPKSt18_Rb_tree_node_base
FN:538,_ZNSt8_Rb_treeISsSt4pairIKSsSt6vectorIdSaIdEEESt10_Select1stIS5_ESt4lessISsESaIS5_EE8_S_rightEPKSt18_Rb_tree_node_base
FN:538,_ZNSt8_Rb_treeISsSt4pairIKSsdESt10_Select1stIS2_ESt4lessISsESaIS2_EE8_S_rightEPKSt18_Rb_tree_node_base
FN:542,_ZNSt8_Rb_treeISsSt4pairIKSsdESt10_Select1stIS2_ESt4lessISsESaIS2_EE8_S_valueEPKSt18_Rb_tree_node_base
FN:542,_ZNSt8_Rb_treeISsSt4pairIKSsSt6vectorIdSaIdEEESt10_Select1stIS5_ESt4lessISsESaIS5_EE8_S_valueEPKSt18_Rb_tree_node_base
FN:546,_ZNSt8_Rb_treeISsSt4pairIKSsSt6vectorIdSaIdEEESt10_Select1stIS5_ESt4lessISsESaIS5_EE6_S_keyEPKSt18_Rb_tree_node_base
FN:546,_ZNSt8_Rb_treeISsSt4pairIKSsdESt10_Select1stIS2_ESt4lessISsESaIS2_EE6_S_keyEPKSt18_Rb_tree_node_base
FN:550,_ZNSt8_Rb_treeISsSt4pairIKSsSt6vectorIdSaIdEEESt10_Select1stIS5_ESt4lessISsESaIS5_EE10_S_minimumEPSt18_Rb_tree_node_base
FN:550,_ZNSt8_Rb_treeISsSt4pairIKSsdESt10_Select1stIS2_ESt4lessISsESaIS2_EE10_S_minimumEPSt18_Rb_tree_node_base
FN:558,_ZNSt8_Rb_treeISsSt4pairIKSsdESt10_Select1stIS2_ESt4lessISsESaIS2_EE10_S_maximumEPSt18_Rb_tree_node_base
FN:558,_ZNSt8_Rb_treeISsSt4pairIKSsSt6vectorIdSaIdEEESt10_Select1stIS5_ESt4lessISsESaIS5_EE10_S_maximumEPSt18_Rb_tree_node_base
FN:623,_ZNSt8_Rb_treeISsSt4pairIKSsSt6vectorIdSaIdEEESt10_Select1stIS5_ESt4lessISsESaIS5_EEC2Ev
FN:629,_ZNSt8_Rb_treeISsSt4pairIKSsdESt10_Select1stIS2_ESt4lessISsESaIS2_EEC2ERKS8_
FN:629,_ZNSt8_Rb_treeISsSt4pairIKSsSt6vectorIdSaIdEEESt10_Select1stIS5_ESt4lessISsESaIS5_EEC2ERKSB_
FN:645,_ZNSt8_Rb_treeISsSt4pairIKSsdESt10_Select1stIS2_ESt4lessISsESaIS2_EED2Ev
FN:645,_ZNSt8_Rb_treeISsSt4pairIKSsSt6vectorIdSaIdEEESt10_Select1stIS5_ESt4lessISsESaIS5_EED2Ev
FN:653,_ZNKSt8_Rb_treeISsSt4pairIKSsdESt10_Select1stIS2_ESt4lessISsESaIS2_EE8key_compEv
FN:653,_ZNKSt8_Rb_treeISsSt4pairIKSsN8f_config15FeatureSettingsEESt10_Select1stIS4_ESt4lessISsESaIS4_EE8key_compEv
FN:653,_ZNKSt8_Rb_treeISsSt4pairIKSsSt6vectorIdSaIdEEESt10_Select1stIS5_ESt4lessISsESaIS5_EE8key_compEv
FN:657,_ZNSt8_Rb_treeISsSt4pairIKSsdESt10_Select1stIS2_ESt4lessISsESaIS2_EE5beginEv
FN:657,_ZNSt8_Rb_treeISsSt4pairIKSsSt6vectorIdSaIdEEESt10_Select1stIS5_ESt4lessISsESaIS5_EE5beginEv
FN:671,_ZNSt8_Rb_treeISsSt4pairIKSsdESt10_Select1stIS2_ESt4lessISsESaIS2_EE3endEv
FN:671,_ZNSt8_Rb_treeISsSt4pairIKSsSt6vectorIdSaIdEEESt10_Select1stIS5_ESt4lessISsESaIS5_EE3endEv
FN:675,_ZNKSt8_Rb_treeISsSt4pairIKSsN8f_config15FeatureSettingsEESt10_Select1stIS4_ESt4lessISsESaIS4_EE3endEv
FN:675,_ZNKSt8_Rb_treeISsSt4pairIKSsSt6vectorIdSaIdEEESt10_Select1stIS5_ESt4lessISsESaIS5_EE3endEv
FN:702,_ZNKSt8_Rb_treeISsSt4pairIKSsSt6vectorIdSaIdEEESt10_Select1stIS5_ESt4lessISsESaIS5_EE4sizeEv
FN:702,_ZNKSt8_Rb_treeISsSt4pairIKSsdESt10_Select1stIS2_ESt4lessISsESaIS2_EE4sizeEv
FN:814,_ZNSt8_Rb_treeISsSt4pairIKSsSt6vectorIdSaIdEEESt10_Select1stIS5_ESt4lessISsESaIS5_EE5clearEv
FN:834,_ZNSt8_Rb_treeISsSt4pairIKSsdESt10_Select1stIS2_ESt4lessISsESaIS2_EE11lower_boundERS1_
FN:834,_ZNSt8_Rb_treeISsSt4pairIKSsSt6vectorIdSaIdEEESt10_Select1stIS5_ESt4lessISsESaIS5_EE11lower_boundERS1_
FN:838,_ZNKSt8_Rb_treeISsSt4pairIKSsN8f_config15FeatureSettingsEESt10_Select1stIS4_ESt4lessISsESaIS4_EE11lower_boundERS1_
FN:838,_ZNKSt8_Rb_treeISsSt4pairIKSsSt6vectorIdSaIdEEESt10_Select1stIS5_ESt4lessISsESaIS5_EE11lower_boundERS1_
FN:943,_ZNSt8_Rb_treeISsSt4pairIKSsSt6vectorIdSaIdEEESt10_Select1stIS5_ESt4lessISsESaIS5_EEaSERKSB_
FN:968,_ZNSt8_Rb_treeISsSt4pairIKSsdESt10_Select1stIS2_ESt4lessISsESaIS2_EE10_M_insert_IS2_EESt17_Rb_tree_iteratorIS2_EPKSt18_Rb_tree_node_baseSE_OT_
FN:968,_ZNSt8_Rb_treeISsSt4pairIKSsSt6vectorIdSaIdEEESt10_Select1stIS5_ESt4lessISsESaIS5_EE10_M_insert_IS5_EESt17_Rb_tree_iteratorIS5_EPKSt18_Rb_tree_node_baseSH_OT_
FN:1040,_ZNSt8_Rb_treeISsSt4pairIKSsdESt10_Select1stIS2_ESt4lessISsESaIS2_EE7_M_copyEPKSt13_Rb_tree_nodeIS2_EPSA_
FN:1040,_ZNSt8_Rb_treeISsSt4pairIKSsSt6vectorIdSaIdEEESt10_Select1stIS5_ESt4lessISsESaIS5_EE7_M_copyEPKSt13_Rb_tree_nodeIS5_EPSD_
FN:1076,_ZNSt8_Rb_treeISsSt4pairIKSsSt6vectorIdSaIdEEESt10_Select1stIS5_ESt4lessISsESaIS5_EE8_M_eraseEPSt13_Rb_tree_nodeIS5_E
FN:1076,_ZNSt8_Rb_treeISsSt4pairIKSsdESt10_Select1stIS2_ESt4lessISsESaIS2_EE8_M_eraseEPSt13_Rb_tree_nodeIS2_E
FN:1093,_ZNSt8_Rb_treeISsSt4pairIKSsdESt10_Select1stIS2_ESt4lessISsESaIS2_EE14_M_lower_boundEPSt13_Rb_tree_nodeIS2_ESB_RS1_
FN:1093,_ZNSt8_Rb_treeISsSt4pairIKSsSt6vectorIdSaIdEEESt10_Select1stIS5_ESt4lessISsESaIS5_EE14_M_lower_boundEPSt13_Rb_tree_nodeIS5_ESE_RS1_
FN:1109,_ZNKSt8_Rb_treeISsSt4pairIKSsN8f_config15FeatureSettingsEESt10_Select1stIS4_ESt4lessISsESaIS4_EE14_M_lower_boundEPKSt13_Rb_tree_nodeIS4_ESE_RS1_
FN:1109,_ZNKSt8_Rb_treeISsSt4pairIKSsSt6vectorIdSaIdEEESt10_Select1stIS5_ESt4lessISsESaIS5_EE14_M_lower_boundEPKSt13_Rb_tree_nodeIS5_ESF_RS1_
FN:1218,_ZNSt8_Rb_treeISsSt4pairIKSsSt6vectorIdSaIdEEESt10_Select1stIS5_ESt4lessISsESaIS5_EE4swapERSB_
FN:1272,_ZNSt8_Rb_treeISsSt4pairIKSsdESt10_Select1stIS2_ESt4lessISsESaIS2_EE16_M_insert_uniqueIS2_EES0_ISt17_Rb_tree_iteratorIS2_EbEOT_
FN:1272,_ZNSt8_Rb_treeISsSt4pairIKSsSt6vectorIdSaIdEEESt10_Select1stIS5_ESt4lessISsESaIS5_EE16_M_insert_uniqueIS5_EES0_ISt17_Rb_tree_iteratorIS5_EbEOT_
FN:1333,_ZNSt8_Rb_treeISsSt4pairIKSsdESt10_Select1stIS2_ESt4lessISsESaIS2_EE17_M_insert_unique_IS2_EESt17_Rb_tree_iteratorIS2_ESt23_Rb_tree_const_iteratorIS2_EOT_
FN:1333,_ZNSt8_Rb_treeISsSt4pairIKSsSt6vectorIdSaIdEEESt10_Select1stIS5_ESt4lessISsESaIS5_EE17_M_insert_unique_IS5_EESt17_Rb_tree_iteratorIS5_ESt23_Rb_tree_const_iteratorIS5_EOT_
FN:1541,_ZNSt8_Rb_treeISsSt4pairIKSsSt6vectorIdSaIdEEESt10_Select1stIS5_ESt4lessISsESaIS5_EE4findERS1_
FNDA:9,_ZNSt18_Rb_tree_node_base10_S_minimumEPS_
FNDA:9,_ZNSt18_Rb_tree_node_base10_S_maximumEPS_
FNDA:518,_ZNSt13_Rb_tree_nodeISt4pairIKSsSt6vectorIdSaIdEEEED2Ev
FNDA:0,_ZNSt13_Rb_tree_nodeISt4pairIKSsdEED2Ev
FNDA:0,_ZNSt13_Rb_tree_nodeISt4pairIKSsdEEC2IIS2_EEEDpOT_
FNDA:218,_ZNSt13_Rb_tree_nodeISt4pairIKSsSt6vectorIdSaIdEEEEC2IIRKS5_EEEDpOT_
FNDA:300,_ZNSt13_Rb_tree_nodeISt4pairIKSsSt6vectorIdSaIdEEEEC2IIS5_EEEDpOT_
FNDA:9,_ZNSt13_Rb_tree_nodeISt4pairIKSsdEEC2IIRKS2_EEEDpOT_
FNDA:0,_ZNSt17_Rb_tree_iteratorISt4pairIKSsdEEC2EPSt13_Rb_tree_nodeIS2_E
FNDA:36500,_ZNSt17_Rb_tree_iteratorISt4pairIKSsSt6vectorIdSaIdEEEEC2EPSt13_Rb_tree_nodeIS5_E
FNDA:0,_ZNKSt17_Rb_tree_iteratorISt4pairIKSsdEEdeEv
FNDA:3736,_ZNKSt17_Rb_tree_iteratorISt4pairIKSsSt6vectorIdSaIdEEEEdeEv
FNDA:34802,_ZNKSt17_Rb_tree_iteratorISt4pairIKSsSt6vectorIdSaIdEEEEptEv
FNDA:30437,_ZNSt17_Rb_tree_iteratorISt4pairIKSsSt6vectorIdSaIdEEEEppEv
FNDA:0,_ZNSt17_Rb_tree_iteratorISt4pairIKSsdEEmmEv
FNDA:11,_ZNSt17_Rb_tree_iteratorISt4pairIKSsSt6vectorIdSaIdEEEEmmEv
FNDA:0,_ZNKSt17_Rb_tree_iteratorISt4pairIKSsdEEeqERKS3_
FNDA:1873,_ZNKSt17_Rb_tree_iteratorISt4pairIKSsSt6vectorIdSaIdEEEEeqERKS6_
FNDA:31494,_ZNKSt17_Rb_tree_iteratorISt4pairIKSsSt6vectorIdSaIdEEEEneERKS6_
FNDA:54,_ZNSt23_Rb_tree_const_iteratorISt4pairIKSsSt6vectorIdSaIdEEEEC2EPKSt13_Rb_tree_nodeIS5_E
FNDA:3,_ZNSt23_Rb_tree_const_iteratorISt4pairIKSsN8f_config15FeatureSettingsEEEC2EPKSt13_Rb_tree_nodeIS4_E
FNDA:0,_ZNSt23_Rb_tree_const_iteratorISt4pairIKSsdEEC2ERKSt17_Rb_tree_iteratorIS2_E
FNDA:334,_ZNSt23_Rb_tree_const_iteratorISt4pairIKSsSt6vectorIdSaIdEEEEC2ERKSt17_Rb_tree_iteratorIS5_E
FNDA:0,_ZNKSt23_Rb_tree_const_iteratorISt4pairIKSsdEE13_M_const_castEv
FNDA:0,_ZNKSt23_Rb_tree_const_iteratorISt4pairIKSsSt6vectorIdSaIdEEEE13_M_const_castEv
FNDA:54,_ZNKSt23_Rb_tree_const_iteratorISt4pairIKSsSt6vectorIdSaIdEEEEdeEv
FNDA:0,_ZNKSt23_Rb_tree_const_iteratorISt4pairIKSsN8f_config15FeatureSettingsEEEdeEv
FNDA:0,_ZNSt23_Rb_tree_const_iteratorISt4pairIKSsdEEppEv
FNDA:0,_ZNSt23_Rb_tree_const_iteratorISt4pairIKSsSt6vectorIdSaIdEEEEppEv
FNDA:0,_ZNSt23_Rb_tree_const_iteratorISt4pairIKSsdEEmmEv
FNDA:226,_ZNSt23_Rb_tree_const_iteratorISt4pairIKSsSt6vectorIdSaIdEEEEmmEv
FNDA:27,_ZNKSt23_Rb_tree_const_iteratorISt4pairIKSsSt6vectorIdSaIdEEEEeqERKS6_
FNDA:0,_ZNKSt23_Rb_tree_const_iteratorISt4pairIKSsN8f_config15FeatureSettingsEEEeqERKS5_
FNDA:0,_ZNSt8_Rb_treeISsSt4pairIKSsdESt10_Select1stIS2_ESt4lessISsESaIS2_EE21_M_get_Node_allocatorEv
FNDA:1046,_ZNSt8_Rb_treeISsSt4pairIKSsSt6vectorIdSaIdEEESt10_Select1stIS5_ESt4lessISsESaIS5_EE21_M_get_Node_allocatorEv
FNDA:1,_ZNKSt8_Rb_treeISsSt4pairIKSsSt6vectorIdSaIdEEESt10_Select1stIS5_ESt4lessISsESaIS5_EE21_M_get_Node_allocatorEv
FNDA:6,_ZNKSt8_Rb_treeISsSt4pairIKSsdESt10_Select1stIS2_ESt4lessISsESaIS2_EE21_M_get_Node_allocatorEv
FNDA:518,_ZNSt8_Rb_treeISsSt4pairIKSsSt6vectorIdSaIdEEESt10_Select1stIS5_ESt4lessISsESaIS5_EE11_M_get_nodeEv
FNDA:0,_ZNSt8_Rb_treeISsSt4pairIKSsdESt10_Select1stIS2_ESt4lessISsESaIS2_EE11_M_get_nodeEv
FNDA:518,_ZNSt8_Rb_treeISsSt4pairIKSsSt6vectorIdSaIdEEESt10_Select1stIS5_ESt4lessISsESaIS5_EE11_M_put_nodeEPSt13_Rb_tree_nodeIS5_E
FNDA:0,_ZNSt8_Rb_treeISsSt4pairIKSsdESt10_Select1stIS2_ESt4lessISsESaIS2_EE11_M_put_nodeEPSt13_Rb_tree_nodeIS2_E
FNDA:0,_ZNSt8_Rb_treeISsSt4pairIKSsdESt10_Select1stIS2_ESt4lessISsESaIS2_EE14_M_create_nodeIIS2_EEEPSt13_Rb_tree_nodeIS2_EDpOT_
FNDA:218,_ZNSt8_Rb_treeISsSt4pairIKSsSt6vectorIdSaIdEEESt10_Select1stIS5_ESt4lessISsESaIS5_EE14_M_create_nodeIIRKS5_EEEPSt13_Rb_tree_nodeIS5_EDpOT_
FNDA:300,_ZNSt8_Rb_treeISsSt4pairIKSsSt6vectorIdSaIdEEESt10_Select1stIS5_ESt4lessISsESaIS5_EE14_M_create_nodeIIS5_EEEPSt13_Rb_tree_nodeIS5_EDpOT_
FNDA:9,_ZNSt8_Rb_treeISsSt4pairIKSsdESt10_Select1stIS2_ESt4lessISsESaIS2_EE14_M_create_nodeIIRKS2_EEEPSt13_Rb_tree_nodeIS2_EDpOT_
FNDA:518,_ZNSt8_Rb_treeISsSt4pairIKSsSt6vectorIdSaIdEEESt10_Select1stIS5_ESt4lessISsESaIS5_EE15_M_destroy_nodeEPSt13_Rb_tree_nodeIS5_E
FNDA:0,_ZNSt8_Rb_treeISsSt4pairIKSsdESt10_Select1stIS2_ESt4lessISsESaIS2_EE15_M_destroy_nodeEPSt13_Rb_tree_nodeIS2_E
FNDA:184,_ZNSt8_Rb_treeISsSt4pairIKSsSt6vectorIdSaIdEEESt10_Select1stIS5_ESt4lessISsESaIS5_EE13_M_clone_nodeEPKSt13_Rb_tree_nodeIS5_E
FNDA:6,_ZNSt8_Rb_treeISsSt4pairIKSsdESt10_Select1stIS2_ESt4lessISsESaIS2_EE13_M_clone_nodeEPKSt13_Rb_tree_nodeIS2_E
FNDA:18,_ZNSt8_Rb_treeISsSt4pairIKSsSt6vectorIdSaIdEEESt10_Select1stIS5_ESt4lessISsESaIS5_EE13_Rb_tree_implIS9_Lb1EED2Ev
FNDA:0,_ZNSt8_Rb_treeISsSt4pairIKSsdESt10_Select1stIS2_ESt4lessISsESaIS2_EE13_Rb_tree_implIS6_Lb1EED2Ev
FNDA:17,_ZNSt8_Rb_treeISsSt4pairIKSsSt6vectorIdSaIdEEESt10_Select1stIS5_ESt4lessISsESaIS5_EE13_Rb_tree_implIS9_Lb1EEC2Ev
FNDA:1,_ZNSt8_Rb_treeISsSt4pairIKSsSt6vectorIdSaIdEEESt10_Select1stIS5_ESt4lessISsESaIS5_EE13_Rb_tree_implIS9_Lb1EEC2ERKS9_RKSaISt13_Rb_tree_nodeIS5_EE
FNDA:6,_ZNSt8_Rb_treeISsSt4pairIKSsdESt10_Select1stIS2_ESt4lessISsESaIS2_EE13_Rb_tree_implIS6_Lb1EEC2ERKS6_RKSaISt13_Rb_tree_nodeIS2_EE
FNDA:18,_ZNSt8_Rb_treeISsSt4pairIKSsSt6vectorIdSaIdEEESt10_Select1stIS5_ESt4lessISsESaIS5_EE13_Rb_tree_implIS9_Lb1EE13_M_initializeEv
FNDA:0,_ZNSt8_Rb_treeISsSt4pairIKSsdESt10_Select1stIS2_ESt4lessISsESaIS2_EE13_Rb_tree_implIS6_Lb1EE13_M_initializeEv
FNDA:59,_ZNSt8_Rb_treeISsSt4pairIKSsSt6vectorIdSaIdEEESt10_Select1stIS5_ESt4lessISsESaIS5_EE7_M_rootEv
FNDA:7,_ZNSt8_Rb_treeISsSt4pairIKSsdESt10_Select1stIS2_ESt4lessISsESaIS2_EE7_M_rootEv
FNDA:6,_ZNKSt8_Rb_treeISsSt4pairIKSsSt6vectorIdSaIdEEESt10_Select1stIS5_ESt4lessISsESaIS5_EE7_M_rootEv
FNDA:7,_ZNKSt8_Rb_treeISsSt4pairIKSsdESt10_Select1stIS2_ESt4lessISsESaIS2_EE7_M_rootEv
FNDA:330,_ZNSt8_Rb_treeISsSt4pairIKSsSt6vectorIdSaIdEEESt10_Select1stIS5_ESt4lessISsESaIS5_EE11_M_leftmostEv
FNDA:0,_ZNSt8_Rb_treeISsSt4pairIKSsdESt10_Select1stIS2_ESt4lessISsESaIS2_EE11_M_leftmostEv
FNDA:149,_ZNSt8_Rb_treeISsSt4pairIKSsSt6vectorIdSaIdEEESt10_Select1stIS5_ESt4lessISsESaIS5_EE12_M_rightmostEv
FNDA:0,_ZNSt8_Rb_treeISsSt4pairIKSsdESt10_Select1stIS2_ESt4lessISsESaIS2_EE12_M_rightmostEv
FNDA:1916,_ZNSt8_Rb_treeISsSt4pairIKSsSt6vectorIdSaIdEEESt10_Select1stIS5_ESt4lessISsESaIS5_EE8_M_beginEv
FNDA:0,_ZNSt8_Rb_treeISsSt4pairIKSsdESt10_Select1stIS2_ESt4lessISsESaIS2_EE8_M_beginEv
FNDA:0,_ZNKSt8_Rb_treeISsSt4pairIKSsN8f_config15FeatureSettingsEESt10_Select1stIS4_ESt4lessISsESaIS4_EE8_M_beginEv
FNDA:33,_ZNKSt8_Rb_treeISsSt4pairIKSsSt6vectorIdSaIdEEESt10_Select1stIS5_ESt4lessISsESaIS5_EE8_M_beginEv
FNDA:2,_ZNKSt8_Rb_treeISsSt4pairIKSsdESt10_Select1stIS2_ESt4lessISsESaIS2_EE8_M_beginEv
FNDA:2472,_ZNSt8_Rb_treeISsSt4pairIKSsSt6vectorIdSaIdEEESt10_Select1stIS5_ESt4lessISsESaIS5_EE6_M_endEv
FNDA:0,_ZNSt8_Rb_treeISsSt4pairIKSsdESt10_Select1stIS2_ESt4lessISsESaIS2_EE6_M_endEv
FNDA:27,_ZNKSt8_Rb_treeISsSt4pairIKSsSt6vectorIdSaIdEEESt10_Select1stIS5_ESt4lessISsESaIS5_EE6_M_endEv
FNDA:0,_ZNKSt8_Rb_treeISsSt4pairIKSsN8f_config15FeatureSettingsEESt10_Select1stIS4_ESt4lessISsESaIS4_EE6_M_endEv
FNDA:0,_ZNSt8_Rb_treeISsSt4pairIKSsdESt10_Select1stIS2_ESt4lessISsESaIS2_EE8_S_valueEPKSt13_Rb_tree_nodeIS2_E
FNDA:23,_ZNSt8_Rb_treeISsSt4pairIKSsN8f_config15FeatureSettingsEESt10_Select1stIS4_ESt4lessISsESaIS4_EE8_S_valueEPKSt13_Rb_tree_nodeIS4_E
FNDA:9779,_ZNSt8_Rb_treeISsSt4pairIKSsSt6vectorIdSaIdEEESt10_Select1stIS5_ESt4lessISsESaIS5_EE8_S_valueEPKSt13_Rb_tree_nodeIS5_E
FNDA:0,_ZNSt8_Rb_treeISsSt4pairIKSsdESt10_Select1stIS2_ESt4lessISsESaIS2_EE6_S_keyEPKSt13_Rb_tree_nodeIS2_E
FNDA:23,_ZNSt8_Rb_treeISsSt4pairIKSsN8f_config15FeatureSettingsEESt10_Select1stIS4_ESt4lessISsESaIS4_EE6_S_keyEPKSt13_Rb_tree_nodeIS4_E
FNDA:9779,_ZNSt8_Rb_treeISsSt4pairIKSsSt6vectorIdSaIdEEESt10_Select1stIS5_ESt4lessISsESaIS5_EE6_S_keyEPKSt13_Rb_tree_nodeIS5_E
FNDA:5420,_ZNSt8_Rb_treeISsSt4pairIKSsSt6vectorIdSaIdEEESt10_Select1stIS5_ESt4lessISsESaIS5_EE7_S_leftEPSt18_Rb_tree_node_base
FNDA:0,_ZNSt8_Rb_treeISsSt4pairIKSsdESt10_Select1stIS2_ESt4lessISsESaIS2_EE7_S_leftEPSt18_Rb_tree_node_base
FNDA:0,_ZNSt8_Rb_treeISsSt4pairIKSsN8f_config15FeatureSettingsEESt10_Select1stIS4_ESt4lessISsESaIS4_EE7_S_leftEPKSt18_Rb_tree_node_base
FNDA:292,_ZNSt8_Rb_treeISsSt4pairIKSsSt6vectorIdSaIdEEESt10_Select1stIS5_ESt4lessISsESaIS5_EE7_S_leftEPKSt18_Rb_tree_node_base
FNDA:6,_ZNSt8_Rb_treeISsSt4pairIKSsdESt10_Select1stIS2_ESt4lessISsESaIS2_EE7_S_leftEPKSt18_Rb_tree_node_base
FNDA:5260,_ZNSt8_Rb_treeISsSt4pairIKSsSt6vectorIdSaIdEEESt10_Select1stIS5_ESt4lessISsESaIS5_EE8_S_rightEPSt18_Rb_tree_node_base
FNDA:0,_ZNSt8_Rb_treeISsSt4pairIKSsdESt10_Select1stIS2_ESt4lessISsESaIS2_EE8_S_rightEPSt18_Rb_tree_node_base
FNDA:0,_ZNSt8_Rb_treeISsSt4pairIKSsN8f_config15FeatureSettingsEESt10_Select1stIS4_ESt4lessISsESaIS4_EE8_S_rightEPKSt18_Rb_tree_node_base
FNDA:341,_ZNSt8_Rb_treeISsSt4pairIKSsSt6vectorIdSaIdEEESt10_Select1stIS5_ESt4lessISsESaIS5_EE8_S_rightEPKSt18_Rb_tree_node_base
FNDA:0,_ZNSt8_Rb_treeISsSt4pairIKSsdESt10_Select1stIS2_ESt4lessISsESaIS2_EE8_S_rightEPKSt18_Rb_tree_node_base
FNDA:0,_ZNSt8_Rb_treeISsSt4pairIKSsdESt10_Select1stIS2_ESt4lessISsESaIS2_EE8_S_valueEPKSt18_Rb_tree_node_base
FNDA:800,_ZNSt8_Rb_treeISsSt4pairIKSsSt6vectorIdSaIdEEESt10_Select1stIS5_ESt4lessISsESaIS5_EE8_S_valueEPKSt18_Rb_tree_node_base
FNDA:0,_ZNSt8_Rb_treeISsSt4pairIKSsdESt10_Select1stIS2_ESt4lessISsESaIS2_EE6_S_keyEPKSt18_Rb_tree_node_base
FNDA:800,_ZNSt8_Rb_treeISsSt4pairIKSsSt6vectorIdSaIdEEESt10_Select1stIS5_ESt4lessISsESaIS5_EE6_S_keyEPKSt18_Rb_tree_node_base
FNDA:6,_ZNSt8_Rb_treeISsSt4pairIKSsSt6vectorIdSaIdEEESt10_Select1stIS5_ESt4lessISsESaIS5_EE10_S_minimumEPSt18_Rb_tree_node_base
FNDA:2,_ZNSt8_Rb_treeISsSt4pairIKSsdESt10_Select1stIS2_ESt4lessISsESaIS2_EE10_S_minimumEPSt18_Rb_tree_node_base
FNDA:6,_ZNSt8_Rb_treeISsSt4pairIKSsSt6vectorIdSaIdEEESt10_Select1stIS5_ESt4lessISsESaIS5_EE10_S_maximumEPSt18_Rb_tree_node_base
FNDA:2,_ZNSt8_Rb_treeISsSt4pairIKSsdESt10_Select1stIS2_ESt4lessISsESaIS2_EE10_S_maximumEPSt18_Rb_tree_node_base
FNDA:17,_ZNSt8_Rb_treeISsSt4pairIKSsSt6vectorIdSaIdEEESt10_Select1stIS5_ESt4lessISsESaIS5_EEC2Ev
FNDA:1,_ZNSt8_Rb_treeISsSt4pairIKSsSt6vectorIdSaIdEEESt10_Select1stIS5_ESt4lessISsESaIS5_EEC2ERKSB_
FNDA:6,_ZNSt8_Rb_treeISsSt4pairIKSsdESt10_Select1stIS2_ESt4lessISsESaIS2_EEC2ERKS8_
FNDA:18,_ZNSt8_Rb_treeISsSt4pairIKSsSt6vectorIdSaIdEEESt10_Select1stIS5_ESt4lessISsESaIS5_EED2Ev
FNDA:0,_ZNSt8_Rb_treeISsSt4pairIKSsdESt10_Select1stIS2_ESt4lessISsESaIS2_EED2Ev
FNDA:0,_ZNKSt8_Rb_treeISsSt4pairIKSsdESt10_Select1stIS2_ESt4lessISsESaIS2_EE8key_compEv
FNDA:5,_ZNKSt8_Rb_treeISsSt4pairIKSsN8f_config15FeatureSettingsEESt10_Select1stIS4_ESt4lessISsESaIS4_EE8key_compEv
FNDA:1795,_ZNKSt8_Rb_treeISsSt4pairIKSsSt6vectorIdSaIdEEESt10_Select1stIS5_ESt4lessISsESaIS5_EE8key_compEv
FNDA:0,_ZNSt8_Rb_treeISsSt4pairIKSsdESt10_Select1stIS2_ESt4lessISsESaIS2_EE5beginEv
FNDA:1054,_ZNSt8_Rb_treeISsSt4pairIKSsSt6vectorIdSaIdEEESt10_Select1stIS5_ESt4lessISsESaIS5_EE5beginEv
FNDA:0,_ZNSt8_Rb_treeISsSt4pairIKSsdESt10_Select1stIS2_ESt4lessISsESaIS2_EE3endEv
FNDA:33225,_ZNSt8_Rb_treeISsSt4pairIKSsSt6vectorIdSaIdEEESt10_Select1stIS5_ESt4lessISsESaIS5_EE3endEv
FNDA:27,_ZNKSt8_Rb_treeISsSt4pairIKSsSt6vectorIdSaIdEEESt10_Select1stIS5_ESt4lessISsESaIS5_EE3endEv
FNDA:2,_ZNKSt8_Rb_treeISsSt4pairIKSsN8f_config15FeatureSettingsEESt10_Select1stIS4_ESt4lessISsESaIS4_EE3endEv
FNDA:0,_ZNKSt8_Rb_treeISsSt4pairIKSsdESt10_Select1stIS2_ESt4lessISsESaIS2_EE4sizeEv
FNDA:84,_ZNKSt8_Rb_treeISsSt4pairIKSsSt6vectorIdSaIdEEESt10_Select1stIS5_ESt4lessISsESaIS5_EE4sizeEv
FNDA:11,_ZNSt8_Rb_treeISsSt4pairIKSsSt6vectorIdSaIdEEESt10_Select1stIS5_ESt4lessISsESaIS5_EE5clearEv
FNDA:0,_ZNSt8_Rb_treeISsSt4pairIKSsdESt10_Select1stIS2_ESt4lessISsESaIS2_EE11lower_boundERS1_
FNDA:1818,_ZNSt8_Rb_treeISsSt4pairIKSsSt6vectorIdSaIdEEESt10_Select1stIS5_ESt4lessISsESaIS5_EE11lower_boundERS1_
FNDA:27,_ZNKSt8_Rb_treeISsSt4pairIKSsSt6vectorIdSaIdEEESt10_Select1stIS5_ESt4lessISsESaIS5_EE11lower_boundERS1_
FNDA:0,_ZNKSt8_Rb_treeISsSt4pairIKSsN8f_config15FeatureSettingsEESt10_Select1stIS4_ESt4lessISsESaIS4_EE11lower_boundERS1_
FNDA:5,_ZNSt8_Rb_treeISsSt4pairIKSsSt6vectorIdSaIdEEESt10_Select1stIS5_ESt4lessISsESaIS5_EEaSERKSB_
FNDA:0,_ZNSt8_Rb_treeISsSt4pairIKSsdESt10_Select1stIS2_ESt4lessISsESaIS2_EE10_M_insert_IS2_EESt17_Rb_tree_iteratorIS2_EPKSt18_Rb_tree_node_baseSE_OT_
FNDA:300,_ZNSt8_Rb_treeISsSt4pairIKSsSt6vectorIdSaIdEEESt10_Select1stIS5_ESt4lessISsESaIS5_EE10_M_insert_IS5_EESt17_Rb_tree_iteratorIS5_EPKSt18_Rb_tree_node_baseSH_OT_
FNDA:94,_ZNSt8_Rb_treeISsSt4pairIKSsSt6vectorIdSaIdEEESt10_Select1stIS5_ESt4lessISsESaIS5_EE7_M_copyEPKSt13_Rb_tree_nodeIS5_EPSD_
FNDA:4,_ZNSt8_Rb_treeISsSt4pairIKSsdESt10_Select1stIS2_ESt4lessISsESaIS2_EE7_M_copyEPKSt13_Rb_tree_nodeIS2_EPSA_
FNDA:547,_ZNSt8_Rb_treeISsSt4pairIKSsSt6vectorIdSaIdEEESt10_Select1stIS5_ESt4lessISsESaIS5_EE8_M_eraseEPSt13_Rb_tree_nodeIS5_E
FNDA:0,_ZNSt8_Rb_treeISsSt4pairIKSsdESt10_Select1stIS2_ESt4lessISsESaIS2_EE8_M_eraseEPSt13_Rb_tree_nodeIS2_E
FNDA:0,_ZNSt8_Rb_treeISsSt4pairIKSsdESt10_Select1stIS2_ESt4lessISsESaIS2_EE14_M_lower_boundEPSt13_Rb_tree_nodeIS2_ESB_RS1_
FNDA:1847,_ZNSt8_Rb_treeISsSt4pairIKSsSt6vectorIdSaIdEEESt10_Select1stIS5_ESt4lessISsESaIS5_EE14_M_lower_boundEPSt13_Rb_tree_nodeIS5_ESE_RS1_
FNDA:27,_ZNKSt8_Rb_treeISsSt4pairIKSsSt6vectorIdSaIdEEESt10_Select1stIS5_ESt4lessISsESaIS5_EE14_M_lower_boundEPKSt13_Rb_tree_nodeIS5_ESF_RS1_
FNDA:0,_ZNKSt8_Rb_treeISsSt4pairIKSsN8f_config15FeatureSettingsEESt10_Select1stIS4_ESt4lessISsESaIS4_EE14_M_lower_boundEPKSt13_Rb_tree_nodeIS4_ESE_RS1_
FNDA:5,_ZNSt8_Rb_treeISsSt4pairIKSsSt6vectorIdSaIdEEESt10_Select1stIS5_ESt4lessISsESaIS5_EE4swapERSB_
FNDA:0,_ZNSt8_Rb_treeISsSt4pairIKSsdESt10_Select1stIS2_ESt4lessISsESaIS2_EE16_M_insert_uniqueIS2_EES0_ISt17_Rb_tree_iteratorIS2_EbEOT_
FNDA:10,_ZNSt8_Rb_treeISsSt4pairIKSsSt6vectorIdSaIdEEESt10_Select1stIS5_ESt4lessISsESaIS5_EE16_M_insert_uniqueIS5_EES0_ISt17_Rb_tree_iteratorIS5_EbEOT_
FNDA:0,_ZNSt8_Rb_treeISsSt4pairIKSsdESt10_Select1stIS2_ESt4lessISsESaIS2_EE17_M_insert_unique_IS2_EESt17_Rb_tree_iteratorIS2_ESt23_Rb_tree_const_iteratorIS2_EOT_
FNDA:300,_ZNSt8_Rb_treeISsSt4pairIKSsSt6vectorIdSaIdEEESt10_Select1stIS5_ESt4lessISsESaIS5_EE17_M_insert_unique_IS5_EESt17_Rb_tree_iteratorIS5_ESt23_Rb_tree_const_iteratorIS5_EOT_
FNDA:29,_ZNSt8_Rb_treeISsSt4pairIKSsSt6vectorIdSaIdEEESt10_Select1stIS5_ESt4lessISsESaIS5_EE4findERS1_
FNF:135
FNH:86
DA:101,9
DA:103,9
DA:104,9
DA:115,9
DA:117,9
DA:118,9
DA:130,518
DA:137,527
DA:139,527
DA:173,36500
DA:174,36500
DA:177,3736
DA:178,3736
DA:181,34802
DA:183,34802
DA:186,30437
DA:188,30437
DA:189,30437
DA:201,11
DA:203,11
DA:204,11
DA:216,1873
DA:217,1873
DA:220,31494
DA:221,31494
DA:246,57
DA:247,57
DA:249,334
DA:250,334
DA:253,0
DA:255,0
DA:258,54
DA:259,54
DA:267,0
DA:269,0
DA:270,0
DA:282,226
DA:284,226
DA:285,226
DA:297,27
DA:298,27
DA:355,1046
DA:356,1046
DA:359,7
DA:360,7
DA:368,518
DA:369,518
DA:372,518
DA:373,518
DA:400,527
DA:402,527
DA:405,527
DA:408,0
DA:410,0
DA:411,0
DA:413,527
DA:417,518
DA:419,518
DA:420,518
DA:421,518
DA:425,190
DA:427,190
DA:428,190
DA:429,190
DA:430,190
DA:431,190
DA:437,18
DA:443,17
DA:445,17
DA:446,17
DA:448,7
DA:450,7
DA:451,7
DA:462,18
DA:464,18
DA:465,18
DA:466,18
DA:467,18
DA:468,18
DA:475,66
DA:476,66
DA:479,13
DA:480,13
DA:483,330
DA:484,330
DA:491,149
DA:492,149
DA:499,1916
DA:500,1916
DA:503,35
DA:506,35
DA:510,2472
DA:511,2472
DA:514,27
DA:515,27
DA:518,9802
DA:519,9802
DA:522,9802
DA:523,9802
DA:526,5420
DA:527,5420
DA:530,298
DA:531,298
DA:534,5260
DA:535,5260
DA:538,341
DA:539,341
DA:542,800
DA:543,800
DA:546,800
DA:547,800
DA:550,8
DA:551,8
DA:558,8
DA:559,8
DA:623,17
DA:629,7
DA:630,7
DA:632,7
DA:634,3
DA:635,3
DA:636,3
DA:637,3
DA:639,7
DA:645,18
DA:646,18
DA:653,1800
DA:654,1800
DA:657,1054
DA:660,1054
DA:671,33225
DA:672,33225
DA:675,29
DA:678,29
DA:702,84
DA:703,84
DA:814,11
DA:816,11
DA:817,11
DA:818,11
DA:819,11
DA:820,11
DA:821,11
DA:834,1818
DA:835,1818
DA:838,27
DA:839,27
DA:943,5
DA:946,5
DA:949,5
DA:951,5
DA:953,5
DA:954,5
DA:955,5
DA:956,5
DA:959,5
DA:968,300
DA:977,300
DA:979,300
DA:981,300
DA:984,300
DA:985,300
DA:1040,98
DA:1044,98
DA:1045,98
DA:1049,98
DA:1050,50
DA:1051,98
DA:1052,98
DA:1054,288
DA:1056,92
DA:1057,92
DA:1058,92
DA:1059,92
DA:1060,40
DA:1061,92
DA:1062,92
DA:1065,0
DA:1067,0
DA:1068,0
DA:1070,98
DA:1076,547
DA:1080,1612
DA:1082,518
DA:1083,518
DA:1084,518
DA:1085,518
DA:1087,547
DA:1093,1847
DA:1097,13192
DA:1098,9498
DA:1099,4820
DA:1101,4678
DA:1102,1847
DA:1109,27
DA:1113,189
DA:1114,135
DA:1115,108
DA:1117,27
DA:1118,27
DA:1218,5
DA:1221,5
DA:1223,5
DA:1225,5
DA:1226,5
DA:1227,5
DA:1228,5
DA:1230,5
DA:1231,5
DA:1232,5
DA:1235,0
DA:1237,0
DA:1238,0
DA:1239,0
DA:1240,0
DA:1242,0
DA:1243,0
DA:1244,0
DA:1248,0
DA:1249,0
DA:1250,0
DA:1252,0
DA:1253,0
DA:1256,5
DA:1257,5
DA:1261,5
DA:1263,5
DA:1272,10
DA:1279,10
DA:1280,10
DA:1281,10
DA:1282,20
DA:1284,0
DA:1285,0
DA:1286,0
DA:1288,10
DA:1289,10
DA:1291,10
DA:1293,10
DA:1295,0
DA:1297,0
DA:1299,0
DA:1300,0
DA:1333,300
DA:1341,300
DA:1343,50
DA:1346,40
DA:1348,10
DA:1350,250
DA:1354,250
DA:1355,250
DA:1357,24
DA:1358,226
DA:1361,226
DA:1363,124
DA:1367,102
DA:1370,0
DA:1372,0
DA:1376,0
DA:1377,0
DA:1379,0
DA:1380,0
DA:1383,0
DA:1385,0
DA:1388,0
DA:1391,0
DA:1395,0
DA:1541,29
DA:1544,29
DA:1547,29
LF:270
LH:228
end_of_record
SF:/usr/include/c++/4.7.2/bits/stl_uninitialized.h
FN:70,_ZNSt20__uninitialized_copyILb0EE13__uninit_copyIN9__gnu_cxx17__normal_iteratorIPKSsSt6vectorISsSaISsEEEEPSsEET0_T_SC_SB_
FN:70,_ZNSt20__uninitialized_copyILb0EE13__uninit_copyIN9__gnu_cxx17__normal_iteratorIPKN8f_config16FeaturePositionsESt6vectorIS5_SaIS5_EEEEPS5_EET0_T_SE_SD_
FN:93,_ZNSt20__uninitialized_copyILb1EE13__uninit_copyIN9__gnu_cxx17__normal_iteratorIPKiSt6vectorIiSaIiEEEEPiEET0_T_SC_SB_
FN:93,_ZNSt20__uninitialized_copyILb1EE13__uninit_copyIN9__gnu_cxx17__normal_iteratorIPKdSt6vectorIdSaIdEEEEPdEET0_T_SC_SB_
FN:109,_ZSt18uninitialized_copyIN9__gnu_cxx17__normal_iteratorIPKdSt6vectorIdSaIdEEEEPdET0_T_SA_S9_
FN:109,_ZSt18uninitialized_copyIN9__gnu_cxx17__normal_iteratorIPKSsSt6vectorISsSaISsEEEEPSsET0_T_SA_S9_
FN:109,_ZSt18uninitialized_copyIN9__gnu_cxx17__normal_iteratorIPKN8f_config16FeaturePositionsESt6vectorIS3_SaIS3_EEEEPS3_ET0_T_SC_SB_
FN:109,_ZSt18uninitialized_copyIN9__gnu_cxx17__normal_iteratorIPKiSt6vectorIiSaIiEEEEPiET0_T_SA_S9_
FN:204,_ZNSt22__uninitialized_fill_nILb1EE15__uninit_fill_nIPdmdEEvT_T0_RKT1_
FN:220,_ZSt20uninitialized_fill_nIPdmdEvT_T0_RKT1_
FN:258,_ZSt22__uninitialized_copy_aIN9__gnu_cxx17__normal_iteratorIPKiSt6vectorIiSaIiEEEEPiiET0_T_SA_S9_RSaIT1_E
FN:258,_ZSt22__uninitialized_copy_aIN9__gnu_cxx17__normal_iteratorIPKdSt6vectorIdSaIdEEEEPddET0_T_SA_S9_RSaIT1_E
FN:258,_ZSt22__uninitialized_copy_aIN9__gnu_cxx17__normal_iteratorIPKN8f_config16FeaturePositionsESt6vectorIS3_SaIS3_EEEEPS3_S3_ET0_T_SC_SB_RSaIT1_E
FN:258,_ZSt22__uninitialized_copy_aIN9__gnu_cxx17__normal_iteratorIPKSsSt6vectorISsSaISsEEEEPSsSsET0_T_SA_S9_RSaIT1_E
FN:334,_ZSt24__uninitialized_fill_n_aIPdmddEvT_T0_RKT1_RSaIT2_E
FNDA:25,_ZNSt20__uninitialized_copyILb0EE13__uninit_copyIN9__gnu_cxx17__normal_iteratorIPKN8f_config16FeaturePositionsESt6vectorIS5_SaIS5_EEEEPS5_EET0_T_SE_SD_
FNDA:0,_ZNSt20__uninitialized_copyILb0EE13__uninit_copyIN9__gnu_cxx17__normal_iteratorIPKSsSt6vectorISsSaISsEEEEPSsEET0_T_SC_SB_
FNDA:1143,_ZNSt20__uninitialized_copyILb1EE13__uninit_copyIN9__gnu_cxx17__normal_iteratorIPKdSt6vectorIdSaIdEEEEPdEET0_T_SC_SB_
FNDA:67,_ZNSt20__uninitialized_copyILb1EE13__uninit_copyIN9__gnu_cxx17__normal_iteratorIPKiSt6vectorIiSaIiEEEEPiEET0_T_SC_SB_
FNDA:1143,_ZSt18uninitialized_copyIN9__gnu_cxx17__normal_iteratorIPKdSt6vectorIdSaIdEEEEPdET0_T_SA_S9_
FNDA:67,_ZSt18uninitialized_copyIN9__gnu_cxx17__normal_iteratorIPKiSt6vectorIiSaIiEEEEPiET0_T_SA_S9_
FNDA:25,_ZSt18uninitialized_copyIN9__gnu_cxx17__normal_iteratorIPKN8f_config16FeaturePositionsESt6vectorIS3_SaIS3_EEEEPS3_ET0_T_SC_SB_
FNDA:0,_ZSt18uninitialized_copyIN9__gnu_cxx17__normal_iteratorIPKSsSt6vectorISsSaISsEEEEPSsET0_T_SA_S9_
FNDA:474,_ZNSt22__uninitialized_fill_nILb1EE15__uninit_fill_nIPdmdEEvT_T0_RKT1_
FNDA:474,_ZSt20uninitialized_fill_nIPdmdEvT_T0_RKT1_
FNDA:1143,_ZSt22__uninitialized_copy_aIN9__gnu_cxx17__normal_iteratorIPKdSt6vectorIdSaIdEEEEPddET0_T_SA_S9_RSaIT1_E
FNDA:67,_ZSt22__uninitialized_copy_aIN9__gnu_cxx17__normal_iteratorIPKiSt6vectorIiSaIiEEEEPiiET0_T_SA_S9_RSaIT1_E
FNDA:25,_ZSt22__uninitialized_copy_aIN9__gnu_cxx17__normal_iteratorIPKN8f_config16FeaturePositionsESt6vectorIS3_SaIS3_EEEEPS3_S3_ET0_T_SC_SB_RSaIT1_E
FNDA:0,_ZSt22__uninitialized_copy_aIN9__gnu_cxx17__normal_iteratorIPKSsSt6vectorISsSaISsEEEEPSsSsET0_T_SA_S9_RSaIT1_E
FNDA:474,_ZSt24__uninitialized_fill_n_aIPdmddEvT_T0_RKT1_RSaIT2_E
FNF:15
FNH:12
DA:70,25
DA:73,25
DA:76,75
DA:77,50
DA:78,25
DA:80,0
DA:82,0
DA:83,0
DA:93,1210
DA:95,1210
DA:109,1235
DA:119,1235
DA:204,474
DA:206,474
DA:220,474
DA:225,474
DA:227,474
DA:258,1235
DA:260,1235
DA:334,474
DA:336,474
LF:21
LH:18
end_of_record
SF:/usr/include/c++/4.7.2/bits/stl_vector.h
FN:80,_ZNSt12_Vector_baseIN8f_config16FeaturePositionsESaIS1_EE12_Vector_implD2Ev
FN:80,_ZNSt12_Vector_baseIdSaIdEE12_Vector_implD2Ev
FN:80,_ZNSt12_Vector_baseIiSaIiEE12_Vector_implD2Ev
FN:80,_ZNSt12_Vector_baseISsSaISsEE12_Vector_implD2Ev
FN:87,_ZNSt12_Vector_baseIdSaIdEE12_Vector_implC2Ev
FN:91,_ZNSt12_Vector_baseIiSaIiEE12_Vector_implC2ERKS0_
FN:91,_ZNSt12_Vector_baseISsSaISsEE12_Vector_implC2ERKS0_
FN:91,_ZNSt12_Vector_baseIN8f_config16FeaturePositionsESaIS1_EE12_Vector_implC2ERKS2_
FN:91,_ZNSt12_Vector_baseIdSaIdEE12_Vector_implC2ERKS0_
FN:96,_ZNSt12_Vector_baseIdSaIdEE12_Vector_implC2EOS0_
FN:102,_ZNSt12_Vector_baseIdSaIdEE12_Vector_impl12_M_swap_dataERS2_
FN:114,_ZNSt12_Vector_baseIN8f_config16FeaturePositionsESaIS1_EE19_M_get_Tp_allocatorEv
FN:114,_ZNSt12_Vector_baseIiSaIiEE19_M_get_Tp_allocatorEv
FN:114,_ZNSt12_Vector_baseIdSaIdEE19_M_get_Tp_allocatorEv
FN:114,_ZNSt12_Vector_baseISsSaISsEE19_M_get_Tp_allocatorEv
FN:118,_ZNKSt12_Vector_baseISsSaISsEE19_M_get_Tp_allocatorEv
FN:118,_ZNKSt12_Vector_baseIdSaIdEE19_M_get_Tp_allocatorEv
FN:118,_ZNKSt12_Vector_baseIN8f_config16FeaturePositionsESaIS1_EE19_M_get_Tp_allocatorEv
FN:118,_ZNKSt12_Vector_baseIiSaIiEE19_M_get_Tp_allocatorEv
FN:125,_ZNSt12_Vector_baseIdSaIdEEC2Ev
FN:135,_ZNSt12_Vector_baseIdSaIdEEC2EmRKS0_
FN:135,_ZNSt12_Vector_baseIN8f_config16FeaturePositionsESaIS1_EEC2EmRKS2_
FN:135,_ZNSt12_Vector_baseISsSaISsEEC2EmRKS0_
FN:135,_ZNSt12_Vector_baseIiSaIiEEC2EmRKS0_
FN:143,_ZNSt12_Vector_baseIdSaIdEEC2EOS1_
FN:160,_ZNSt12_Vector_baseISsSaISsEED2Ev
FN:160,_ZNSt12_Vector_baseIN8f_config16FeaturePositionsESaIS1_EED2Ev
FN:160,_ZNSt12_Vector_baseIdSaIdEED2Ev
FN:160,_ZNSt12_Vector_baseIiSaIiEED2Ev
FN:168,_ZNSt12_Vector_baseIiSaIiEE11_M_allocateEm
FN:168,_ZNSt12_Vector_baseIdSaIdEE11_M_allocateEm
FN:168,_ZNSt12_Vector_baseISsSaISsEE11_M_allocateEm
FN:168,_ZNSt12_Vector_baseIN8f_config16FeaturePositionsESaIS1_EE11_M_allocateEm
FN:172,_ZNSt12_Vector_baseISsSaISsEE13_M_deallocateEPSsm
FN:172,_ZNSt12_Vector_baseIN8f_config16FeaturePositionsESaIS1_EE13_M_deallocateEPS1_m
FN:172,_ZNSt12_Vector_baseIdSaIdEE13_M_deallocateEPdm
FN:172,_ZNSt12_Vector_baseIiSaIiEE13_M_deallocateEPim
FN:180,_ZNSt12_Vector_baseIN8f_config16FeaturePositionsESaIS1_EE17_M_create_storageEm
FN:180,_ZNSt12_Vector_baseISsSaISsEE17_M_create_storageEm
FN:180,_ZNSt12_Vector_baseIdSaIdEE17_M_create_storageEm
FN:180,_ZNSt12_Vector_baseIiSaIiEE17_M_create_storageEm
FN:246,_ZNSt6vectorIdSaIdEEC2Ev
FN:278,_ZNSt6vectorIdSaIdEEC2EmRKdRKS0_
FN:307,_ZNSt6vectorIdSaIdEEC2ERKS1_
FN:307,_ZNSt6vectorIiSaIiEEC2ERKS1_
FN:307,_ZNSt6vectorISsSaISsEEC2ERKS1_
FN:307,_ZNSt6vectorIN8f_config16FeaturePositionsESaIS1_EEC2ERKS3_
FN:324,_ZNSt6vectorIdSaIdEEC2EOS1_
FN:402,_ZNSt6vectorIiSaIiEED2Ev
FN:402,_ZNSt6vectorISsSaISsEED2Ev
FN:402,_ZNSt6vectorIN8f_config16FeaturePositionsESaIS1_EED2Ev
FN:402,_ZNSt6vectorIdSaIdEED2Ev
FN:427,_ZNSt6vectorIdSaIdEEaSEOS1_
FN:518,_ZNSt6vectorIdSaIdEE5beginEv
FN:518,_ZNSt6vectorISsSaISsEE5beginEv
FN:527,_ZNKSt6vectorIN8f_config16FeaturePositionsESaIS1_EE5beginEv
FN:527,_ZNKSt6vectorISsSaISsEE5beginEv
FN:527,_ZNKSt6vectorIdSaIdEE5beginEv
FN:527,_ZNKSt6vectorIiSaIiEE5beginEv
FN:536,_ZNSt6vectorIdSaIdEE3endEv
FN:536,_ZNSt6vectorISsSaISsEE3endEv
FN:545,_ZNKSt6vectorIdSaIdEE3endEv
FN:545,_ZNKSt6vectorIN8f_config16FeaturePositionsESaIS1_EE3endEv
FN:545,_ZNKSt6vectorISsSaISsEE3endEv
FN:545,_ZNKSt6vectorIiSaIiEE3endEv
FN:625,_ZNKSt6vectorISsSaISsEE4sizeEv
FN:625,_ZNKSt6vectorIdSaIdEE4sizeEv
FN:625,_ZNKSt6vectorIiSaIiEE4sizeEv
FN:625,_ZNKSt6vectorIN5fasta7ResidueESaIS1_EE4sizeEv
FN:625,_ZNKSt6vectorIN8f_config16FeaturePositionsESaIS1_EE4sizeEv
FN:625,_ZNKSt6vectorIN5fasta8SequenceESaIS1_EE4sizeEv
FN:750,_ZNSt6vectorIdSaIdEEixEm
FN:765,_ZNKSt6vectorIN5fasta7ResidueESaIS1_EEixEm
FN:765,_ZNKSt6vectorIdSaIdEEixEm
FN:765,_ZNKSt6vectorIN5fasta8SequenceESaIS1_EEixEm
FN:1179,_ZNSt6vectorIdSaIdEE18_M_fill_initializeEmRKd
FN:1329,_ZNSt6vectorIdSaIdEE14_M_move_assignEOS1_St17integral_constantIbLb1EE
FNDA:92,_ZNSt12_Vector_baseIiSaIiEE12_Vector_implD2Ev
FNDA:58,_ZNSt12_Vector_baseIN8f_config16FeaturePositionsESaIS1_EE12_Vector_implD2Ev
FNDA:3437,_ZNSt12_Vector_baseIdSaIdEE12_Vector_implD2Ev
FNDA:0,_ZNSt12_Vector_baseISsSaISsEE12_Vector_implD2Ev
FNDA:436,_ZNSt12_Vector_baseIdSaIdEE12_Vector_implC2Ev
FNDA:67,_ZNSt12_Vector_baseIiSaIiEE12_Vector_implC2ERKS0_
FNDA:6,_ZNSt12_Vector_baseIN8f_config16FeaturePositionsESaIS1_EE12_Vector_implC2ERKS2_
FNDA:1695,_ZNSt12_Vector_baseIdSaIdEE12_Vector_implC2ERKS0_
FNDA:0,_ZNSt12_Vector_baseISsSaISsEE12_Vector_implC2ERKS0_
FNDA:1306,_ZNSt12_Vector_baseIdSaIdEE12_Vector_implC2EOS0_
FNDA:1742,_ZNSt12_Vector_baseIdSaIdEE12_Vector_impl12_M_swap_dataERS2_
FNDA:223,_ZNSt12_Vector_baseIiSaIiEE19_M_get_Tp_allocatorEv
FNDA:154,_ZNSt12_Vector_baseIN8f_config16FeaturePositionsESaIS1_EE19_M_get_Tp_allocatorEv
FNDA:6440,_ZNSt12_Vector_baseIdSaIdEE19_M_get_Tp_allocatorEv
FNDA:0,_ZNSt12_Vector_baseISsSaISsEE19_M_get_Tp_allocatorEv
FNDA:1145,_ZNKSt12_Vector_baseIdSaIdEE19_M_get_Tp_allocatorEv
FNDA:118,_ZNKSt12_Vector_baseIiSaIiEE19_M_get_Tp_allocatorEv
FNDA:30,_ZNKSt12_Vector_baseIN8f_config16FeaturePositionsESaIS1_EE19_M_get_Tp_allocatorEv
FNDA:0,_ZNKSt12_Vector_baseISsSaISsEE19_M_get_Tp_allocatorEv
FNDA:436,_ZNSt12_Vector_baseIdSaIdEEC2Ev
FNDA:66,_ZNSt12_Vector_baseIiSaIiEEC2EmRKS0_
FNDA:6,_ZNSt12_Vector_baseIN8f_config16FeaturePositionsESaIS1_EEC2EmRKS2_
FNDA:1613,_ZNSt12_Vector_baseIdSaIdEEC2EmRKS0_
FNDA:0,_ZNSt12_Vector_baseISsSaISsEEC2EmRKS0_
FNDA:1306,_ZNSt12_Vector_baseIdSaIdEEC2EOS1_
FNDA:92,_ZNSt12_Vector_baseIiSaIiEED2Ev
FNDA:58,_ZNSt12_Vector_baseIN8f_config16FeaturePositionsESaIS1_EED2Ev
FNDA:3437,_ZNSt12_Vector_baseIdSaIdEED2Ev
FNDA:0,_ZNSt12_Vector_baseISsSaISsEED2Ev
FNDA:96,_ZNSt12_Vector_baseIiSaIiEE11_M_allocateEm
FNDA:38,_ZNSt12_Vector_baseIN8f_config16FeaturePositionsESaIS1_EE11_M_allocateEm
FNDA:1696,_ZNSt12_Vector_baseIdSaIdEE11_M_allocateEm
FNDA:0,_ZNSt12_Vector_baseISsSaISsEE11_M_allocateEm
FNDA:121,_ZNSt12_Vector_baseIiSaIiEE13_M_deallocateEPim
FNDA:90,_ZNSt12_Vector_baseIN8f_config16FeaturePositionsESaIS1_EE13_M_deallocateEPS1_m
FNDA:3438,_ZNSt12_Vector_baseIdSaIdEE13_M_deallocateEPdm
FNDA:0,_ZNSt12_Vector_baseISsSaISsEE13_M_deallocateEPSsm
FNDA:66,_ZNSt12_Vector_baseIiSaIiEE17_M_create_storageEm
FNDA:6,_ZNSt12_Vector_baseIN8f_config16FeaturePositionsESaIS1_EE17_M_create_storageEm
FNDA:1613,_ZNSt12_Vector_baseIdSaIdEE17_M_create_storageEm
FNDA:0,_ZNSt12_Vector_baseISsSaISsEE17_M_create_storageEm
FNDA:436,_ZNSt6vectorIdSaIdEEC2Ev
FNDA:470,_ZNSt6vectorIdSaIdEEC2EmRKdRKS0_
FNDA:1143,_ZNSt6vectorIdSaIdEEC2ERKS1_
FNDA:66,_ZNSt6vectorIiSaIiEEC2ERKS1_
FNDA:6,_ZNSt6vectorIN8f_config16FeaturePositionsESaIS1_EEC2ERKS3_
FNDA:0,_ZNSt6vectorISsSaISsEEC2ERKS1_
FNDA:1306,_ZNSt6vectorIdSaIdEEC2EOS1_
FNDA:92,_ZNSt6vectorIiSaIiEED2Ev
FNDA:58,_ZNSt6vectorIN8f_config16FeaturePositionsESaIS1_EED2Ev
FNDA:3437,_ZNSt6vectorIdSaIdEED2Ev
FNDA:0,_ZNSt6vectorISsSaISsEED2Ev
FNDA:436,_ZNSt6vectorIdSaIdEEaSEOS1_
FNDA:0,_ZNSt6vectorISsSaISsEE5beginEv
FNDA:250,_ZNSt6vectorIdSaIdEE5beginEv
FNDA:1153,_ZNKSt6vectorIdSaIdEE5beginEv
FNDA:69,_ZNKSt6vectorIiSaIiEE5beginEv
FNDA:26,_ZNKSt6vectorIN8f_config16FeaturePositionsESaIS1_EE5beginEv
FNDA:0,_ZNKSt6vectorISsSaISsEE5beginEv
FNDA:0,_ZNSt6vectorISsSaISsEE3endEv
FNDA:250,_ZNSt6vectorIdSaIdEE3endEv
FNDA:1153,_ZNKSt6vectorIdSaIdEE3endEv
FNDA:69,_ZNKSt6vectorIiSaIiEE3endEv
FNDA:26,_ZNKSt6vectorIN8f_config16FeaturePositionsESaIS1_EE3endEv
FNDA:0,_ZNKSt6vectorISsSaISsEE3endEv
FNDA:16526,_ZNKSt6vectorIdSaIdEE4sizeEv
FNDA:197,_ZNKSt6vectorIiSaIiEE4sizeEv
FNDA:85,_ZNKSt6vectorIN8f_config16FeaturePositionsESaIS1_EE4sizeEv
FNDA:0,_ZNKSt6vectorISsSaISsEE4sizeEv
FNDA:0,_ZNKSt6vectorIN5fasta7ResidueESaIS1_EE4sizeEv
FNDA:0,_ZNKSt6vectorIN5fasta8SequenceESaIS1_EE4sizeEv
FNDA:55366,_ZNSt6vectorIdSaIdEEixEm
FNDA:298,_ZNKSt6vectorIdSaIdEEixEm
FNDA:796,_ZNKSt6vectorIN5fasta7ResidueESaIS1_EEixEm
FNDA:868,_ZNKSt6vectorIN5fasta8SequenceESaIS1_EEixEm
FNDA:474,_ZNSt6vectorIdSaIdEE18_M_fill_initializeEmRKd
FNDA:436,_ZNSt6vectorIdSaIdEE14_M_move_assignEOS1_St17integral_constantIbLb1EE
FNF:77
FNH:59
DA:80,3587
DA:87,436
DA:88,436
DA:89,436
DA:91,1768
DA:92,1768
DA:93,1768
DA:96,1306
DA:98,1306
DA:99,1306
DA:102,1742
DA:104,1742
DA:105,1742
DA:106,1742
DA:107,1742
DA:114,6817
DA:115,6817
DA:118,1293
DA:119,1293
DA:125,436
DA:126,436
DA:135,1685
DA:136,1685
DA:137,1685
DA:143,1306
DA:144,1306
DA:145,1306
DA:160,3587
DA:161,3587
DA:162,3587
DA:168,1830
DA:169,1830
DA:172,3649
DA:174,3649
DA:175,1830
DA:176,3649
DA:180,1685
DA:182,1685
DA:183,1685
DA:184,1685
DA:185,1685
DA:246,436
DA:247,436
DA:278,470
DA:280,470
DA:281,470
DA:307,1215
DA:309,1215
DA:310,1215
DA:314,1215
DA:324,1306
DA:325,1306
DA:402,3587
DA:403,3587
DA:404,3587
DA:427,436
DA:431,436
DA:432,436
DA:434,436
DA:518,250
DA:519,250
DA:527,1248
DA:528,1248
DA:536,250
DA:537,250
DA:545,1248
DA:546,1248
DA:625,16808
DA:626,16808
DA:750,55366
DA:751,55366
DA:765,1962
DA:766,1962
DA:1179,474
DA:1181,474
DA:1183,474
DA:1184,474
DA:1329,436
DA:1331,436
DA:1332,436
DA:1333,436
DA:1334,0
DA:1336,436
LF:83
LH:82
end_of_record
SF:/usr/include/c++/4.7.2/ext/alloc_traits.h
FN:153,_ZN9__gnu_cxx14__alloc_traitsISaISsEE17_S_select_on_copyERKS1_
FN:153,_ZN9__gnu_cxx14__alloc_traitsISaIiEE17_S_select_on_copyERKS1_
FN:153,_ZN9__gnu_cxx14__alloc_traitsISaIN8f_config16FeaturePositionsEEE17_S_select_on_copyERKS3_
FN:153,_ZN9__gnu_cxx14__alloc_traitsISaIdEE17_S_select_on_copyERKS1_
FN:162,_ZN9__gnu_cxx14__alloc_traitsISaIdEE27_S_propagate_on_move_assignEv
FNDA:1143,_ZN9__gnu_cxx14__alloc_traitsISaIdEE17_S_select_on_copyERKS1_
FNDA:66,_ZN9__gnu_cxx14__alloc_traitsISaIiEE17_S_select_on_copyERKS1_
FNDA:6,_ZN9__gnu_cxx14__alloc_traitsISaIN8f_config16FeaturePositionsEEE17_S_select_on_copyERKS3_
FNDA:0,_ZN9__gnu_cxx14__alloc_traitsISaISsEE17_S_select_on_copyERKS1_
FNDA:436,_ZN9__gnu_cxx14__alloc_traitsISaIdEE27_S_propagate_on_move_assignEv
FNF:5
FNH:4
DA:153,1215
DA:154,1215
DA:162,436
DA:163,436
LF:4
LH:4
end_of_record
SF:/usr/include/c++/4.7.2/ext/atomicity.h
FN:47,_ZN9__gnu_cxxL18__exchange_and_addEPVii
FN:64,_ZN9__gnu_cxxL25__exchange_and_add_singleEPii
FN:77,_ZN9__gnu_cxxL27__exchange_and_add_dispatchEPii
FNDA:0,_ZN9__gnu_cxxL18__exchange_and_addEPVii
FNDA:0,_ZN9__gnu_cxxL25__exchange_and_add_singleEPii
FNDA:0,_ZN9__gnu_cxxL27__exchange_and_add_dispatchEPii
FNF:3
FNH:0
DA:47,0
DA:48,0
DA:64,0
DA:66,0
DA:67,0
DA:68,0
DA:77,0
DA:80,0
DA:81,0
DA:83,0
LF:10
LH:0
end_of_record
SF:/usr/include/c++/4.7.2/ext/concurrence.h
FN:68,_ZN9__gnu_cxx24__concurrence_lock_errorD2Ev
FN:68,_ZN9__gnu_cxx24__concurrence_lock_errorD0Ev
FN:72,_ZNK9__gnu_cxx24__concurrence_lock_error4whatEv
FN:76,_ZN9__gnu_cxx26__concurrence_unlock_errorD0Ev
FN:76,_ZN9__gnu_cxx26__concurrence_unlock_errorD2Ev
FN:80,_ZNK9__gnu_cxx26__concurrence_unlock_error4whatEv
FN:84,_ZN9__gnu_cxx29__concurrence_broadcast_errorD0Ev
FN:84,_ZN9__gnu_cxx29__concurrence_broadcast_errorD2Ev
FN:88,_ZNK9__gnu_cxx29__concurrence_broadcast_error4whatEv
FN:92,_ZN9__gnu_cxx24__concurrence_wait_errorD0Ev
FN:92,_ZN9__gnu_cxx24__concurrence_wait_errorD2Ev
FN:96,_ZNK9__gnu_cxx24__concurrence_wait_error4whatEv
FNDA:0,_ZN9__gnu_cxx24__concurrence_lock_errorD0Ev
FNDA:0,_ZN9__gnu_cxx24__concurrence_lock_errorD2Ev
FNDA:0,_ZNK9__gnu_cxx24__concurrence_lock_error4whatEv
FNDA:0,_ZN9__gnu_cxx26__concurrence_unlock_errorD0Ev
FNDA:0,_ZN9__gnu_cxx26__concurrence_unlock_errorD2Ev
FNDA:0,_ZNK9__gnu_cxx26__concurrence_unlock_error4whatEv
FNDA:0,_ZN9__gnu_cxx29__concurrence_broadcast_errorD0Ev
FNDA:0,_ZN9__gnu_cxx29__concurrence_broadcast_errorD2Ev
FNDA:0,_ZNK9__gnu_cxx29__concurrence_broadcast_error4whatEv
FNDA:0,_ZN9__gnu_cxx24__concurrence_wait_errorD0Ev
FNDA:0,_ZN9__gnu_cxx24__concurrence_wait_errorD2Ev
FNDA:0,_ZNK9__gnu_cxx24__concurrence_wait_error4whatEv
FNF:12
FNH:0
DA:68,0
DA:72,0
DA:73,0
DA:76,0
DA:80,0
DA:81,0
DA:84,0
DA:88,0
DA:89,0
DA:92,0
DA:96,0
DA:97,0
LF:12
LH:0
end_of_record
SF:/usr/include/c++/4.7.2/ext/new_allocator.h
FN:69,_ZN9__gnu_cxx13new_allocatorISt13_Rb_tree_nodeISt4pairIKSsSt6vectorIdSaIdEEEEEC2Ev
FN:69,_ZN9__gnu_cxx13new_allocatorIcEC2Ev
FN:69,_ZN9__gnu_cxx13new_allocatorIdEC2Ev
FN:71,_ZN9__gnu_cxx13new_allocatorIdEC2ERKS1_
FN:71,_ZN9__gnu_cxx13new_allocatorISsEC2ERKS1_
FN:71,_ZN9__gnu_cxx13new_allocatorISt13_Rb_tree_nodeISt4pairIKSsSt6vectorIdSaIdEEEEEC2ERKS9_
FN:71,_ZN9__gnu_cxx13new_allocatorISt13_Rb_tree_nodeISt4pairIKSsdEEEC2ERKS6_
FN:71,_ZN9__gnu_cxx13new_allocatorIiEC2ERKS1_
FN:71,_ZN9__gnu_cxx13new_allocatorIN8f_config16FeaturePositionsEEC2ERKS3_
FN:71,_ZN9__gnu_cxx13new_allocatorIcEC2ERKS1_
FN:76,_ZN9__gnu_cxx13new_allocatorIiED2Ev
FN:76,_ZN9__gnu_cxx13new_allocatorIN8f_config16FeaturePositionsEED2Ev
FN:76,_ZN9__gnu_cxx13new_allocatorIdED2Ev
FN:76,_ZN9__gnu_cxx13new_allocatorIcED2Ev
FN:76,_ZN9__gnu_cxx13new_allocatorISt13_Rb_tree_nodeISt4pairIKSsSt6vectorIdSaIdEEEEED2Ev
FN:76,_ZN9__gnu_cxx13new_allocatorISt13_Rb_tree_nodeISt4pairIKSsdEEED2Ev
FN:76,_ZN9__gnu_cxx13new_allocatorISsED2Ev
FN:89,_ZN9__gnu_cxx13new_allocatorISsE8allocateEmPKv
FN:89,_ZN9__gnu_cxx13new_allocatorIiE8allocateEmPKv
FN:89,_ZN9__gnu_cxx13new_allocatorISt13_Rb_tree_nodeISt4pairIKSsSt6vectorIdSaIdEEEEE8allocateEmPKv
FN:89,_ZN9__gnu_cxx13new_allocatorISt13_Rb_tree_nodeISt4pairIKSsdEEE8allocateEmPKv
FN:89,_ZN9__gnu_cxx13new_allocatorIN8f_config16FeaturePositionsEE8allocateEmPKv
FN:89,_ZN9__gnu_cxx13new_allocatorIdE8allocateEmPKv
FN:99,_ZN9__gnu_cxx13new_allocatorIdE10deallocateEPdm
FN:99,_ZN9__gnu_cxx13new_allocatorISsE10deallocateEPSsm
FN:99,_ZN9__gnu_cxx13new_allocatorISt13_Rb_tree_nodeISt4pairIKSsSt6vectorIdSaIdEEEEE10deallocateEPS8_m
FN:99,_ZN9__gnu_cxx13new_allocatorIN8f_config16FeaturePositionsEE10deallocateEPS2_m
FN:99,_ZN9__gnu_cxx13new_allocatorISt13_Rb_tree_nodeISt4pairIKSsdEEE10deallocateEPS5_m
FN:99,_ZN9__gnu_cxx13new_allocatorIiE10deallocateEPim
FN:103,_ZNK9__gnu_cxx13new_allocatorISt13_Rb_tree_nodeISt4pairIKSsSt6vectorIdSaIdEEEEE8max_sizeEv
FN:103,_ZNK9__gnu_cxx13new_allocatorIdE8max_sizeEv
FN:103,_ZNK9__gnu_cxx13new_allocatorISsE8max_sizeEv
FN:103,_ZNK9__gnu_cxx13new_allocatorISt13_Rb_tree_nodeISt4pairIKSsdEEE8max_sizeEv
FN:103,_ZNK9__gnu_cxx13new_allocatorIN8f_config16FeaturePositionsEE8max_sizeEv
FN:103,_ZNK9__gnu_cxx13new_allocatorIiE8max_sizeEv
FN:109,_ZN9__gnu_cxx13new_allocatorISt13_Rb_tree_nodeISt4pairIKSsSt6vectorIdSaIdEEEEE9constructIS8_IRKS7_EEEvPT_DpOT0_
FN:109,_ZN9__gnu_cxx13new_allocatorISt13_Rb_tree_nodeISt4pairIKSsSt6vectorIdSaIdEEEEE9constructIS8_IS7_EEEvPT_DpOT0_
FN:109,_ZN9__gnu_cxx13new_allocatorISt13_Rb_tree_nodeISt4pairIKSsdEEE9constructIS5_IRKS4_EEEvPT_DpOT0_
FN:109,_ZN9__gnu_cxx13new_allocatorISt13_Rb_tree_nodeISt4pairIKSsdEEE9constructIS5_IS4_EEEvPT_DpOT0_
FN:114,_ZN9__gnu_cxx13new_allocatorISt13_Rb_tree_nodeISt4pairIKSsdEEE7destroyIS5_EEvPT_
FN:114,_ZN9__gnu_cxx13new_allocatorISt13_Rb_tree_nodeISt4pairIKSsSt6vectorIdSaIdEEEEE7destroyIS8_EEvPT_
FNDA:17,_ZN9__gnu_cxx13new_allocatorISt13_Rb_tree_nodeISt4pairIKSsSt6vectorIdSaIdEEEEEC2Ev
FNDA:988,_ZN9__gnu_cxx13new_allocatorIdEC2Ev
FNDA:0,_ZN9__gnu_cxx13new_allocatorIcEC2Ev
FNDA:139,_ZN9__gnu_cxx13new_allocatorIiEC2ERKS1_
FNDA:1,_ZN9__gnu_cxx13new_allocatorISt13_Rb_tree_nodeISt4pairIKSsSt6vectorIdSaIdEEEEEC2ERKS9_
FNDA:4144,_ZN9__gnu_cxx13new_allocatorIdEC2ERKS1_
FNDA:7,_ZN9__gnu_cxx13new_allocatorISt13_Rb_tree_nodeISt4pairIKSsdEEEC2ERKS6_
FNDA:38,_ZN9__gnu_cxx13new_allocatorIN8f_config16FeaturePositionsEEC2ERKS3_
FNDA:0,_ZN9__gnu_cxx13new_allocatorISsEC2ERKS1_
FNDA:0,_ZN9__gnu_cxx13new_allocatorIcEC2ERKS1_
FNDA:159,_ZN9__gnu_cxx13new_allocatorIiED2Ev
FNDA:64,_ZN9__gnu_cxx13new_allocatorIN8f_config16FeaturePositionsEED2Ev
FNDA:18,_ZN9__gnu_cxx13new_allocatorISt13_Rb_tree_nodeISt4pairIKSsSt6vectorIdSaIdEEEEED2Ev
[...]
FNDA:0,_ZSt22__uninitialized_copy_aIPN5fasta8SequenceES2_S1_ET0_T_S4_S3_RSaIT1_E
FNDA:0,_ZSt22__uninitialized_copy_aIN9__gnu_cxx17__normal_iteratorIPKSsSt6vectorISsSaISsEEEEPSsSsET0_T_SA_S9_RSaIT1_E
FNDA:0,_ZSt34__uninitialized_move_if_noexcept_aIPSsS0_SaISsEET0_T_S3_S2_RT1_
FNF:25
FNH:6
DA:70,67
DA:73,67
DA:76,299
DA:77,232
DA:78,67
DA:80,0
DA:82,0
DA:83,0
DA:109,67
DA:119,67
DA:258,67
DA:260,67
DA:276,0
DA:283,0
LF:14
LH:9
end_of_record
SF:/usr/include/c++/4.7.2/bits/stl_vector.h
FN:80,_ZNSt12_Vector_baseIN5fasta8SequenceESaIS1_EE12_Vector_implD2Ev
FN:80,_ZNSt12_Vector_baseISsSaISsEE12_Vector_implD2Ev
FN:80,_ZNSt12_Vector_baseIN5fasta7ResidueESaIS1_EE12_Vector_implD2Ev
FN:87,_ZNSt12_Vector_baseIN5fasta8SequenceESaIS1_EE12_Vector_implC2Ev
FN:87,_ZNSt12_Vector_baseISsSaISsEE12_Vector_implC2Ev
FN:91,_ZNSt12_Vector_baseIN5fasta7ResidueESaIS1_EE12_Vector_implC2ERKS2_
FN:91,_ZNSt12_Vector_baseISsSaISsEE12_Vector_implC2ERKS0_
FN:96,_ZNSt12_Vector_baseISsSaISsEE12_Vector_implC2EOS0_
FN:102,_ZNSt12_Vector_baseISsSaISsEE12_Vector_impl12_M_swap_dataERS2_
FN:114,_ZNSt12_Vector_baseIN5fasta8SequenceESaIS1_EE19_M_get_Tp_allocatorEv
FN:114,_ZNSt12_Vector_baseIN5fasta7ResidueESaIS1_EE19_M_get_Tp_allocatorEv
FN:114,_ZNSt12_Vector_baseISsSaISsEE19_M_get_Tp_allocatorEv
FN:118,_ZNKSt12_Vector_baseIN5fasta8SequenceESaIS1_EE19_M_get_Tp_allocatorEv
FN:118,_ZNKSt12_Vector_baseISsSaISsEE19_M_get_Tp_allocatorEv
FN:118,_ZNKSt12_Vector_baseIN5fasta7ResidueESaIS1_EE19_M_get_Tp_allocatorEv
FN:125,_ZNSt12_Vector_baseIN5fasta8SequenceESaIS1_EEC2Ev
FN:125,_ZNSt12_Vector_baseISsSaISsEEC2Ev
FN:128,_ZNSt12_Vector_baseISsSaISsEEC2ERKS0_
FN:135,_ZNSt12_Vector_baseIN5fasta7ResidueESaIS1_EEC2EmRKS2_
FN:135,_ZNSt12_Vector_baseISsSaISsEEC2EmRKS0_
FN:143,_ZNSt12_Vector_baseISsSaISsEEC2EOS1_
FN:160,_ZNSt12_Vector_baseISsSaISsEED2Ev
FN:160,_ZNSt12_Vector_baseIN5fasta8SequenceESaIS1_EED2Ev
FN:160,_ZNSt12_Vector_baseIN5fasta7ResidueESaIS1_EED2Ev
FN:168,_ZNSt12_Vector_baseIN5fasta8SequenceESaIS1_EE11_M_allocateEm
FN:168,_ZNSt12_Vector_baseISsSaISsEE11_M_allocateEm
FN:168,_ZNSt12_Vector_baseIN5fasta7ResidueESaIS1_EE11_M_allocateEm
FN:172,_ZNSt12_Vector_baseISsSaISsEE13_M_deallocateEPSsm
FN:172,_ZNSt12_Vector_baseIN5fasta7ResidueESaIS1_EE13_M_deallocateEPS1_m
FN:172,_ZNSt12_Vector_baseIN5fasta8SequenceESaIS1_EE13_M_deallocateEPS1_m
FN:180,_ZNSt12_Vector_baseISsSaISsEE17_M_create_storageEm
FN:180,_ZNSt12_Vector_baseIN5fasta7ResidueESaIS1_EE17_M_create_storageEm
FN:246,_ZNSt6vectorISsSaISsEEC2Ev
FN:246,_ZNSt6vectorIN5fasta8SequenceESaIS1_EEC2Ev
FN:307,_ZNSt6vectorISsSaISsEEC2ERKS1_
FN:307,_ZNSt6vectorIN5fasta7ResidueESaIS1_EEC2ERKS3_
FN:324,_ZNSt6vectorISsSaISsEEC2EOS1_
FN:361,_ZNSt6vectorISsSaISsEEC2ESt16initializer_listISsERKS0_
FN:402,_ZNSt6vectorISsSaISsEED2Ev
FN:402,_ZNSt6vectorIN5fasta8SequenceESaIS1_EED2Ev
FN:402,_ZNSt6vectorIN5fasta7ResidueESaIS1_EED2Ev
FN:427,_ZNSt6vectorISsSaISsEEaSEOS1_
FN:518,_ZNSt6vectorIN5fasta7ResidueESaIS1_EE5beginEv
FN:518,_ZNSt6vectorISsSaISsEE5beginEv
FN:518,_ZNSt6vectorIN5fasta8SequenceESaIS1_EE5beginEv
FN:527,_ZNKSt6vectorIN8f_config16FeaturePositionsESaIS1_EE5beginEv
FN:527,_ZNKSt6vectorIN5fasta7ResidueESaIS1_EE5beginEv
FN:527,_ZNKSt6vectorISsSaISsEE5beginEv
FN:527,_ZNKSt6vectorIN5fasta8SequenceESaIS1_EE5beginEv
FN:527,_ZNKSt6vectorIiSaIiEE5beginEv
FN:536,_ZNSt6vectorIN5fasta8SequenceESaIS1_EE3endEv
FN:536,_ZNSt6vectorISsSaISsEE3endEv
FN:536,_ZNSt6vectorIN5fasta7ResidueESaIS1_EE3endEv
FN:545,_ZNKSt6vectorIN5fasta7ResidueESaIS1_EE3endEv
FN:545,_ZNKSt6vectorIN8f_config16FeaturePositionsESaIS1_EE3endEv
FN:545,_ZNKSt6vectorISsSaISsEE3endEv
FN:545,_ZNKSt6vectorIN5fasta8SequenceESaIS1_EE3endEv
FN:545,_ZNKSt6vectorIiSaIiEE3endEv
FN:625,_ZNKSt6vectorISsSaISsEE4sizeEv
FN:625,_ZNKSt6vectorIN5fasta7ResidueESaIS1_EE4sizeEv
FN:625,_ZNKSt6vectorIN5fasta8SequenceESaIS1_EE4sizeEv
FN:630,_ZNKSt6vectorISsSaISsEE8max_sizeEv
FN:705,_ZNKSt6vectorISsSaISsEE8capacityEv
FN:705,_ZNKSt6vectorIN5fasta7ResidueESaIS1_EE8capacityEv
FN:705,_ZNKSt6vectorIN5fasta8SequenceESaIS1_EE8capacityEv
FN:750,_ZNSt6vectorIN5fasta7ResidueESaIS1_EEixEm
FN:750,_ZNSt6vectorIN5fasta8SequenceESaIS1_EEixEm
FN:881,_ZNSt6vectorISsSaISsEE9push_backERKSs
FN:1096,_ZNSt6vectorISsSaISsEE5clearEv
FN:1096,_ZNSt6vectorIN5fasta8SequenceESaIS1_EE5clearEv
FN:1096,_ZNSt6vectorIN5fasta7ResidueESaIS1_EE5clearEv
FN:1106,_ZNSt6vectorISsSaISsEE20_M_allocate_and_copyIN9__gnu_cxx17__normal_iteratorIPKSsS1_EEEEPSsmT_S9_
FN:1106,_ZNSt6vectorIN5fasta8SequenceESaIS1_EE20_M_allocate_and_copyIN9__gnu_cxx17__normal_iteratorIPKS1_S3_EEEEPS1_mT_SB_
FN:1106,_ZNSt6vectorIN5fasta7ResidueESaIS1_EE20_M_allocate_and_copyIN9__gnu_cxx17__normal_iteratorIPKS1_S3_EEEEPS1_mT_SB_
FN:1164,_ZNSt6vectorISsSaISsEE19_M_range_initializeIPKSsEEvT_S5_St20forward_iterator_tag
FN:1303,_ZNKSt6vectorISsSaISsEE12_M_check_lenEmPKc
FN:1317,_ZNSt6vectorIN5fasta8SequenceESaIS1_EE15_M_erase_at_endEPS1_
FN:1317,_ZNSt6vectorIN5fasta7ResidueESaIS1_EE15_M_erase_at_endEPS1_
FN:1317,_ZNSt6vectorISsSaISsEE15_M_erase_at_endEPSs
FN:1329,_ZNSt6vectorISsSaISsEE14_M_move_assignEOS1_St17integral_constantIbLb1EE
FNDA:0,_ZNSt12_Vector_baseIN5fasta7ResidueESaIS1_EE12_Vector_implD2Ev
FNDA:0,_ZNSt12_Vector_baseIN5fasta8SequenceESaIS1_EE12_Vector_implD2Ev
FNDA:0,_ZNSt12_Vector_baseISsSaISsEE12_Vector_implD2Ev
FNDA:0,_ZNSt12_Vector_baseIN5fasta8SequenceESaIS1_EE12_Vector_implC2Ev
FNDA:0,_ZNSt12_Vector_baseISsSaISsEE12_Vector_implC2Ev
FNDA:0,_ZNSt12_Vector_baseIN5fasta7ResidueESaIS1_EE12_Vector_implC2ERKS2_
FNDA:0,_ZNSt12_Vector_baseISsSaISsEE12_Vector_implC2ERKS0_
FNDA:0,_ZNSt12_Vector_baseISsSaISsEE12_Vector_implC2EOS0_
FNDA:0,_ZNSt12_Vector_baseISsSaISsEE12_Vector_impl12_M_swap_dataERS2_
FNDA:0,_ZNSt12_Vector_baseIN5fasta7ResidueESaIS1_EE19_M_get_Tp_allocatorEv
FNDA:0,_ZNSt12_Vector_baseIN5fasta8SequenceESaIS1_EE19_M_get_Tp_allocatorEv
FNDA:0,_ZNSt12_Vector_baseISsSaISsEE19_M_get_Tp_allocatorEv
FNDA:0,_ZNKSt12_Vector_baseIN5fasta7ResidueESaIS1_EE19_M_get_Tp_allocatorEv
FNDA:0,_ZNKSt12_Vector_baseIN5fasta8SequenceESaIS1_EE19_M_get_Tp_allocatorEv
FNDA:0,_ZNKSt12_Vector_baseISsSaISsEE19_M_get_Tp_allocatorEv
FNDA:0,_ZNSt12_Vector_baseIN5fasta8SequenceESaIS1_EEC2Ev
FNDA:0,_ZNSt12_Vector_baseISsSaISsEEC2Ev
FNDA:0,_ZNSt12_Vector_baseISsSaISsEEC2ERKS0_
FNDA:0,_ZNSt12_Vector_baseIN5fasta7ResidueESaIS1_EEC2EmRKS2_
FNDA:0,_ZNSt12_Vector_baseISsSaISsEEC2EmRKS0_
FNDA:0,_ZNSt12_Vector_baseISsSaISsEEC2EOS1_
FNDA:0,_ZNSt12_Vector_baseIN5fasta7ResidueESaIS1_EED2Ev
FNDA:0,_ZNSt12_Vector_baseIN5fasta8SequenceESaIS1_EED2Ev
FNDA:0,_ZNSt12_Vector_baseISsSaISsEED2Ev
FNDA:0,_ZNSt12_Vector_baseIN5fasta7ResidueESaIS1_EE11_M_allocateEm
FNDA:0,_ZNSt12_Vector_baseISsSaISsEE11_M_allocateEm
FNDA:0,_ZNSt12_Vector_baseIN5fasta8SequenceESaIS1_EE11_M_allocateEm
FNDA:0,_ZNSt12_Vector_baseIN5fasta7ResidueESaIS1_EE13_M_deallocateEPS1_m
FNDA:0,_ZNSt12_Vector_baseISsSaISsEE13_M_deallocateEPSsm
FNDA:0,_ZNSt12_Vector_baseIN5fasta8SequenceESaIS1_EE13_M_deallocateEPS1_m
FNDA:0,_ZNSt12_Vector_baseIN5fasta7ResidueESaIS1_EE17_M_create_storageEm
FNDA:0,_ZNSt12_Vector_baseISsSaISsEE17_M_create_storageEm
FNDA:0,_ZNSt6vectorIN5fasta8SequenceESaIS1_EEC2Ev
FNDA:0,_ZNSt6vectorISsSaISsEEC2Ev
FNDA:0,_ZNSt6vectorIN5fasta7ResidueESaIS1_EEC2ERKS3_
FNDA:0,_ZNSt6vectorISsSaISsEEC2ERKS1_
FNDA:0,_ZNSt6vectorISsSaISsEEC2EOS1_
FNDA:42,_ZNSt6vectorISsSaISsEEC2ESt16initializer_listISsERKS0_
FNDA:0,_ZNSt6vectorIN5fasta7ResidueESaIS1_EED2Ev
FNDA:0,_ZNSt6vectorIN5fasta8SequenceESaIS1_EED2Ev
FNDA:0,_ZNSt6vectorISsSaISsEED2Ev
FNDA:0,_ZNSt6vectorISsSaISsEEaSEOS1_
FNDA:0,_ZNSt6vectorIN5fasta7ResidueESaIS1_EE5beginEv
FNDA:0,_ZNSt6vectorIN5fasta8SequenceESaIS1_EE5beginEv
FNDA:0,_ZNSt6vectorISsSaISsEE5beginEv
FNDA:0,_ZNKSt6vectorISsSaISsEE5beginEv
FNDA:0,_ZNKSt6vectorIN5fasta7ResidueESaIS1_EE5beginEv
FNDA:26,_ZNKSt6vectorIN5fasta8SequenceESaIS1_EE5beginEv
FNDA:0,_ZNKSt6vectorIiSaIiEE5beginEv
FNDA:0,_ZNKSt6vectorIN8f_config16FeaturePositionsESaIS1_EE5beginEv
FNDA:0,_ZNSt6vectorIN5fasta7ResidueESaIS1_EE3endEv
FNDA:0,_ZNSt6vectorIN5fasta8SequenceESaIS1_EE3endEv
FNDA:0,_ZNSt6vectorISsSaISsEE3endEv
FNDA:0,_ZNKSt6vectorISsSaISsEE3endEv
FNDA:0,_ZNKSt6vectorIN5fasta7ResidueESaIS1_EE3endEv
FNDA:26,_ZNKSt6vectorIN5fasta8SequenceESaIS1_EE3endEv
FNDA:0,_ZNKSt6vectorIiSaIiEE3endEv
FNDA:0,_ZNKSt6vectorIN8f_config16FeaturePositionsESaIS1_EE3endEv
FNDA:0,_ZNKSt6vectorIN5fasta7ResidueESaIS1_EE4sizeEv
FNDA:0,_ZNKSt6vectorIN5fasta8SequenceESaIS1_EE4sizeEv
FNDA:0,_ZNKSt6vectorISsSaISsEE4sizeEv
FNDA:0,_ZNKSt6vectorISsSaISsEE8max_sizeEv
FNDA:0,_ZNKSt6vectorISsSaISsEE8capacityEv
FNDA:0,_ZNKSt6vectorIN5fasta7ResidueESaIS1_EE8capacityEv
FNDA:3,_ZNKSt6vectorIN5fasta8SequenceESaIS1_EE8capacityEv
FNDA:0,_ZNSt6vectorIN5fasta7ResidueESaIS1_EEixEm
FNDA:272,_ZNSt6vectorIN5fasta8SequenceESaIS1_EEixEm
FNDA:0,_ZNSt6vectorISsSaISsEE9push_backERKSs
FNDA:0,_ZNSt6vectorISsSaISsEE5clearEv
FNDA:0,_ZNSt6vectorIN5fasta7ResidueESaIS1_EE5clearEv
FNDA:0,_ZNSt6vectorIN5fasta8SequenceESaIS1_EE5clearEv
FNDA:0,_ZNSt6vectorISsSaISsEE20_M_allocate_and_copyIN9__gnu_cxx17__normal_iteratorIPKSsS1_EEEEPSsmT_S9_
FNDA:0,_ZNSt6vectorIN5fasta7ResidueESaIS1_EE20_M_allocate_and_copyIN9__gnu_cxx17__normal_iteratorIPKS1_S3_EEEEPS1_mT_SB_
FNDA:3,_ZNSt6vectorIN5fasta8SequenceESaIS1_EE20_M_allocate_and_copyIN9__gnu_cxx17__normal_iteratorIPKS1_S3_EEEEPS1_mT_SB_
FNDA:42,_ZNSt6vectorISsSaISsEE19_M_range_initializeIPKSsEEvT_S5_St20forward_iterator_tag
FNDA:0,_ZNKSt6vectorISsSaISsEE12_M_check_lenEmPKc
FNDA:0,_ZNSt6vectorISsSaISsEE15_M_erase_at_endEPSs
FNDA:0,_ZNSt6vectorIN5fasta7ResidueESaIS1_EE15_M_erase_at_endEPS1_
FNDA:0,_ZNSt6vectorIN5fasta8SequenceESaIS1_EE15_M_erase_at_endEPS1_
FNDA:0,_ZNSt6vectorISsSaISsEE14_M_move_assignEOS1_St17integral_constantIbLb1EE
FNF:80
FNH:7
DA:80,0
DA:87,0
DA:88,0
DA:89,0
DA:91,0
DA:92,0
DA:93,0
DA:96,0
DA:98,0
DA:99,0
DA:102,0
DA:104,0
DA:105,0
DA:106,0
DA:107,0
DA:114,0
DA:115,0
DA:118,0
DA:119,0
DA:125,0
DA:126,0
DA:128,0
DA:129,0
DA:135,0
DA:136,0
DA:137,0
DA:143,0
DA:144,0
DA:145,0
DA:160,0
DA:161,0
DA:162,0
DA:168,0
DA:169,0
DA:172,0
DA:174,0
DA:175,0
DA:176,0
DA:180,0
DA:182,0
DA:183,0
DA:184,0
DA:185,0
DA:246,0
DA:247,0
DA:307,0
DA:309,0
DA:310,0
DA:314,0
DA:324,0
DA:325,0
DA:361,42
DA:363,42
DA:365,42
DA:367,42
DA:402,0
DA:403,0
DA:404,0
DA:427,0
DA:431,0
DA:432,0
DA:434,0
DA:518,0
DA:519,0
DA:527,26
DA:528,26
DA:536,0
DA:537,0
DA:545,26
DA:546,26
DA:625,0
DA:626,0
DA:630,0
DA:631,0
DA:705,3
DA:707,3
DA:750,272
DA:751,272
DA:881,0
DA:883,0
DA:885,0
DA:887,0
DA:891,0
DA:895,0
DA:1096,0
DA:1097,0
DA:1106,3
DA:1109,3
DA:1112,3
DA:1114,3
DA:1116,0
DA:1118,0
DA:1119,0
DA:1164,42
DA:1167,42
DA:1168,42
DA:1169,42
DA:1170,42
DA:1174,42
DA:1303,0
DA:1305,0
DA:1306,0
DA:1308,0
DA:1309,0
DA:1317,0
DA:1319,0
DA:1320,0
DA:1321,0
DA:1329,0
DA:1331,0
DA:1332,0
DA:1333,0
DA:1334,0
DA:1336,0
LF:114
LH:22
end_of_record
SF:/usr/include/c++/4.7.2/bits/vector.tcc
FN:161,_ZNSt6vectorISsSaISsEEaSERKS1_
FN:161,_ZNSt6vectorIN5fasta8SequenceESaIS1_EEaSERKS3_
FN:161,_ZNSt6vectorIN5fasta7ResidueESaIS1_EEaSERKS3_
FN:397,_ZNSt6vectorISsSaISsEE19_M_emplace_back_auxIIRKSsEEEvDpOT_
FNDA:0,_ZNSt6vectorISsSaISsEEaSERKS1_
FNDA:0,_ZNSt6vectorIN5fasta7ResidueESaIS1_EEaSERKS3_
FNDA:3,_ZNSt6vectorIN5fasta8SequenceESaIS1_EEaSERKS3_
FNDA:0,_ZNSt6vectorISsSaISsEE19_M_emplace_back_auxIIRKSsEEEvDpOT_
FNF:4
FNH:1
DA:161,3
DA:164,3
DA:167,3
DA:169,0
DA:173,0
DA:174,0
DA:178,0
DA:182,3
DA:183,3
DA:186,3
DA:187,3
DA:189,3
DA:192,3
DA:193,3
DA:195,0
DA:197,0
DA:202,0
DA:204,0
DA:209,3
DA:211,3
DA:397,0
DA:401,0
DA:402,0
DA:403,0
DA:406,0
DA:408,0
DA:410,0
DA:415,0
DA:417,0
DA:419,0
DA:420,0
DA:422,0
DA:423,0
DA:424,0
DA:426,0
DA:428,0
DA:431,0
DA:432,0
DA:433,0
DA:434,0
LF:40
LH:12
end_of_record
SF:/usr/include/c++/4.7.2/ext/alloc_traits.h
FN:153,_ZN9__gnu_cxx14__alloc_traitsISaIN5fasta7ResidueEEE17_S_select_on_copyERKS3_
FN:153,_ZN9__gnu_cxx14__alloc_traitsISaISsEE17_S_select_on_copyERKS1_
FN:159,_ZN9__gnu_cxx14__alloc_traitsISaIN5fasta8SequenceEEE27_S_propagate_on_copy_assignEv
FN:159,_ZN9__gnu_cxx14__alloc_traitsISaIN5fasta7ResidueEEE27_S_propagate_on_copy_assignEv
FN:159,_ZN9__gnu_cxx14__alloc_traitsISaISsEE27_S_propagate_on_copy_assignEv
FN:162,_ZN9__gnu_cxx14__alloc_traitsISaISsEE27_S_propagate_on_move_assignEv
FN:168,_ZN9__gnu_cxx14__alloc_traitsISaISsEE15_S_always_equalEv
FN:168,_ZN9__gnu_cxx14__alloc_traitsISaIN5fasta7ResidueEEE15_S_always_equalEv
FN:168,_ZN9__gnu_cxx14__alloc_traitsISaIN5fasta8SequenceEEE15_S_always_equalEv
FNDA:0,_ZN9__gnu_cxx14__alloc_traitsISaIN5fasta7ResidueEEE17_S_select_on_copyERKS3_
FNDA:0,_ZN9__gnu_cxx14__alloc_traitsISaISsEE17_S_select_on_copyERKS1_
FNDA:0,_ZN9__gnu_cxx14__alloc_traitsISaISsEE27_S_propagate_on_copy_assignEv
FNDA:0,_ZN9__gnu_cxx14__alloc_traitsISaIN5fasta7ResidueEEE27_S_propagate_on_copy_assignEv
FNDA:3,_ZN9__gnu_cxx14__alloc_traitsISaIN5fasta8SequenceEEE27_S_propagate_on_copy_assignEv
FNDA:0,_ZN9__gnu_cxx14__alloc_traitsISaISsEE27_S_propagate_on_move_assignEv
FNDA:0,_ZN9__gnu_cxx14__alloc_traitsISaIN5fasta7ResidueEEE15_S_always_equalEv
FNDA:0,_ZN9__gnu_cxx14__alloc_traitsISaIN5fasta8SequenceEEE15_S_always_equalEv
FNDA:0,_ZN9__gnu_cxx14__alloc_traitsISaISsEE15_S_always_equalEv
FNF:9
FNH:1
DA:153,0
DA:154,0
DA:159,3
DA:160,3
DA:162,0
DA:163,0
DA:168,0
DA:169,0
LF:8
LH:2
end_of_record
SF:/usr/include/c++/4.7.2/ext/atomicity.h
FN:47,_ZN9__gnu_cxxL18__exchange_and_addEPVii
FN:64,_ZN9__gnu_cxxL25__exchange_and_add_singleEPii
FN:77,_ZN9__gnu_cxxL27__exchange_and_add_dispatchEPii
FNDA:0,_ZN9__gnu_cxxL18__exchange_and_addEPVii
FNDA:0,_ZN9__gnu_cxxL25__exchange_and_add_singleEPii
FNDA:0,_ZN9__gnu_cxxL27__exchange_and_add_dispatchEPii
FNF:3
FNH:0
DA:47,0
DA:48,0
DA:64,0
DA:66,0
DA:67,0
DA:68,0
DA:77,0
DA:80,0
DA:81,0
DA:83,0
LF:10
LH:0
end_of_record
SF:/usr/include/c++/4.7.2/ext/new_allocator.h
FN:69,_ZN9__gnu_cxx13new_allocatorISsEC2Ev
FN:69,_ZN9__gnu_cxx13new_allocatorISt13_Rb_tree_nodeISt4pairIKSsdEEEC2Ev
FN:69,_ZN9__gnu_cxx13new_allocatorIcEC2Ev
FN:69,_ZN9__gnu_cxx13new_allocatorIN5fasta8SequenceEEC2Ev
FN:71,_ZN9__gnu_cxx13new_allocatorISsEC2ERKS1_
FN:71,_ZN9__gnu_cxx13new_allocatorIN5fasta7ResidueEEC2ERKS3_
FN:71,_ZN9__gnu_cxx13new_allocatorIcEC2ERKS1_
FN:76,_ZN9__gnu_cxx13new_allocatorIcED2Ev
FN:76,_ZN9__gnu_cxx13new_allocatorIN5fasta7ResidueEED2Ev
FN:76,_ZN9__gnu_cxx13new_allocatorISt13_Rb_tree_nodeISt4pairIKSsdEEED2Ev
FN:76,_ZN9__gnu_cxx13new_allocatorIN5fasta8SequenceEED2Ev
FN:76,_ZN9__gnu_cxx13new_allocatorISsED2Ev
FN:89,_ZN9__gnu_cxx13new_allocatorIN5fasta7ResidueEE8allocateEmPKv
FN:89,_ZN9__gnu_cxx13new_allocatorISsE8allocateEmPKv
FN:89,_ZN9__gnu_cxx13new_allocatorISt13_Rb_tree_nodeISt4pairIKSsdEEE8allocateEmPKv
FN:89,_ZN9__gnu_cxx13new_allocatorIN5fasta8SequenceEE8allocateEmPKv
FN:99,_ZN9__gnu_cxx13new_allocatorIN5fasta7ResidueEE10deallocateEPS2_m
FN:99,_ZN9__gnu_cxx13new_allocatorISt13_Rb_tree_nodeISt4pairIKSsdEEE10deallocateEPS5_m
FN:99,_ZN9__gnu_cxx13new_allocatorISsE10deallocateEPSsm
FN:99,_ZN9__gnu_cxx13new_allocatorIN5fasta8SequenceEE10deallocateEPS2_m
FN:103,_ZNK9__gnu_cxx13new_allocatorIN5fasta7ResidueEE8max_sizeEv
FN:103,_ZNK9__gnu_cxx13new_allocatorIN5fasta8SequenceEE8max_sizeEv
FN:103,_ZNK9__gnu_cxx13new_allocatorISt13_Rb_tree_nodeISt4pairIKSsdEEE8max_sizeEv
FN:103,_ZNK9__gnu_cxx13new_allocatorISsE8max_sizeEv
FN:109,_ZN9__gnu_cxx13new_allocatorISt13_Rb_tree_nodeISt4pairIKSsdEEE9constructIS5_IRKS4_EEEvPT_DpOT0_
FN:109,_ZN9__gnu_cxx13new_allocatorISsE9constructISsIRKSsEEEvPT_DpOT0_
FN:114,_ZN9__gnu_cxx13new_allocatorISt13_Rb_tree_nodeISt4pairIKSsdEEE7destroyIS5_EEvPT_
FN:114,_ZN9__gnu_cxx13new_allocatorISsE7destroyISsEEvPT_
FNDA:0,_ZN9__gnu_cxx13new_allocatorISt13_Rb_tree_nodeISt4pairIKSsdEEEC2Ev
FNDA:0,_ZN9__gnu_cxx13new_allocatorIN5fasta8SequenceEEC2Ev
FNDA:0,_ZN9__gnu_cxx13new_allocatorISsEC2Ev
FNDA:0,_ZN9__gnu_cxx13new_allocatorIcEC2Ev
FNDA:0,_ZN9__gnu_cxx13new_allocatorIN5fasta7ResidueEEC2ERKS3_
FNDA:0,_ZN9__gnu_cxx13new_allocatorISsEC2ERKS1_
FNDA:0,_ZN9__gnu_cxx13new_allocatorIcEC2ERKS1_
FNDA:0,_ZN9__gnu_cxx13new_allocatorIN5fasta7ResidueEED2Ev
FNDA:0,_ZN9__gnu_cxx13new_allocatorIN5fasta8SequenceEED2Ev
FNDA:0,_ZN9__gnu_cxx13new_allocatorISt13_Rb_tree_nodeISt4pairIKSsdEEED2Ev
FNDA:0,_ZN9__gnu_cxx13new_allocatorISsED2Ev
FNDA:0,_ZN9__gnu_cxx13new_allocatorIcED2Ev
FNDA:0,_ZN9__gnu_cxx13new_allocatorIN5fasta7ResidueEE8allocateEmPKv
FNDA:0,_ZN9__gnu_cxx13new_allocatorISt13_Rb_tree_nodeISt4pairIKSsdEEE8allocateEmPKv
FNDA:0,_ZN9__gnu_cxx13new_allocatorISsE8allocateEmPKv
FNDA:0,_ZN9__gnu_cxx13new_allocatorIN5fasta8SequenceEE8allocateEmPKv
FNDA:0,_ZN9__gnu_cxx13new_allocatorIN5fasta7ResidueEE10deallocateEPS2_m
FNDA:0,_ZN9__gnu_cxx13new_allocatorISt13_Rb_tree_nodeISt4pairIKSsdEEE10deallocateEPS5_m
FNDA:0,_ZN9__gnu_cxx13new_allocatorISsE10deallocateEPSsm
FNDA:0,_ZN9__gnu_cxx13new_allocatorIN5fasta8SequenceEE10deallocateEPS2_m
FNDA:0,_ZNK9__gnu_cxx13new_allocatorIN5fasta7ResidueEE8max_sizeEv
FNDA:0,_ZNK9__gnu_cxx13new_allocatorISt13_Rb_tree_nodeISt4pairIKSsdEEE8max_sizeEv
FNDA:0,_ZNK9__gnu_cxx13new_allocatorISsE8max_sizeEv
FNDA:0,_ZNK9__gnu_cxx13new_allocatorIN5fasta8SequenceEE8max_sizeEv
FNDA:0,_ZN9__gnu_cxx13new_allocatorISt13_Rb_tree_nodeISt4pairIKSsdEEE9constructIS5_IRKS4_EEEvPT_DpOT0_
FNDA:0,_ZN9__gnu_cxx13new_allocatorISsE9constructISsIRKSsEEEvPT_DpOT0_
FNDA:0,_ZN9__gnu_cxx13new_allocatorISsE7destroyISsEEvPT_
FNDA:0,_ZN9__gnu_cxx13new_allocatorISt13_Rb_tree_nodeISt4pairIKSsdEEE7destroyIS5_EEvPT_
FNF:28
FNH:0
DA:69,0
DA:71,0
DA:76,0
DA:89,0
DA:91,0
DA:92,0
DA:94,0
DA:99,0
DA:100,0
DA:103,0
DA:104,0
DA:109,0
DA:110,0
DA:114,0
LF:14
LH:0
end_of_record
SF:/usr/include/c++/4.7.2/initializer_list
FN:71,_ZNKSt16initializer_listISsE4sizeEv
FN:75,_ZNKSt16initializer_listISsE5beginEv
FN:79,_ZNKSt16initializer_listISsE3endEv
FNDA:43,_ZNKSt16initializer_listISsE4sizeEv
FNDA:86,_ZNKSt16initializer_listISsE5beginEv
FNDA:43,_ZNKSt16initializer_listISsE3endEv
FNF:3
FNH:3
DA:71,43
DA:75,86
DA:79,43
LF:3
LH:3
end_of_record
SF:/usr/include/c++/4.7.2/iostream
DA:75,1
LF:1
LH:1
end_of_record
SF:/usr/include/c++/4.7.2/new
FN:111,_ZnwmPv
FN:117,_ZdlPvS_
FNDA:0,_ZnwmPv
FNDA:0,_ZdlPvS_
FNF:2
FNH:0
DA:111,0
DA:112,0
DA:117,0
LF:3
LH:0
end_of_record
SF:/usr/include/c++/4.7.2/x86_64-redhat-linux/bits/gthr-default.h
FN:259,_ZL18__gthread_active_pv
FNDA:0,_ZL18__gthread_active_pv
FNF:1
FNH:0
DA:259,0
DA:270,0
LF:2
LH:0
end_of_record
SF:/home/joanna/cmbi/kman/src/fasta.h
FN:11,_ZN5fasta7ResidueaSERKS0_
FN:11,_ZN5fasta7ResidueD2Ev
FN:11,_ZN5fasta7ResidueC2ERKS0_
FN:22,_ZN5fasta8SequenceC2ERKS0_
FN:22,_ZN5fasta8SequenceD2Ev
FN:22,_ZN5fasta8SequenceaSERKS0_
FNDA:0,_ZN5fasta7ResidueC2ERKS0_
FNDA:0,_ZN5fasta7ResidueaSERKS0_
FNDA:0,_ZN5fasta7ResidueD2Ev
FNDA:0,_ZN5fasta8SequenceC2ERKS0_
FNDA:0,_ZN5fasta8SequenceaSERKS0_
FNDA:0,_ZN5fasta8SequenceD2Ev
FNF:6
FNH:0
DA:11,0
DA:22,0
LF:2
LH:0
end_of_record
SF:/home/joanna/cmbi/kman/src/seq_data.cpp
FN:6,_ZN8seq_data18process_fasta_dataERKN5fasta9FastaDataERKSt3mapISsN8f_config15FeatureSettingsESt4lessISsESaISt4pairIKSsS6_EEE
FN:27,_ZN8seq_data17make_feature_listERKSt6vectorIN5fasta8SequenceESaIS2_EE
FN:55,_Z41__static_initialization_and_destruction_0ii
FN:55,_GLOBAL__sub_I__ZN8seq_data18process_fasta_dataERKN5fasta9FastaDataERKSt3mapISsN8f_config15FeatureSettingsESt4lessISsESaISt4pairIKSsS6_EEE
FNDA:1,_ZN8seq_data18process_fasta_dataERKN5fasta9FastaDataERKSt3mapISsN8f_config15FeatureSettingsESt4lessISsESaISt4pairIKSsS6_EEE
FNDA:1,_ZN8seq_data17make_feature_listERKSt6vectorIN5fasta8SequenceESaIS2_EE
FNDA:1,_GLOBAL__sub_I__ZN8seq_data18process_fasta_dataERKN5fasta9FastaDataERKSt3mapISsN8f_config15FeatureSettingsESt4lessISsESaISt4pairIKSsS6_EEE
FNDA:1,_Z41__static_initialization_and_destruction_0ii
FNF:4
FNH:4
DA:6,1
DA:9,1
DA:10,1
DA:11,1
DA:13,2
DA:14,3
DA:15,5
DA:16,3
DA:17,6
DA:22,1
DA:23,1
DA:27,1
DA:43,1
DA:44,3
DA:45,10
DA:46,20
DA:47,36
DA:48,36
DA:49,3
DA:54,1
DA:55,3
LF:21
LH:21
end_of_record
SF:/home/joanna/cmbi/kman/src/seq_data.h
FN:9,_ZN8seq_data12SequenceDataC2Ev
FN:9,_ZN8seq_data12SequenceDataD2Ev
FNDA:2,_ZN8seq_data12SequenceDataD2Ev
FNDA:2,_ZN8seq_data12SequenceDataC2Ev
FNF:2
FNH:2
DA:9,4
LF:1
LH:1
end_of_record
