TN:
SF:/home/joanna/include/boost/exception/exception.hpp
FN:32,_ZN5boost16exception_detail12refcount_ptrINS0_20error_info_containerEED2Ev
FN:76,_ZN5boost16exception_detail12refcount_ptrINS0_20error_info_containerEE7releaseEv
FN:281,_ZN5boost9exceptionD0Ev
FN:281,_ZN5boost9exceptionD2Ev
FN:406,_ZN5boost16exception_detail10clone_baseD0Ev
FN:406,_ZN5boost16exception_detail10clone_baseD2Ev
FNDA:0,_ZN5boost16exception_detail12refcount_ptrINS0_20error_info_containerEED2Ev
FNDA:0,_ZN5boost16exception_detail12refcount_ptrINS0_20error_info_containerEE7releaseEv
FNDA:0,_ZN5boost9exceptionD0Ev
FNDA:0,_ZN5boost9exceptionD2Ev
FNDA:0,_ZN5boost16exception_detail10clone_baseD0Ev
FNDA:0,_ZN5boost16exception_detail10clone_baseD2Ev
FNF:6
FNH:0
DA:32,0
DA:34,0
DA:35,0
DA:76,0
DA:78,0
DA:79,0
DA:80,0
DA:281,0
DA:282,0
DA:284,0
DA:406,0
DA:407,0
DA:408,0
LF:13
LH:0
end_of_record
SF:/home/joanna/include/boost/function/function_base.hpp
FN:731,_ZN5boost17bad_function_callD2Ev
FN:731,_ZN5boost17bad_function_callD0Ev
FNDA:0,_ZN5boost17bad_function_callD0Ev
FNDA:0,_ZN5boost17bad_function_callD2Ev
FNF:2
FNH:0
DA:731,0
LF:1
LH:0
end_of_record
SF:/usr/include/c++/4.7.2/bits/alloc_traits.h
FN:335,_ZNSt16allocator_traitsISaIiEE9_S_selectIKS0_EENSt9enable_ifIXntsrNS1_15__select_helperIT_EE5valueES6_E4typeERS6_
FN:335,_ZNSt16allocator_traitsISaIN8f_config16FeaturePositionsEEE9_S_selectIKS2_EENSt9enable_ifIXntsrNS3_15__select_helperIT_EE5valueES8_E4typeERS8_
FN:335,_ZNSt16allocator_traitsISaIdEE9_S_selectIKS0_EENSt9enable_ifIXntsrNS1_15__select_helperIT_EE5valueES6_E4typeERS6_
FN:335,_ZNSt16allocator_traitsISaISsEE9_S_selectIKS0_EENSt9enable_ifIXntsrNS1_15__select_helperIT_EE5valueES6_E4typeERS6_
FN:424,_ZNSt16allocator_traitsISaIdEE37select_on_container_copy_constructionERKS0_
FN:424,_ZNSt16allocator_traitsISaIN8f_config16FeaturePositionsEEE37select_on_container_copy_constructionERKS2_
FN:424,_ZNSt16allocator_traitsISaIiEE37select_on_container_copy_constructionERKS0_
FN:424,_ZNSt16allocator_traitsISaISsEE37select_on_container_copy_constructionERKS0_
FN:479,_ZSt18__do_alloc_on_moveISaIdEEvRT_S2_St17integral_constantIbLb0EE
FN:483,_ZSt15__alloc_on_moveISaIdEEvRT_S2_
FNDA:5596,_ZNSt16allocator_traitsISaIdEE9_S_selectIKS0_EENSt9enable_ifIXntsrNS1_15__select_helperIT_EE5valueES6_E4typeERS6_
FNDA:264,_ZNSt16allocator_traitsISaIiEE9_S_selectIKS0_EENSt9enable_ifIXntsrNS1_15__select_helperIT_EE5valueES6_E4typeERS6_
FNDA:24,_ZNSt16allocator_traitsISaIN8f_config16FeaturePositionsEEE9_S_selectIKS2_EENSt9enable_ifIXntsrNS3_15__select_helperIT_EE5valueES8_E4typeERS8_
FNDA:0,_ZNSt16allocator_traitsISaISsEE9_S_selectIKS0_EENSt9enable_ifIXntsrNS1_15__select_helperIT_EE5valueES6_E4typeERS6_
FNDA:5596,_ZNSt16allocator_traitsISaIdEE37select_on_container_copy_constructionERKS0_
FNDA:264,_ZNSt16allocator_traitsISaIiEE37select_on_container_copy_constructionERKS0_
FNDA:24,_ZNSt16allocator_traitsISaIN8f_config16FeaturePositionsEEE37select_on_container_copy_constructionERKS2_
FNDA:0,_ZNSt16allocator_traitsISaISsEE37select_on_container_copy_constructionERKS0_
FNDA:0,_ZSt18__do_alloc_on_moveISaIdEEvRT_S2_St17integral_constantIbLb0EE
FNDA:0,_ZSt15__alloc_on_moveISaIdEEvRT_S2_
FNF:10
FNH:6
DA:335,5884
DA:336,5884
DA:424,5884
DA:425,5884
DA:479,0
DA:480,0
DA:483,0
DA:487,0
DA:488,0
LF:9
LH:4
end_of_record
SF:/usr/include/c++/4.7.2/bits/allocator.h
FN:104,_ZNSaISt13_Rb_tree_nodeISt4pairIKSsSt6vectorIdSaIdEEEEEC2Ev
FN:104,_ZNSaIdEC2Ev
FN:106,_ZNSaISsEC2ERKS_
FN:106,_ZNSaIdEC2ERKS_
FN:106,_ZNSaISt13_Rb_tree_nodeISt4pairIKSsdEEEC2ERKS4_
FN:106,_ZNSaIN8f_config16FeaturePositionsEEC2ERKS1_
FN:106,_ZNSaISt13_Rb_tree_nodeISt4pairIKSsSt6vectorIdSaIdEEEEEC2ERKS7_
FN:106,_ZNSaIiEC2ERKS_
FN:112,_ZNSaISt13_Rb_tree_nodeISt4pairIKSsdEEED2Ev
FN:112,_ZNSaISt13_Rb_tree_nodeISt4pairIKSsSt6vectorIdSaIdEEEEED2Ev
FN:112,_ZNSaIdED2Ev
FN:112,_ZNSaISsED2Ev
FN:112,_ZNSaIiED2Ev
FN:112,_ZNSaIN8f_config16FeaturePositionsEED2Ev
FN:124,_ZSteqIcEbRKSaIT_ES3_
FN:154,_ZNSt12__alloc_swapISaISt13_Rb_tree_nodeISt4pairIKSsSt6vectorIdSaIdEEEEELb1EE8_S_do_itERS8_SA_
FNDA:84,_ZNSaISt13_Rb_tree_nodeISt4pairIKSsSt6vectorIdSaIdEEEEEC2Ev
FNDA:4728,_ZNSaIdEC2Ev
FNDA:556,_ZNSaIiEC2ERKS_
FNDA:4,_ZNSaISt13_Rb_tree_nodeISt4pairIKSsSt6vectorIdSaIdEEEEEC2ERKS7_
FNDA:20048,_ZNSaIdEC2ERKS_
FNDA:36,_ZNSaISt13_Rb_tree_nodeISt4pairIKSsdEEEC2ERKS4_
FNDA:152,_ZNSaIN8f_config16FeaturePositionsEEC2ERKS1_
FNDA:0,_ZNSaISsEC2ERKS_
FNDA:640,_ZNSaIiED2Ev
FNDA:256,_ZNSaIN8f_config16FeaturePositionsEED2Ev
FNDA:88,_ZNSaISt13_Rb_tree_nodeISt4pairIKSsSt6vectorIdSaIdEEEEED2Ev
FNDA:0,_ZNSaISt13_Rb_tree_nodeISt4pairIKSsdEEED2Ev
FNDA:0,_ZNSaISsED2Ev
FNDA:24776,_ZNSaIdED2Ev
FNDA:0,_ZSteqIcEbRKSaIT_ES3_
FNDA:24,_ZNSt12__alloc_swapISaISt13_Rb_tree_nodeISt4pairIKSsSt6vectorIdSaIdEEEEELb1EE8_S_do_itERS8_SA_
FNF:16
FNH:12
DA:104,4812
DA:106,20796
DA:107,20796
DA:112,25760
DA:124,0
DA:125,0
DA:154,24
LF:7
LH:5
end_of_record
SF:/usr/include/c++/4.7.2/bits/basic_string.h
FN:269,_ZNSs12_Alloc_hiderC2ERKS_
FN:269,_ZNSs12_Alloc_hiderD2Ev
FN:1718,_ZNSs16_S_construct_auxIPcEES0_T_S1_RKSaIcESt12__false_type
FN:1740,_ZNSs12_S_constructIPcEES0_T_S1_RKSaIcE
FN:2427,_ZStplIcSt11char_traitsIcESaIcEESbIT_T0_T1_EOS6_RKS6_
FN:2451,_ZStplIcSt11char_traitsIcESaIcEESbIT_T0_T1_EPKS3_OS6_
FN:2463,_ZStplIcSt11char_traitsIcESaIcEESbIT_T0_T1_EOS6_PKS3_
FN:2490,_ZSteqIcEN9__gnu_cxx11__enable_ifIXsrSt9__is_charIT_E7__valueEbE6__typeERKSbIS3_St11char_traitsIS3_ESaIS3_EESC_
FN:2516,_ZSteqIcSt11char_traitsIcESaIcEEbRKSbIT_T0_T1_EPKS3_
FN:2566,_ZStltIcSt11char_traitsIcESaIcEEbRKSbIT_T0_T1_ES8_
FN:2879,_ZSt9to_stringm
FNDA:0,_ZNSs12_Alloc_hiderC2ERKS_
FNDA:0,_ZNSs12_Alloc_hiderD2Ev
FNDA:0,_ZNSs16_S_construct_auxIPcEES0_T_S1_RKSaIcESt12__false_type
FNDA:0,_ZNSs12_S_constructIPcEES0_T_S1_RKSaIcE
FNDA:0,_ZStplIcSt11char_traitsIcESaIcEESbIT_T0_T1_EOS6_RKS6_
FNDA:0,_ZStplIcSt11char_traitsIcESaIcEESbIT_T0_T1_EPKS3_OS6_
FNDA:0,_ZStplIcSt11char_traitsIcESaIcEESbIT_T0_T1_EOS6_PKS3_
FNDA:0,_ZSteqIcEN9__gnu_cxx11__enable_ifIXsrSt9__is_charIT_E7__valueEbE6__typeERKSbIS3_St11char_traitsIS3_ESaIS3_EESC_
FNDA:0,_ZSteqIcSt11char_traitsIcESaIcEEbRKSbIT_T0_T1_EPKS3_
FNDA:0,_ZStltIcSt11char_traitsIcESaIcEEbRKSbIT_T0_T1_ES8_
FNDA:0,_ZSt9to_stringm
FNF:11
FNH:0
DA:269,0
DA:1718,0
DA:1722,0
DA:1740,0
DA:1743,0
DA:2427,0
DA:2429,0
DA:2451,0
DA:2453,0
DA:2463,0
DA:2465,0
DA:2490,0
DA:2494,0
DA:2516,0
DA:2518,0
DA:2566,0
DA:2568,0
DA:2879,0
DA:2882,0
LF:19
LH:0
end_of_record
SF:/usr/include/c++/4.7.2/bits/basic_string.tcc
FN:125,_ZNSs12_S_constructIPcEES0_T_S1_RKSaIcESt20forward_iterator_tag
FN:229,_ZNSsC2IPcEET_S1_RKSaIcE
FNDA:0,_ZNSs12_S_constructIPcEES0_T_S1_RKSaIcESt20forward_iterator_tag
FNDA:0,_ZNSsC2IPcEET_S1_RKSaIcE
FNF:2
FNH:0
DA:125,0
DA:130,0
DA:131,0
DA:134,0
DA:135,0
DA:138,0
DA:140,0
DA:142,0
DA:143,0
DA:145,0
DA:146,0
DA:148,0
DA:149,0
DA:229,0
DA:231,0
DA:232,0
LF:16
LH:0
end_of_record
SF:/usr/include/c++/4.7.2/bits/char_traits.h
FN:244,_ZNSt11char_traitsIcE6assignERcRKc
FN:256,_ZNSt11char_traitsIcE7compareEPKcS2_m
FN:260,_ZNSt11char_traitsIcE6lengthEPKc
FN:272,_ZNSt11char_traitsIcE4copyEPcPKcm
FNDA:0,_ZNSt11char_traitsIcE6assignERcRKc
FNDA:0,_ZNSt11char_traitsIcE7compareEPKcS2_m
FNDA:0,_ZNSt11char_traitsIcE6lengthEPKc
FNDA:0,_ZNSt11char_traitsIcE4copyEPcPKcm
FNF:4
FNH:0
DA:244,0
DA:245,0
DA:256,0
DA:257,0
DA:260,0
DA:261,0
DA:272,0
DA:273,0
LF:8
LH:0
end_of_record
SF:/usr/include/c++/4.7.2/bits/move.h
FN:47,_ZSt11__addressofISsEPT_RS0_
FN:47,_ZSt11__addressofIN8f_config16FeaturePositionsEEPT_RS2_
FN:47,_ZSt11__addressofISt4pairIKSsSt6vectorIdSaIdEEEEPT_RS6_
FN:77,_ZSt7forwardISt4pairIKSsdEEOT_RNSt16remove_referenceIS3_E4typeE
FN:77,_ZSt7forwardIRKN8f_config16FeaturePositionsEEOT_RNSt16remove_referenceIS4_E4typeE
FN:77,_ZSt7forwardIRKSsEOT_RNSt16remove_referenceIS2_E4typeE
FN:77,_ZSt7forwardIRKSt4pairIKSsdEEOT_RNSt16remove_referenceIS5_E4typeE
FN:77,_ZSt7forwardIbEOT_RNSt16remove_referenceIS0_E4typeE
FN:77,_ZSt7forwardISt17_Rb_tree_iteratorISt4pairIKSsSt6vectorIdSaIdEEEEEOT_RNSt16remove_referenceIS8_E4typeE
FN:77,_ZSt7forwardISt4pairIKSsSt6vectorIdSaIdEEEEOT_RNSt16remove_referenceIS6_E4typeE
FN:77,_ZSt7forwardIRSt17_Rb_tree_iteratorISt4pairIKSsSt6vectorIdSaIdEEEEEOT_RNSt16remove_referenceIS9_E4typeE
FN:77,_ZSt7forwardIdEOT_RNSt16remove_referenceIS0_E4typeE
FN:77,_ZSt7forwardISt6vectorIdSaIdEEEOT_RNSt16remove_referenceIS3_E4typeE
FN:77,_ZSt7forwardISt17_Rb_tree_iteratorISt4pairIKSsdEEEOT_RNSt16remove_referenceIS5_E4typeE
FN:77,_ZSt7forwardIRSt17_Rb_tree_iteratorISt4pairIKSsdEEEOT_RNSt16remove_referenceIS6_E4typeE
FN:77,_ZSt7forwardIRKSt4pairIKSsSt6vectorIdSaIdEEEEOT_RNSt16remove_referenceIS8_E4typeE
FN:102,_ZSt4moveIRPSt18_Rb_tree_node_baseEONSt16remove_referenceIT_E4typeEOS4_
FN:102,_ZSt4moveIRSt4lessISsEEONSt16remove_referenceIT_E4typeEOS4_
FN:102,_ZSt4moveIRPdEONSt16remove_referenceIT_E4typeEOS3_
FN:102,_ZSt4moveIRSaIdEEONSt16remove_referenceIT_E4typeEOS3_
FN:102,_ZSt4moveIRSsEONSt16remove_referenceIT_E4typeEOS2_
FN:102,_ZSt4moveIRSt6vectorIdSaIdEEEONSt16remove_referenceIT_E4typeEOS5_
FN:102,_ZSt4moveIRmEONSt16remove_referenceIT_E4typeEOS2_
FN:167,_ZSt4swapIPdEvRT_S2_
FN:167,_ZSt4swapISt4lessISsEEvRT_S3_
FN:167,_ZSt4swapIPSt18_Rb_tree_node_baseEvRT_S3_
FN:167,_ZSt4swapImEvRT_S1_
FNDA:512,_ZSt11__addressofIN8f_config16FeaturePositionsEEPT_RS2_
FNDA:0,_ZSt11__addressofISsEPT_RS0_
FNDA:169992,_ZSt11__addressofISt4pairIKSsSt6vectorIdSaIdEEEEPT_RS6_
FNDA:3356,_ZSt7forwardIRKSt4pairIKSsSt6vectorIdSaIdEEEEOT_RNSt16remove_referenceIS8_E4typeE
FNDA:400,_ZSt7forwardIRKN8f_config16FeaturePositionsEEOT_RNSt16remove_referenceIS4_E4typeE
FNDA:136,_ZSt7forwardIRKSt4pairIKSsdEEOT_RNSt16remove_referenceIS5_E4typeE
FNDA:0,_ZSt7forwardIRKSsEOT_RNSt16remove_referenceIS2_E4typeE
FNDA:0,_ZSt7forwardIRSt17_Rb_tree_iteratorISt4pairIKSsdEEEOT_RNSt16remove_referenceIS6_E4typeE
FNDA:0,_ZSt7forwardISt17_Rb_tree_iteratorISt4pairIKSsdEEEOT_RNSt16remove_referenceIS5_E4typeE
FNDA:0,_ZSt7forwardIRSt17_Rb_tree_iteratorISt4pairIKSsSt6vectorIdSaIdEEEEEOT_RNSt16remove_referenceIS9_E4typeE
FNDA:0,_ZSt7forwardIbEOT_RNSt16remove_referenceIS0_E4typeE
FNDA:168,_ZSt7forwardISt17_Rb_tree_iteratorISt4pairIKSsSt6vectorIdSaIdEEEEEOT_RNSt16remove_referenceIS8_E4typeE
FNDA:0,_ZSt7forwardISt4pairIKSsdEEOT_RNSt16remove_referenceIS3_E4typeE
FNDA:8640,_ZSt7forwardISt4pairIKSsSt6vectorIdSaIdEEEEOT_RNSt16remove_referenceIS6_E4typeE
FNDA:0,_ZSt7forwardIdEOT_RNSt16remove_referenceIS0_E4typeE
FNDA:2208,_ZSt7forwardISt6vectorIdSaIdEEEOT_RNSt16remove_referenceIS3_E4typeE
FNDA:74376,_ZSt4moveIRPdEONSt16remove_referenceIT_E4typeEOS3_
FNDA:84,_ZSt4moveIRSt4lessISsEEONSt16remove_referenceIT_E4typeEOS4_
FNDA:108,_ZSt4moveIRmEONSt16remove_referenceIT_E4typeEOS2_
FNDA:0,_ZSt4moveIRPSt18_Rb_tree_node_baseEONSt16remove_referenceIT_E4typeEOS4_
FNDA:12392,_ZSt4moveIRSaIdEEONSt16remove_referenceIT_E4typeEOS3_
FNDA:0,_ZSt4moveIRSsEONSt16remove_referenceIT_E4typeEOS2_
FNDA:10332,_ZSt4moveIRSt6vectorIdSaIdEEEONSt16remove_referenceIT_E4typeEOS5_
FNDA:24792,_ZSt4swapIPdEvRT_S2_
FNDA:28,_ZSt4swapISt4lessISsEEvRT_S3_
FNDA:36,_ZSt4swapImEvRT_S1_
FNDA:0,_ZSt4swapIPSt18_Rb_tree_node_baseEvRT_S3_
FNF:27
FNH:16
DA:47,170504
DA:50,170504
DA:77,14908
DA:78,14908
DA:102,97292
DA:103,97292
DA:167,24856
DA:176,24856
DA:177,24856
DA:178,24856
DA:179,24856
LF:11
LH:11
end_of_record
SF:/usr/include/c++/4.7.2/bits/stl_algobase.h
FN:187,_ZSt3minImERKT_S2_S2_
FN:271,_ZSt12__niter_baseIN9__gnu_cxx17__normal_iteratorIPKiSt6vectorIiSaIiEEEEENSt11_Niter_baseIT_E13iterator_typeES9_
FN:271,_ZSt12__niter_baseIPdENSt11_Niter_baseIT_E13iterator_typeES2_
FN:271,_ZSt12__niter_baseIPiENSt11_Niter_baseIT_E13iterator_typeES2_
FN:271,_ZSt12__niter_baseIN9__gnu_cxx17__normal_iteratorIPKdSt6vectorIdSaIdEEEEENSt11_Niter_baseIT_E13iterator_typeES9_
FN:282,_ZSt12__miter_baseIN9__gnu_cxx17__normal_iteratorIPKdSt6vectorIdSaIdEEEEENSt11_Miter_baseIT_E13iterator_typeES9_
FN:282,_ZSt12__miter_baseIN9__gnu_cxx17__normal_iteratorIPKiSt6vectorIiSaIiEEEEENSt11_Miter_baseIT_E13iterator_typeES9_
FN:362,_ZNSt11__copy_moveILb0ELb1ESt26random_access_iterator_tagE8__copy_mIdEEPT_PKS3_S6_S4_
FN:362,_ZNSt11__copy_moveILb0ELb1ESt26random_access_iterator_tagE8__copy_mIiEEPT_PKS3_S6_S4_
FN:373,_ZSt13__copy_move_aILb0EPKdPdET1_T0_S4_S3_
FN:373,_ZSt13__copy_move_aILb0EPKiPiET1_T0_S4_S3_
FN:418,_ZSt14__copy_move_a2ILb0EN9__gnu_cxx17__normal_iteratorIPKiSt6vectorIiSaIiEEEEPiET1_T0_SA_S9_
FN:418,_ZSt14__copy_move_a2ILb0EN9__gnu_cxx17__normal_iteratorIPKdSt6vectorIdSaIdEEEEPdET1_T0_SA_S9_
FN:444,_ZSt4copyIN9__gnu_cxx17__normal_iteratorIPKdSt6vectorIdSaIdEEEEPdET0_T_SA_S9_
FN:444,_ZSt4copyIN9__gnu_cxx17__normal_iteratorIPKiSt6vectorIiSaIiEEEEPiET0_T_SA_S9_
FN:740,_ZSt10__fill_n_aIPdmdEN9__gnu_cxx11__enable_ifIXsrSt11__is_scalarIT1_E7__valueET_E6__typeES6_T0_RKS4_
FN:775,_ZSt6fill_nIPdmdET_S1_T0_RKT1_
FNDA:0,_ZSt3minImERKT_S2_S2_
FNDA:11192,_ZSt12__niter_baseIN9__gnu_cxx17__normal_iteratorIPKdSt6vectorIdSaIdEEEEENSt11_Niter_baseIT_E13iterator_typeES9_
FNDA:616,_ZSt12__niter_baseIPiENSt11_Niter_baseIT_E13iterator_typeES2_
FNDA:536,_ZSt12__niter_baseIN9__gnu_cxx17__normal_iteratorIPKiSt6vectorIiSaIiEEEEENSt11_Niter_baseIT_E13iterator_typeES9_
FNDA:8280,_ZSt12__niter_baseIPdENSt11_Niter_baseIT_E13iterator_typeES2_
FNDA:11192,_ZSt12__miter_baseIN9__gnu_cxx17__normal_iteratorIPKdSt6vectorIdSaIdEEEEENSt11_Miter_baseIT_E13iterator_typeES9_
FNDA:536,_ZSt12__miter_baseIN9__gnu_cxx17__normal_iteratorIPKiSt6vectorIiSaIiEEEEENSt11_Miter_baseIT_E13iterator_typeES9_
FNDA:6000,_ZNSt11__copy_moveILb0ELb1ESt26random_access_iterator_tagE8__copy_mIdEEPT_PKS3_S6_S4_
FNDA:280,_ZNSt11__copy_moveILb0ELb1ESt26random_access_iterator_tagE8__copy_mIiEEPT_PKS3_S6_S4_
FNDA:6000,_ZSt13__copy_move_aILb0EPKdPdET1_T0_S4_S3_
FNDA:280,_ZSt13__copy_move_aILb0EPKiPiET1_T0_S4_S3_
FNDA:5596,_ZSt14__copy_move_a2ILb0EN9__gnu_cxx17__normal_iteratorIPKdSt6vectorIdSaIdEEEEPdET1_T0_SA_S9_
FNDA:268,_ZSt14__copy_move_a2ILb0EN9__gnu_cxx17__normal_iteratorIPKiSt6vectorIiSaIiEEEEPiET1_T0_SA_S9_
FNDA:5596,_ZSt4copyIN9__gnu_cxx17__normal_iteratorIPKdSt6vectorIdSaIdEEEEPdET0_T_SA_S9_
FNDA:268,_ZSt4copyIN9__gnu_cxx17__normal_iteratorIPKiSt6vectorIiSaIiEEEEPiET0_T_SA_S9_
FNDA:2256,_ZSt10__fill_n_aIPdmdEN9__gnu_cxx11__enable_ifIXsrSt11__is_scalarIT1_E7__valueET_E6__typeES6_T0_RKS4_
FNDA:2256,_ZSt6fill_nIPdmdET_S1_T0_RKT1_
FNF:17
FNH:16
DA:187,0
DA:192,0
DA:193,0
DA:194,0
DA:271,20624
DA:272,20624
DA:282,11728
DA:283,11728
DA:362,6280
DA:364,6280
DA:365,6280
DA:366,6280
DA:367,6280
DA:373,6280
DA:381,6280
DA:384,6280
DA:418,5864
DA:422,5864
DA:444,5864
DA:454,5864
DA:740,2256
DA:742,2256
DA:743,20524
DA:745,18268
DA:746,2256
DA:775,2256
DA:780,2256
LF:27
LH:23
end_of_record
SF:/usr/include/c++/4.7.2/bits/stl_construct.h
FN:76,_ZSt10_ConstructISsIRKSsEEvPT_DpOT0_
FN:76,_ZSt10_ConstructIN8f_config16FeaturePositionsEIRKS1_EEvPT_DpOT0_
FN:94,_ZSt8_DestroyISsEvPT_
FN:94,_ZSt8_DestroyIN8f_config16FeaturePositionsEEvPT_
FN:102,_ZNSt12_Destroy_auxILb0EE9__destroyIPN8f_config16FeaturePositionsEEEvT_S5_
FN:102,_ZNSt12_Destroy_auxILb0EE9__destroyIPSsEEvT_S3_
FN:114,_ZNSt12_Destroy_auxILb1EE9__destroyIPiEEvT_S3_
FN:114,_ZNSt12_Destroy_auxILb1EE9__destroyIPdEEvT_S3_
FN:124,_ZSt8_DestroyIPiEvT_S1_
FN:124,_ZSt8_DestroyIPN8f_config16FeaturePositionsEEvT_S3_
FN:124,_ZSt8_DestroyIPdEvT_S1_
FN:124,_ZSt8_DestroyIPSsEvT_S1_
FN:152,_ZSt8_DestroyIPN8f_config16FeaturePositionsES1_EvT_S3_RSaIT0_E
FN:152,_ZSt8_DestroyIPiiEvT_S1_RSaIT0_E
FN:152,_ZSt8_DestroyIPddEvT_S1_RSaIT0_E
FN:152,_ZSt8_DestroyIPSsSsEvT_S1_RSaIT0_E
FNDA:208,_ZSt10_ConstructIN8f_config16FeaturePositionsEIRKS1_EEvPT_DpOT0_
FNDA:0,_ZSt10_ConstructISsIRKSsEEvPT_DpOT0_
FNDA:280,_ZSt8_DestroyIN8f_config16FeaturePositionsEEvPT_
FNDA:0,_ZSt8_DestroyISsEvPT_
FNDA:360,_ZNSt12_Destroy_auxILb0EE9__destroyIPN8f_config16FeaturePositionsEEEvT_S5_
FNDA:0,_ZNSt12_Destroy_auxILb0EE9__destroyIPSsEEvT_S3_
FNDA:496,_ZNSt12_Destroy_auxILb1EE9__destroyIPiEEvT_S3_
FNDA:16528,_ZNSt12_Destroy_auxILb1EE9__destroyIPdEEvT_S3_
FNDA:496,_ZSt8_DestroyIPiEvT_S1_
FNDA:360,_ZSt8_DestroyIPN8f_config16FeaturePositionsEEvT_S3_
FNDA:16528,_ZSt8_DestroyIPdEvT_S1_
FNDA:0,_ZSt8_DestroyIPSsEvT_S1_
FNDA:496,_ZSt8_DestroyIPiiEvT_S1_RSaIT0_E
FNDA:360,_ZSt8_DestroyIPN8f_config16FeaturePositionsES1_EvT_S3_RSaIT0_E
FNDA:16528,_ZSt8_DestroyIPddEvT_S1_RSaIT0_E
FNDA:0,_ZSt8_DestroyIPSsSsEvT_S1_RSaIT0_E
FNF:16
FNH:11
DA:76,208
DA:77,208
DA:94,280
DA:95,280
DA:102,360
DA:104,640
DA:105,280
DA:106,360
DA:114,17024
DA:124,17384
DA:128,17384
DA:130,17384
DA:152,17384
DA:155,17384
DA:156,17384
LF:15
LH:15
end_of_record
SF:/usr/include/c++/4.7.2/bits/stl_function.h
FN:236,_ZNKSt4lessISsEclERKSsS2_
FN:498,_ZNKSt10_Select1stISt4pairIKSsSt6vectorIdSaIdEEEEclERS5_
FN:498,_ZNKSt10_Select1stISt4pairIKSsdEEclERS2_
FN:502,_ZNKSt10_Select1stISt4pairIKSsSt6vectorIdSaIdEEEEclERKS5_
FN:502,_ZNKSt10_Select1stISt4pairIKSsdEEclERKS2_
FN:502,_ZNKSt10_Select1stISt4pairIKSsN8f_config15FeatureSettingsEEEclERKS4_
FNDA:0,_ZNKSt4lessISsEclERKSsS2_
FNDA:0,_ZNKSt10_Select1stISt4pairIKSsdEEclERS2_
FNDA:3248,_ZNKSt10_Select1stISt4pairIKSsSt6vectorIdSaIdEEEEclERS5_
FNDA:136,_ZNKSt10_Select1stISt4pairIKSsN8f_config15FeatureSettingsEEEclERKS4_
FNDA:0,_ZNKSt10_Select1stISt4pairIKSsdEEclERKS2_
FNDA:49744,_ZNKSt10_Select1stISt4pairIKSsSt6vectorIdSaIdEEEEclERKS5_
FNF:6
FNH:3
DA:236,0
DA:237,0
DA:498,3248
DA:499,3248
DA:502,49880
DA:503,49880
LF:6
LH:4
end_of_record
SF:/usr/include/c++/4.7.2/bits/stl_iterator.h
FN:728,_ZN9__gnu_cxx17__normal_iteratorIPdSt6vectorIdSaIdEEEC2ERKS1_
FN:728,_ZN9__gnu_cxx17__normal_iteratorIPKdSt6vectorIdSaIdEEEC2ERKS2_
FN:728,_ZN9__gnu_cxx17__normal_iteratorIPSsSt6vectorISsSaISsEEEC2ERKS1_
FN:728,_ZN9__gnu_cxx17__normal_iteratorIPKSsSt6vectorISsSaISsEEEC2ERKS2_
FN:728,_ZN9__gnu_cxx17__normal_iteratorIPKiSt6vectorIiSaIiEEEC2ERKS2_
FN:728,_ZN9__gnu_cxx17__normal_iteratorIPKN8f_config16FeaturePositionsESt6vectorIS2_SaIS2_EEEC2ERKS4_
FN:740,_ZNK9__gnu_cxx17__normal_iteratorIPSsSt6vectorISsSaISsEEEdeEv
FN:740,_ZNK9__gnu_cxx17__normal_iteratorIPdSt6vectorIdSaIdEEEdeEv
FN:740,_ZNK9__gnu_cxx17__normal_iteratorIPKSsSt6vectorISsSaISsEEEdeEv
FN:740,_ZNK9__gnu_cxx17__normal_iteratorIPKN8f_config16FeaturePositionsESt6vectorIS2_SaIS2_EEEdeEv
FN:748,_ZN9__gnu_cxx17__normal_iteratorIPdSt6vectorIdSaIdEEEppEv
FN:748,_ZN9__gnu_cxx17__normal_iteratorIPKSsSt6vectorISsSaISsEEEppEv
FN:748,_ZN9__gnu_cxx17__normal_iteratorIPKN8f_config16FeaturePositionsESt6vectorIS2_SaIS2_EEEppEv
FN:748,_ZN9__gnu_cxx17__normal_iteratorIPSsSt6vectorISsSaISsEEEppEv
FN:792,_ZNK9__gnu_cxx17__normal_iteratorIPKiSt6vectorIiSaIiEEE4baseEv
FN:792,_ZNK9__gnu_cxx17__normal_iteratorIPKSsSt6vectorISsSaISsEEE4baseEv
FN:792,_ZNK9__gnu_cxx17__normal_iteratorIPKN8f_config16FeaturePositionsESt6vectorIS2_SaIS2_EEE4baseEv
FN:792,_ZNK9__gnu_cxx17__normal_iteratorIPKdSt6vectorIdSaIdEEE4baseEv
FN:792,_ZNK9__gnu_cxx17__normal_iteratorIPdSt6vectorIdSaIdEEE4baseEv
FN:792,_ZNK9__gnu_cxx17__normal_iteratorIPSsSt6vectorISsSaISsEEE4baseEv
FN:825,_ZN9__gnu_cxxneIPKN8f_config16FeaturePositionsESt6vectorIS2_SaIS2_EEEEbRKNS_17__normal_iteratorIT_T0_EESD_
FN:825,_ZN9__gnu_cxxneIPKSsSt6vectorISsSaISsEEEEbRKNS_17__normal_iteratorIT_T0_EESB_
FN:825,_ZN9__gnu_cxxneIPSsSt6vectorISsSaISsEEEEbRKNS_17__normal_iteratorIT_T0_EESA_
FN:825,_ZN9__gnu_cxxneIPdSt6vectorIdSaIdEEEEbRKNS_17__normal_iteratorIT_T0_EESA_
FNDA:11280,_ZN9__gnu_cxx17__normal_iteratorIPKdSt6vectorIdSaIdEEEC2ERKS2_
FNDA:552,_ZN9__gnu_cxx17__normal_iteratorIPKiSt6vectorIiSaIiEEEC2ERKS2_
FNDA:208,_ZN9__gnu_cxx17__normal_iteratorIPKN8f_config16FeaturePositionsESt6vectorIS2_SaIS2_EEEC2ERKS4_
FNDA:0,_ZN9__gnu_cxx17__normal_iteratorIPKSsSt6vectorISsSaISsEEEC2ERKS2_
FNDA:0,_ZN9__gnu_cxx17__normal_iteratorIPSsSt6vectorISsSaISsEEEC2ERKS1_
FNDA:2392,_ZN9__gnu_cxx17__normal_iteratorIPdSt6vectorIdSaIdEEEC2ERKS1_
FNDA:208,_ZNK9__gnu_cxx17__normal_iteratorIPKN8f_config16FeaturePositionsESt6vectorIS2_SaIS2_EEEdeEv
FNDA:0,_ZNK9__gnu_cxx17__normal_iteratorIPKSsSt6vectorISsSaISsEEEdeEv
FNDA:0,_ZNK9__gnu_cxx17__normal_iteratorIPSsSt6vectorISsSaISsEEEdeEv
FNDA:8508,_ZNK9__gnu_cxx17__normal_iteratorIPdSt6vectorIdSaIdEEEdeEv
FNDA:208,_ZN9__gnu_cxx17__normal_iteratorIPKN8f_config16FeaturePositionsESt6vectorIS2_SaIS2_EEEppEv
FNDA:0,_ZN9__gnu_cxx17__normal_iteratorIPKSsSt6vectorISsSaISsEEEppEv
FNDA:0,_ZN9__gnu_cxx17__normal_iteratorIPSsSt6vectorISsSaISsEEEppEv
FNDA:8508,_ZN9__gnu_cxx17__normal_iteratorIPdSt6vectorIdSaIdEEEppEv
FNDA:11504,_ZNK9__gnu_cxx17__normal_iteratorIPKdSt6vectorIdSaIdEEE4baseEv
FNDA:576,_ZNK9__gnu_cxx17__normal_iteratorIPKiSt6vectorIiSaIiEEE4baseEv
FNDA:624,_ZNK9__gnu_cxx17__normal_iteratorIPKN8f_config16FeaturePositionsESt6vectorIS2_SaIS2_EEE4baseEv
FNDA:0,_ZNK9__gnu_cxx17__normal_iteratorIPKSsSt6vectorISsSaISsEEE4baseEv
FNDA:0,_ZNK9__gnu_cxx17__normal_iteratorIPSsSt6vectorISsSaISsEEE4baseEv
FNDA:19408,_ZNK9__gnu_cxx17__normal_iteratorIPdSt6vectorIdSaIdEEE4baseEv
FNDA:312,_ZN9__gnu_cxxneIPKN8f_config16FeaturePositionsESt6vectorIS2_SaIS2_EEEEbRKNS_17__normal_iteratorIT_T0_EESD_
FNDA:0,_ZN9__gnu_cxxneIPKSsSt6vectorISsSaISsEEEEbRKNS_17__normal_iteratorIT_T0_EESB_
FNDA:0,_ZN9__gnu_cxxneIPSsSt6vectorISsSaISsEEEEbRKNS_17__normal_iteratorIT_T0_EESA_
FNDA:9704,_ZN9__gnu_cxxneIPdSt6vectorIdSaIdEEEEbRKNS_17__normal_iteratorIT_T0_EESA_
FNF:24
FNH:14
DA:728,14432
DA:740,8716
DA:741,8716
DA:748,8716
DA:750,8716
DA:751,8716
DA:792,32112
DA:793,32112
DA:825,10016
DA:827,10016
LF:10
LH:10
end_of_record
SF:/usr/include/c++/4.7.2/bits/stl_iterator_base_funcs.h
FN:90,_ZSt10__distanceIPcENSt15iterator_traitsIT_E15difference_typeES2_S2_St26random_access_iterator_tag
FN:114,_ZSt8distanceIPcENSt15iterator_traitsIT_E15difference_typeES2_S2_
FNDA:0,_ZSt10__distanceIPcENSt15iterator_traitsIT_E15difference_typeES2_S2_St26random_access_iterator_tag
FNDA:0,_ZSt8distanceIPcENSt15iterator_traitsIT_E15difference_typeES2_S2_
FNF:2
FNH:0
DA:90,0
DA:96,0
DA:114,0
DA:118,0
LF:4
LH:0
end_of_record
SF:/usr/include/c++/4.7.2/bits/stl_iterator_base_types.h
FN:202,_ZSt19__iterator_categoryIPcENSt15iterator_traitsIT_E17iterator_categoryERKS2_
FN:213,_ZNSt10_Iter_baseIN9__gnu_cxx17__normal_iteratorIPKiSt6vectorIiSaIiEEEELb0EE7_S_baseES7_
FN:213,_ZNSt10_Iter_baseIN9__gnu_cxx17__normal_iteratorIPKdSt6vectorIdSaIdEEEELb0EE7_S_baseES7_
FN:213,_ZNSt10_Iter_baseIPiLb0EE7_S_baseES0_
FN:213,_ZNSt10_Iter_baseIPdLb0EE7_S_baseES0_
FN:221,_ZNSt10_Iter_baseIN9__gnu_cxx17__normal_iteratorIPKiSt6vectorIiSaIiEEEELb1EE7_S_baseES7_
FN:221,_ZNSt10_Iter_baseIN9__gnu_cxx17__normal_iteratorIPKdSt6vectorIdSaIdEEEELb1EE7_S_baseES7_
FNDA:0,_ZSt19__iterator_categoryIPcENSt15iterator_traitsIT_E17iterator_categoryERKS2_
FNDA:11192,_ZNSt10_Iter_baseIN9__gnu_cxx17__normal_iteratorIPKdSt6vectorIdSaIdEEEELb0EE7_S_baseES7_
FNDA:616,_ZNSt10_Iter_baseIPiLb0EE7_S_baseES0_
FNDA:536,_ZNSt10_Iter_baseIN9__gnu_cxx17__normal_iteratorIPKiSt6vectorIiSaIiEEEELb0EE7_S_baseES7_
FNDA:8280,_ZNSt10_Iter_baseIPdLb0EE7_S_baseES0_
FNDA:11192,_ZNSt10_Iter_baseIN9__gnu_cxx17__normal_iteratorIPKdSt6vectorIdSaIdEEEELb1EE7_S_baseES7_
FNDA:536,_ZNSt10_Iter_baseIN9__gnu_cxx17__normal_iteratorIPKiSt6vectorIiSaIiEEEELb1EE7_S_baseES7_
FNF:7
FNH:6
DA:202,0
DA:203,0
DA:213,20624
DA:214,20624
DA:221,11728
DA:222,11728
LF:6
LH:4
end_of_record
SF:/usr/include/c++/4.7.2/bits/stl_map.h
FN:90,_ZNSt3mapISsSt6vectorIdSaIdEESt4lessISsESaISt4pairIKSsS2_EEED2Ev
FN:90,_ZNSt3mapISsdSt4lessISsESaISt4pairIKSsdEEED2Ev
FN:154,_ZNSt3mapISsSt6vectorIdSaIdEESt4lessISsESaISt4pairIKSsS2_EEEC2Ev
FN:174,_ZNSt3mapISsdSt4lessISsESaISt4pairIKSsdEEEC2ERKS6_
FN:174,_ZNSt3mapISsSt6vectorIdSaIdEESt4lessISsESaISt4pairIKSsS2_EEEC2ERKS9_
FN:258,_ZNSt3mapISsSt6vectorIdSaIdEESt4lessISsESaISt4pairIKSsS2_EEEaSERKS9_
FN:273,_ZNSt3mapISsSt6vectorIdSaIdEESt4lessISsESaISt4pairIKSsS2_EEEaSEOS9_
FN:314,_ZNSt3mapISsSt6vectorIdSaIdEESt4lessISsESaISt4pairIKSsS2_EEE5beginEv
FN:332,_ZNSt3mapISsdSt4lessISsESaISt4pairIKSsdEEE3endEv
FN:332,_ZNSt3mapISsSt6vectorIdSaIdEESt4lessISsESaISt4pairIKSsS2_EEE3endEv
FN:341,_ZNKSt3mapISsSt6vectorIdSaIdEESt4lessISsESaISt4pairIKSsS2_EEE3endEv
FN:341,_ZNKSt3mapISsN8f_config15FeatureSettingsESt4lessISsESaISt4pairIKSsS1_EEE3endEv
FN:450,_ZNSt3mapISsdSt4lessISsESaISt4pairIKSsdEEEixERS3_
FN:450,_ZNSt3mapISsSt6vectorIdSaIdEESt4lessISsESaISt4pairIKSsS2_EEEixERS6_
FN:496,_ZNKSt3mapISsN8f_config15FeatureSettingsESt4lessISsESaISt4pairIKSsS1_EEE2atERS5_
FN:496,_ZNKSt3mapISsSt6vectorIdSaIdEESt4lessISsESaISt4pairIKSsS2_EEE2atERS6_
FN:583,_ZNSt3mapISsdSt4lessISsESaISt4pairIKSsdEEE6insertIS4_vEESt17_Rb_tree_iteratorIS4_ESt23_Rb_tree_const_iteratorIS4_EOT_
FN:583,_ZNSt3mapISsSt6vectorIdSaIdEESt4lessISsESaISt4pairIKSsS2_EEE6insertIS7_vEESt17_Rb_tree_iteratorIS7_ESt23_Rb_tree_const_iteratorIS7_EOT_
FN:705,_ZNSt3mapISsSt6vectorIdSaIdEESt4lessISsESaISt4pairIKSsS2_EEE4swapERS9_
FN:715,_ZNSt3mapISsSt6vectorIdSaIdEESt4lessISsESaISt4pairIKSsS2_EEE5clearEv
FN:724,_ZNKSt3mapISsSt6vectorIdSaIdEESt4lessISsESaISt4pairIKSsS2_EEE8key_compEv
FN:724,_ZNKSt3mapISsN8f_config15FeatureSettingsESt4lessISsESaISt4pairIKSsS1_EEE8key_compEv
FN:724,_ZNKSt3mapISsdSt4lessISsESaISt4pairIKSsdEEE8key_compEv
FN:748,_ZNSt3mapISsSt6vectorIdSaIdEESt4lessISsESaISt4pairIKSsS2_EEE4findERS6_
FN:790,_ZNSt3mapISsSt6vectorIdSaIdEESt4lessISsESaISt4pairIKSsS2_EEE11lower_boundERS6_
FN:790,_ZNSt3mapISsdSt4lessISsESaISt4pairIKSsdEEE11lower_boundERS3_
FN:805,_ZNKSt3mapISsN8f_config15FeatureSettingsESt4lessISsESaISt4pairIKSsS1_EEE11lower_boundERS5_
FN:805,_ZNKSt3mapISsSt6vectorIdSaIdEESt4lessISsESaISt4pairIKSsS2_EEE11lower_boundERS6_
FNDA:88,_ZNSt3mapISsSt6vectorIdSaIdEESt4lessISsESaISt4pairIKSsS2_EEED2Ev
FNDA:0,_ZNSt3mapISsdSt4lessISsESaISt4pairIKSsdEEED2Ev
FNDA:84,_ZNSt3mapISsSt6vectorIdSaIdEESt4lessISsESaISt4pairIKSsS2_EEEC2Ev
FNDA:4,_ZNSt3mapISsSt6vectorIdSaIdEESt4lessISsESaISt4pairIKSsS2_EEEC2ERKS9_
FNDA:32,_ZNSt3mapISsdSt4lessISsESaISt4pairIKSsdEEEC2ERKS6_
FNDA:24,_ZNSt3mapISsSt6vectorIdSaIdEESt4lessISsESaISt4pairIKSsS2_EEEaSERKS9_
FNDA:24,_ZNSt3mapISsSt6vectorIdSaIdEESt4lessISsESaISt4pairIKSsS2_EEEaSEOS9_
FNDA:5044,_ZNSt3mapISsSt6vectorIdSaIdEESt4lessISsESaISt4pairIKSsS2_EEE5beginEv
FNDA:0,_ZNSt3mapISsdSt4lessISsESaISt4pairIKSsdEEE3endEv
FNDA:161660,_ZNSt3mapISsSt6vectorIdSaIdEESt4lessISsESaISt4pairIKSsS2_EEE3endEv
FNDA:144,_ZNKSt3mapISsSt6vectorIdSaIdEESt4lessISsESaISt4pairIKSsS2_EEE3endEv
FNDA:8,_ZNKSt3mapISsN8f_config15FeatureSettingsESt4lessISsESaISt4pairIKSsS1_EEE3endEv
FNDA:48,_ZNSt3mapISsdSt4lessISsESaISt4pairIKSsdEEEixERS3_
FNDA:8436,_ZNSt3mapISsSt6vectorIdSaIdEESt4lessISsESaISt4pairIKSsS2_EEEixERS6_
FNDA:144,_ZNKSt3mapISsSt6vectorIdSaIdEESt4lessISsESaISt4pairIKSsS2_EEE2atERS6_
FNDA:0,_ZNKSt3mapISsN8f_config15FeatureSettingsESt4lessISsESaISt4pairIKSsS1_EEE2atERS5_
FNDA:0,_ZNSt3mapISsdSt4lessISsESaISt4pairIKSsdEEE6insertIS4_vEESt17_Rb_tree_iteratorIS4_ESt23_Rb_tree_const_iteratorIS4_EOT_
FNDA:1432,_ZNSt3mapISsSt6vectorIdSaIdEESt4lessISsESaISt4pairIKSsS2_EEE6insertIS7_vEESt17_Rb_tree_iteratorIS7_ESt23_Rb_tree_const_iteratorIS7_EOT_
FNDA:24,_ZNSt3mapISsSt6vectorIdSaIdEESt4lessISsESaISt4pairIKSsS2_EEE4swapERS9_
FNDA:28,_ZNSt3mapISsSt6vectorIdSaIdEESt4lessISsESaISt4pairIKSsS2_EEE5clearEv
FNDA:0,_ZNKSt3mapISsdSt4lessISsESaISt4pairIKSsdEEE8key_compEv
FNDA:20,_ZNKSt3mapISsN8f_config15FeatureSettingsESt4lessISsESaISt4pairIKSsS1_EEE8key_compEv
FNDA:8340,_ZNKSt3mapISsSt6vectorIdSaIdEESt4lessISsESaISt4pairIKSsS2_EEE8key_compEv
FNDA:120,_ZNSt3mapISsSt6vectorIdSaIdEESt4lessISsESaISt4pairIKSsS2_EEE4findERS6_
FNDA:0,_ZNSt3mapISsdSt4lessISsESaISt4pairIKSsdEEE11lower_boundERS3_
FNDA:8436,_ZNSt3mapISsSt6vectorIdSaIdEESt4lessISsESaISt4pairIKSsS2_EEE11lower_boundERS6_
FNDA:144,_ZNKSt3mapISsSt6vectorIdSaIdEESt4lessISsESaISt4pairIKSsS2_EEE11lower_boundERS6_
FNDA:0,_ZNKSt3mapISsN8f_config15FeatureSettingsESt4lessISsESaISt4pairIKSsS1_EEE11lower_boundERS5_
FNF:28
FNH:21
DA:90,88
DA:154,84
DA:155,84
DA:174,36
DA:175,36
DA:258,24
DA:260,24
DA:261,24
DA:273,24
DA:277,24
DA:278,24
DA:279,24
DA:314,5044
DA:315,5044
DA:332,161660
DA:333,161660
DA:341,152
DA:342,152
DA:450,8484
DA:455,8484
DA:457,8484
DA:458,1432
DA:459,8484
DA:496,144
DA:498,144
DA:499,144
DA:500,0
DA:501,144
DA:583,1432
DA:585,1432
DA:705,24
DA:706,24
DA:715,28
DA:716,28
DA:724,8360
DA:725,8360
DA:748,120
DA:749,120
DA:790,8436
DA:791,8436
DA:805,144
DA:806,144
LF:42
LH:41
end_of_record
SF:/usr/include/c++/4.7.2/bits/stl_pair.h
FN:88,_ZNSt4pairIKSsdED2Ev
FN:88,_ZNSt4pairIKSsSt6vectorIdSaIdEEED2Ev
FN:119,_ZNSt4pairIKSsdEC2ERKS1_
FN:119,_ZNSt4pairIKSsSt6vectorIdSaIdEEEC2ERKS4_
FN:120,_ZNSt4pairIKSsSt6vectorIdSaIdEEEC2EOS4_
FN:120,_ZNSt4pairIKSsdEC2EOS1_
FN:130,_ZNSt4pairIKSsSt6vectorIdSaIdEEEC2IS3_vEERS0_OT_
FN:130,_ZNSt4pairIKSsdEC2IdvEERS0_OT_
FN:136,_ZNSt4pairISt17_Rb_tree_iteratorIS_IKSsSt6vectorIdSaIdEEEEbEC2IRS6_bvEEOT_OT0_
FN:136,_ZNSt4pairISt17_Rb_tree_iteratorIS_IKSsdEEbEC2IRS3_bvEEOT_OT0_
FN:136,_ZNSt4pairISt17_Rb_tree_iteratorIS_IKSsSt6vectorIdSaIdEEEEbEC2IS6_bvEEOT_OT0_
FN:136,_ZNSt4pairISt17_Rb_tree_iteratorIS_IKSsdEEbEC2IS3_bvEEOT_OT0_
FNDA:0,_ZNSt4pairIKSsdED2Ev
FNDA:3988,_ZNSt4pairIKSsSt6vectorIdSaIdEEED2Ev
FNDA:988,_ZNSt4pairIKSsSt6vectorIdSaIdEEEC2ERKS4_
FNDA:36,_ZNSt4pairIKSsdEC2ERKS1_
FNDA:0,_ZNSt4pairIKSsdEC2EOS1_
FNDA:1432,_ZNSt4pairIKSsSt6vectorIdSaIdEEEC2EOS4_
FNDA:0,_ZNSt4pairIKSsdEC2IdvEERS0_OT_
FNDA:1432,_ZNSt4pairIKSsSt6vectorIdSaIdEEEC2IS3_vEERS0_OT_
FNDA:0,_ZNSt4pairISt17_Rb_tree_iteratorIS_IKSsdEEbEC2IRS3_bvEEOT_OT0_
FNDA:0,_ZNSt4pairISt17_Rb_tree_iteratorIS_IKSsdEEbEC2IS3_bvEEOT_OT0_
FNDA:0,_ZNSt4pairISt17_Rb_tree_iteratorIS_IKSsSt6vectorIdSaIdEEEEbEC2IRS6_bvEEOT_OT0_
FNDA:168,_ZNSt4pairISt17_Rb_tree_iteratorIS_IKSsSt6vectorIdSaIdEEEEbEC2IS6_bvEEOT_OT0_
FNF:12
FNH:6
DA:88,3988
DA:119,1024
DA:120,1432
DA:130,1432
DA:131,1432
DA:136,168
DA:137,168
LF:7
LH:7
end_of_record
SF:/usr/include/c++/4.7.2/bits/stl_tree.h
FN:101,_ZNSt18_Rb_tree_node_base10_S_minimumEPS_
FN:115,_ZNSt18_Rb_tree_node_base10_S_maximumEPS_
FN:130,_ZNSt13_Rb_tree_nodeISt4pairIKSsdEED2Ev
FN:130,_ZNSt13_Rb_tree_nodeISt4pairIKSsSt6vectorIdSaIdEEEED2Ev
FN:137,_ZNSt13_Rb_tree_nodeISt4pairIKSsdEEC2IIS2_EEEDpOT_
FN:137,_ZNSt13_Rb_tree_nodeISt4pairIKSsSt6vectorIdSaIdEEEEC2IIS5_EEEDpOT_
FN:137,_ZNSt13_Rb_tree_nodeISt4pairIKSsSt6vectorIdSaIdEEEEC2IIRKS5_EEEDpOT_
FN:137,_ZNSt13_Rb_tree_nodeISt4pairIKSsdEEC2IIRKS2_EEEDpOT_
FN:173,_ZNSt17_Rb_tree_iteratorISt4pairIKSsdEEC2EPSt13_Rb_tree_nodeIS2_E
FN:173,_ZNSt17_Rb_tree_iteratorISt4pairIKSsSt6vectorIdSaIdEEEEC2EPSt13_Rb_tree_nodeIS5_E
FN:177,_ZNKSt17_Rb_tree_iteratorISt4pairIKSsSt6vectorIdSaIdEEEEdeEv
FN:177,_ZNKSt17_Rb_tree_iteratorISt4pairIKSsdEEdeEv
FN:181,_ZNKSt17_Rb_tree_iteratorISt4pairIKSsSt6vectorIdSaIdEEEEptEv
FN:186,_ZNSt17_Rb_tree_iteratorISt4pairIKSsSt6vectorIdSaIdEEEEppEv
FN:201,_ZNSt17_Rb_tree_iteratorISt4pairIKSsdEEmmEv
FN:201,_ZNSt17_Rb_tree_iteratorISt4pairIKSsSt6vectorIdSaIdEEEEmmEv
FN:216,_ZNKSt17_Rb_tree_iteratorISt4pairIKSsSt6vectorIdSaIdEEEEeqERKS6_
FN:216,_ZNKSt17_Rb_tree_iteratorISt4pairIKSsdEEeqERKS3_
FN:220,_ZNKSt17_Rb_tree_iteratorISt4pairIKSsSt6vectorIdSaIdEEEEneERKS6_
FN:246,_ZNSt23_Rb_tree_const_iteratorISt4pairIKSsSt6vectorIdSaIdEEEEC2EPKSt13_Rb_tree_nodeIS5_E
FN:246,_ZNSt23_Rb_tree_const_iteratorISt4pairIKSsN8f_config15FeatureSettingsEEEC2EPKSt13_Rb_tree_nodeIS4_E
FN:249,_ZNSt23_Rb_tree_const_iteratorISt4pairIKSsdEEC2ERKSt17_Rb_tree_iteratorIS2_E
FN:249,_ZNSt23_Rb_tree_const_iteratorISt4pairIKSsSt6vectorIdSaIdEEEEC2ERKSt17_Rb_tree_iteratorIS5_E
FN:253,_ZNKSt23_Rb_tree_const_iteratorISt4pairIKSsSt6vectorIdSaIdEEEE13_M_const_castEv
FN:253,_ZNKSt23_Rb_tree_const_iteratorISt4pairIKSsdEE13_M_const_castEv
FN:258,_ZNKSt23_Rb_tree_const_iteratorISt4pairIKSsN8f_config15FeatureSettingsEEEdeEv
FN:258,_ZNKSt23_Rb_tree_const_iteratorISt4pairIKSsSt6vectorIdSaIdEEEEdeEv
FN:267,_ZNSt23_Rb_tree_const_iteratorISt4pairIKSsdEEppEv
FN:267,_ZNSt23_Rb_tree_const_iteratorISt4pairIKSsSt6vectorIdSaIdEEEEppEv
FN:282,_ZNSt23_Rb_tree_const_iteratorISt4pairIKSsSt6vectorIdSaIdEEEEmmEv
FN:282,_ZNSt23_Rb_tree_const_iteratorISt4pairIKSsdEEmmEv
FN:297,_ZNKSt23_Rb_tree_const_iteratorISt4pairIKSsSt6vectorIdSaIdEEEEeqERKS6_
FN:297,_ZNKSt23_Rb_tree_const_iteratorISt4pairIKSsN8f_config15FeatureSettingsEEEeqERKS5_
FN:355,_ZNSt8_Rb_treeISsSt4pairIKSsdESt10_Select1stIS2_ESt4lessISsESaIS2_EE21_M_get_Node_allocatorEv
FN:355,_ZNSt8_Rb_treeISsSt4pairIKSsSt6vectorIdSaIdEEESt10_Select1stIS5_ESt4lessISsESaIS5_EE21_M_get_Node_allocatorEv
FN:359,_ZNKSt8_Rb_treeISsSt4pairIKSsSt6vectorIdSaIdEEESt10_Select1stIS5_ESt4lessISsESaIS5_EE21_M_get_Node_allocatorEv
FN:359,_ZNKSt8_Rb_treeISsSt4pairIKSsdESt10_Select1stIS2_ESt4lessISsESaIS2_EE21_M_get_Node_allocatorEv
FN:368,_ZNSt8_Rb_treeISsSt4pairIKSsdESt10_Select1stIS2_ESt4lessISsESaIS2_EE11_M_get_nodeEv
FN:368,_ZNSt8_Rb_treeISsSt4pairIKSsSt6vectorIdSaIdEEESt10_Select1stIS5_ESt4lessISsESaIS5_EE11_M_get_nodeEv
FN:372,_ZNSt8_Rb_treeISsSt4pairIKSsdESt10_Select1stIS2_ESt4lessISsESaIS2_EE11_M_put_nodeEPSt13_Rb_tree_nodeIS2_E
FN:372,_ZNSt8_Rb_treeISsSt4pairIKSsSt6vectorIdSaIdEEESt10_Select1stIS5_ESt4lessISsESaIS5_EE11_M_put_nodeEPSt13_Rb_tree_nodeIS5_E
FN:400,_ZNSt8_Rb_treeISsSt4pairIKSsSt6vectorIdSaIdEEESt10_Select1stIS5_ESt4lessISsESaIS5_EE14_M_create_nodeIIRKS5_EEEPSt13_Rb_tree_nodeIS5_EDpOT_
FN:400,_ZNSt8_Rb_treeISsSt4pairIKSsdESt10_Select1stIS2_ESt4lessISsESaIS2_EE14_M_create_nodeIIS2_EEEPSt13_Rb_tree_nodeIS2_EDpOT_
FN:400,_ZNSt8_Rb_treeISsSt4pairIKSsdESt10_Select1stIS2_ESt4lessISsESaIS2_EE14_M_create_nodeIIRKS2_EEEPSt13_Rb_tree_nodeIS2_EDpOT_
FN:400,_ZNSt8_Rb_treeISsSt4pairIKSsSt6vectorIdSaIdEEESt10_Select1stIS5_ESt4lessISsESaIS5_EE14_M_create_nodeIIS5_EEEPSt13_Rb_tree_nodeIS5_EDpOT_
FN:417,_ZNSt8_Rb_treeISsSt4pairIKSsSt6vectorIdSaIdEEESt10_Select1stIS5_ESt4lessISsESaIS5_EE15_M_destroy_nodeEPSt13_Rb_tree_nodeIS5_E
FN:417,_ZNSt8_Rb_treeISsSt4pairIKSsdESt10_Select1stIS2_ESt4lessISsESaIS2_EE15_M_destroy_nodeEPSt13_Rb_tree_nodeIS2_E
FN:425,_ZNSt8_Rb_treeISsSt4pairIKSsdESt10_Select1stIS2_ESt4lessISsESaIS2_EE13_M_clone_nodeEPKSt13_Rb_tree_nodeIS2_E
FN:425,_ZNSt8_Rb_treeISsSt4pairIKSsSt6vectorIdSaIdEEESt10_Select1stIS5_ESt4lessISsESaIS5_EE13_M_clone_nodeEPKSt13_Rb_tree_nodeIS5_E
FN:437,_ZNSt8_Rb_treeISsSt4pairIKSsSt6vectorIdSaIdEEESt10_Select1stIS5_ESt4lessISsESaIS5_EE13_Rb_tree_implIS9_Lb1EED2Ev
FN:437,_ZNSt8_Rb_treeISsSt4pairIKSsdESt10_Select1stIS2_ESt4lessISsESaIS2_EE13_Rb_tree_implIS6_Lb1EED2Ev
FN:443,_ZNSt8_Rb_treeISsSt4pairIKSsSt6vectorIdSaIdEEESt10_Select1stIS5_ESt4lessISsESaIS5_EE13_Rb_tree_implIS9_Lb1EEC2Ev
FN:448,_ZNSt8_Rb_treeISsSt4pairIKSsdESt10_Select1stIS2_ESt4lessISsESaIS2_EE13_Rb_tree_implIS6_Lb1EEC2ERKS6_RKSaISt13_Rb_tree_nodeIS2_EE
FN:448,_ZNSt8_Rb_treeISsSt4pairIKSsSt6vectorIdSaIdEEESt10_Select1stIS5_ESt4lessISsESaIS5_EE13_Rb_tree_implIS9_Lb1EEC2ERKS9_RKSaISt13_Rb_tree_nodeIS5_EE
FN:462,_ZNSt8_Rb_treeISsSt4pairIKSsSt6vectorIdSaIdEEESt10_Select1stIS5_ESt4lessISsESaIS5_EE13_Rb_tree_implIS9_Lb1EE13_M_initializeEv
FN:462,_ZNSt8_Rb_treeISsSt4pairIKSsdESt10_Select1stIS2_ESt4lessISsESaIS2_EE13_Rb_tree_implIS6_Lb1EE13_M_initializeEv
FN:475,_ZNSt8_Rb_treeISsSt4pairIKSsdESt10_Select1stIS2_ESt4lessISsESaIS2_EE7_M_rootEv
FN:475,_ZNSt8_Rb_treeISsSt4pairIKSsSt6vectorIdSaIdEEESt10_Select1stIS5_ESt4lessISsESaIS5_EE7_M_rootEv
FN:479,_ZNKSt8_Rb_treeISsSt4pairIKSsdESt10_Select1stIS2_ESt4lessISsESaIS2_EE7_M_rootEv
FN:479,_ZNKSt8_Rb_treeISsSt4pairIKSsSt6vectorIdSaIdEEESt10_Select1stIS5_ESt4lessISsESaIS5_EE7_M_rootEv
FN:483,_ZNSt8_Rb_treeISsSt4pairIKSsdESt10_Select1stIS2_ESt4lessISsESaIS2_EE11_M_leftmostEv
FN:483,_ZNSt8_Rb_treeISsSt4pairIKSsSt6vectorIdSaIdEEESt10_Select1stIS5_ESt4lessISsESaIS5_EE11_M_leftmostEv
FN:491,_ZNSt8_Rb_treeISsSt4pairIKSsSt6vectorIdSaIdEEESt10_Select1stIS5_ESt4lessISsESaIS5_EE12_M_rightmostEv
FN:491,_ZNSt8_Rb_treeISsSt4pairIKSsdESt10_Select1stIS2_ESt4lessISsESaIS2_EE12_M_rightmostEv
FN:499,_ZNSt8_Rb_treeISsSt4pairIKSsSt6vectorIdSaIdEEESt10_Select1stIS5_ESt4lessISsESaIS5_EE8_M_beginEv
FN:499,_ZNSt8_Rb_treeISsSt4pairIKSsdESt10_Select1stIS2_ESt4lessISsESaIS2_EE8_M_beginEv
FN:503,_ZNKSt8_Rb_treeISsSt4pairIKSsSt6vectorIdSaIdEEESt10_Select1stIS5_ESt4lessISsESaIS5_EE8_M_beginEv
FN:503,_ZNKSt8_Rb_treeISsSt4pairIKSsN8f_config15FeatureSettingsEESt10_Select1stIS4_ESt4lessISsESaIS4_EE8_M_beginEv
FN:503,_ZNKSt8_Rb_treeISsSt4pairIKSsdESt10_Select1stIS2_ESt4lessISsESaIS2_EE8_M_beginEv
FN:510,_ZNSt8_Rb_treeISsSt4pairIKSsSt6vectorIdSaIdEEESt10_Select1stIS5_ESt4lessISsESaIS5_EE6_M_endEv
FN:510,_ZNSt8_Rb_treeISsSt4pairIKSsdESt10_Select1stIS2_ESt4lessISsESaIS2_EE6_M_endEv
FN:514,_ZNKSt8_Rb_treeISsSt4pairIKSsSt6vectorIdSaIdEEESt10_Select1stIS5_ESt4lessISsESaIS5_EE6_M_endEv
FN:514,_ZNKSt8_Rb_treeISsSt4pairIKSsN8f_config15FeatureSettingsEESt10_Select1stIS4_ESt4lessISsESaIS4_EE6_M_endEv
FN:518,_ZNSt8_Rb_treeISsSt4pairIKSsN8f_config15FeatureSettingsEESt10_Select1stIS4_ESt4lessISsESaIS4_EE8_S_valueEPKSt13_Rb_tree_nodeIS4_E
FN:518,_ZNSt8_Rb_treeISsSt4pairIKSsSt6vectorIdSaIdEEESt10_Select1stIS5_ESt4lessISsESaIS5_EE8_S_valueEPKSt13_Rb_tree_nodeIS5_E
FN:518,_ZNSt8_Rb_treeISsSt4pairIKSsdESt10_Select1stIS2_ESt4lessISsESaIS2_EE8_S_valueEPKSt13_Rb_tree_nodeIS2_E
FN:522,_ZNSt8_Rb_treeISsSt4pairIKSsdESt10_Select1stIS2_ESt4lessISsESaIS2_EE6_S_keyEPKSt13_Rb_tree_nodeIS2_E
FN:522,_ZNSt8_Rb_treeISsSt4pairIKSsSt6vectorIdSaIdEEESt10_Select1stIS5_ESt4lessISsESaIS5_EE6_S_keyEPKSt13_Rb_tree_nodeIS5_E
FN:522,_ZNSt8_Rb_treeISsSt4pairIKSsN8f_config15FeatureSettingsEESt10_Select1stIS4_ESt4lessISsESaIS4_EE6_S_keyEPKSt13_Rb_tree_nodeIS4_E
FN:526,_ZNSt8_Rb_treeISsSt4pairIKSsSt6vectorIdSaIdEEESt10_Select1stIS5_ESt4lessISsESaIS5_EE7_S_leftEPSt18_Rb_tree_node_base
FN:526,_ZNSt8_Rb_treeISsSt4pairIKSsdESt10_Select1stIS2_ESt4lessISsESaIS2_EE7_S_leftEPSt18_Rb_tree_node_base
FN:530,_ZNSt8_Rb_treeISsSt4pairIKSsSt6vectorIdSaIdEEESt10_Select1stIS5_ESt4lessISsESaIS5_EE7_S_leftEPKSt18_Rb_tree_node_base
FN:530,_ZNSt8_Rb_treeISsSt4pairIKSsN8f_config15FeatureSettingsEESt10_Select1stIS4_ESt4lessISsESaIS4_EE7_S_leftEPKSt18_Rb_tree_node_base
FN:530,_ZNSt8_Rb_treeISsSt4pairIKSsdESt10_Select1stIS2_ESt4lessISsESaIS2_EE7_S_leftEPKSt18_Rb_tree_node_base
FN:534,_ZNSt8_Rb_treeISsSt4pairIKSsdESt10_Select1stIS2_ESt4lessISsESaIS2_EE8_S_rightEPSt18_Rb_tree_node_base
FN:534,_ZNSt8_Rb_treeISsSt4pairIKSsSt6vectorIdSaIdEEESt10_Select1stIS5_ESt4lessISsESaIS5_EE8_S_rightEPSt18_Rb_tree_node_base
FN:538,_ZNSt8_Rb_treeISsSt4pairIKSsN8f_config15FeatureSettingsEESt10_Select1stIS4_ESt4lessISsESaIS4_EE8_S_rightEPKSt18_Rb_tree_node_base
FN:538,_ZNSt8_Rb_treeISsSt4pairIKSsSt6vectorIdSaIdEEESt10_Select1stIS5_ESt4lessISsESaIS5_EE8_S_rightEPKSt18_Rb_tree_node_base
FN:538,_ZNSt8_Rb_treeISsSt4pairIKSsdESt10_Select1stIS2_ESt4lessISsESaIS2_EE8_S_rightEPKSt18_Rb_tree_node_base
FN:542,_ZNSt8_Rb_treeISsSt4pairIKSsdESt10_Select1stIS2_ESt4lessISsESaIS2_EE8_S_valueEPKSt18_Rb_tree_node_base
FN:542,_ZNSt8_Rb_treeISsSt4pairIKSsSt6vectorIdSaIdEEESt10_Select1stIS5_ESt4lessISsESaIS5_EE8_S_valueEPKSt18_Rb_tree_node_base
FN:546,_ZNSt8_Rb_treeISsSt4pairIKSsSt6vectorIdSaIdEEESt10_Select1stIS5_ESt4lessISsESaIS5_EE6_S_keyEPKSt18_Rb_tree_node_base
FN:546,_ZNSt8_Rb_treeISsSt4pairIKSsdESt10_Select1stIS2_ESt4lessISsESaIS2_EE6_S_keyEPKSt18_Rb_tree_node_base
FN:550,_ZNSt8_Rb_treeISsSt4pairIKSsSt6vectorIdSaIdEEESt10_Select1stIS5_ESt4lessISsESaIS5_EE10_S_minimumEPSt18_Rb_tree_node_base
FN:550,_ZNSt8_Rb_treeISsSt4pairIKSsdESt10_Select1stIS2_ESt4lessISsESaIS2_EE10_S_minimumEPSt18_Rb_tree_node_base
FN:558,_ZNSt8_Rb_treeISsSt4pairIKSsdESt10_Select1stIS2_ESt4lessISsESaIS2_EE10_S_maximumEPSt18_Rb_tree_node_base
FN:558,_ZNSt8_Rb_treeISsSt4pairIKSsSt6vectorIdSaIdEEESt10_Select1stIS5_ESt4lessISsESaIS5_EE10_S_maximumEPSt18_Rb_tree_node_base
FN:623,_ZNSt8_Rb_treeISsSt4pairIKSsSt6vectorIdSaIdEEESt10_Select1stIS5_ESt4lessISsESaIS5_EEC2Ev
FN:629,_ZNSt8_Rb_treeISsSt4pairIKSsdESt10_Select1stIS2_ESt4lessISsESaIS2_EEC2ERKS8_
FN:629,_ZNSt8_Rb_treeISsSt4pairIKSsSt6vectorIdSaIdEEESt10_Select1stIS5_ESt4lessISsESaIS5_EEC2ERKSB_
FN:645,_ZNSt8_Rb_treeISsSt4pairIKSsdESt10_Select1stIS2_ESt4lessISsESaIS2_EED2Ev
FN:645,_ZNSt8_Rb_treeISsSt4pairIKSsSt6vectorIdSaIdEEESt10_Select1stIS5_ESt4lessISsESaIS5_EED2Ev
FN:653,_ZNKSt8_Rb_treeISsSt4pairIKSsdESt10_Select1stIS2_ESt4lessISsESaIS2_EE8key_compEv
FN:653,_ZNKSt8_Rb_treeISsSt4pairIKSsN8f_config15FeatureSettingsEESt10_Select1stIS4_ESt4lessISsESaIS4_EE8key_compEv
FN:653,_ZNKSt8_Rb_treeISsSt4pairIKSsSt6vectorIdSaIdEEESt10_Select1stIS5_ESt4lessISsESaIS5_EE8key_compEv
FN:657,_ZNSt8_Rb_treeISsSt4pairIKSsdESt10_Select1stIS2_ESt4lessISsESaIS2_EE5beginEv
FN:657,_ZNSt8_Rb_treeISsSt4pairIKSsSt6vectorIdSaIdEEESt10_Select1stIS5_ESt4lessISsESaIS5_EE5beginEv
FN:671,_ZNSt8_Rb_treeISsSt4pairIKSsdESt10_Select1stIS2_ESt4lessISsESaIS2_EE3endEv
FN:671,_ZNSt8_Rb_treeISsSt4pairIKSsSt6vectorIdSaIdEEESt10_Select1stIS5_ESt4lessISsESaIS5_EE3endEv
FN:675,_ZNKSt8_Rb_treeISsSt4pairIKSsN8f_config15FeatureSettingsEESt10_Select1stIS4_ESt4lessISsESaIS4_EE3endEv
FN:675,_ZNKSt8_Rb_treeISsSt4pairIKSsSt6vectorIdSaIdEEESt10_Select1stIS5_ESt4lessISsESaIS5_EE3endEv
FN:702,_ZNKSt8_Rb_treeISsSt4pairIKSsSt6vectorIdSaIdEEESt10_Select1stIS5_ESt4lessISsESaIS5_EE4sizeEv
FN:702,_ZNKSt8_Rb_treeISsSt4pairIKSsdESt10_Select1stIS2_ESt4lessISsESaIS2_EE4sizeEv
FN:814,_ZNSt8_Rb_treeISsSt4pairIKSsSt6vectorIdSaIdEEESt10_Select1stIS5_ESt4lessISsESaIS5_EE5clearEv
FN:834,_ZNSt8_Rb_treeISsSt4pairIKSsdESt10_Select1stIS2_ESt4lessISsESaIS2_EE11lower_boundERS1_
FN:834,_ZNSt8_Rb_treeISsSt4pairIKSsSt6vectorIdSaIdEEESt10_Select1stIS5_ESt4lessISsESaIS5_EE11lower_boundERS1_
FN:838,_ZNKSt8_Rb_treeISsSt4pairIKSsN8f_config15FeatureSettingsEESt10_Select1stIS4_ESt4lessISsESaIS4_EE11lower_boundERS1_
FN:838,_ZNKSt8_Rb_treeISsSt4pairIKSsSt6vectorIdSaIdEEESt10_Select1stIS5_ESt4lessISsESaIS5_EE11lower_boundERS1_
FN:943,_ZNSt8_Rb_treeISsSt4pairIKSsSt6vectorIdSaIdEEESt10_Select1stIS5_ESt4lessISsESaIS5_EEaSERKSB_
FN:968,_ZNSt8_Rb_treeISsSt4pairIKSsdESt10_Select1stIS2_ESt4lessISsESaIS2_EE10_M_insert_IS2_EESt17_Rb_tree_iteratorIS2_EPKSt18_Rb_tree_node_baseSE_OT_
FN:968,_ZNSt8_Rb_treeISsSt4pairIKSsSt6vectorIdSaIdEEESt10_Select1stIS5_ESt4lessISsESaIS5_EE10_M_insert_IS5_EESt17_Rb_tree_iteratorIS5_EPKSt18_Rb_tree_node_baseSH_OT_
FN:1040,_ZNSt8_Rb_treeISsSt4pairIKSsdESt10_Select1stIS2_ESt4lessISsESaIS2_EE7_M_copyEPKSt13_Rb_tree_nodeIS2_EPSA_
FN:1040,_ZNSt8_Rb_treeISsSt4pairIKSsSt6vectorIdSaIdEEESt10_Select1stIS5_ESt4lessISsESaIS5_EE7_M_copyEPKSt13_Rb_tree_nodeIS5_EPSD_
FN:1076,_ZNSt8_Rb_treeISsSt4pairIKSsSt6vectorIdSaIdEEESt10_Select1stIS5_ESt4lessISsESaIS5_EE8_M_eraseEPSt13_Rb_tree_nodeIS5_E
FN:1076,_ZNSt8_Rb_treeISsSt4pairIKSsdESt10_Select1stIS2_ESt4lessISsESaIS2_EE8_M_eraseEPSt13_Rb_tree_nodeIS2_E
FN:1093,_ZNSt8_Rb_treeISsSt4pairIKSsdESt10_Select1stIS2_ESt4lessISsESaIS2_EE14_M_lower_boundEPSt13_Rb_tree_nodeIS2_ESB_RS1_
FN:1093,_ZNSt8_Rb_treeISsSt4pairIKSsSt6vectorIdSaIdEEESt10_Select1stIS5_ESt4lessISsESaIS5_EE14_M_lower_boundEPSt13_Rb_tree_nodeIS5_ESE_RS1_
FN:1109,_ZNKSt8_Rb_treeISsSt4pairIKSsN8f_config15FeatureSettingsEESt10_Select1stIS4_ESt4lessISsESaIS4_EE14_M_lower_boundEPKSt13_Rb_tree_nodeIS4_ESE_RS1_
FN:1109,_ZNKSt8_Rb_treeISsSt4pairIKSsSt6vectorIdSaIdEEESt10_Select1stIS5_ESt4lessISsESaIS5_EE14_M_lower_boundEPKSt13_Rb_tree_nodeIS5_ESF_RS1_
FN:1218,_ZNSt8_Rb_treeISsSt4pairIKSsSt6vectorIdSaIdEEESt10_Select1stIS5_ESt4lessISsESaIS5_EE4swapERSB_
FN:1272,_ZNSt8_Rb_treeISsSt4pairIKSsdESt10_Select1stIS2_ESt4lessISsESaIS2_EE16_M_insert_uniqueIS2_EES0_ISt17_Rb_tree_iteratorIS2_EbEOT_
FN:1272,_ZNSt8_Rb_treeISsSt4pairIKSsSt6vectorIdSaIdEEESt10_Select1stIS5_ESt4lessISsESaIS5_EE16_M_insert_uniqueIS5_EES0_ISt17_Rb_tree_iteratorIS5_EbEOT_
FN:1333,_ZNSt8_Rb_treeISsSt4pairIKSsdESt10_Select1stIS2_ESt4lessISsESaIS2_EE17_M_insert_unique_IS2_EESt17_Rb_tree_iteratorIS2_ESt23_Rb_tree_const_iteratorIS2_EOT_
FN:1333,_ZNSt8_Rb_treeISsSt4pairIKSsSt6vectorIdSaIdEEESt10_Select1stIS5_ESt4lessISsESaIS5_EE17_M_insert_unique_IS5_EESt17_Rb_tree_iteratorIS5_ESt23_Rb_tree_const_iteratorIS5_EOT_
FN:1541,_ZNSt8_Rb_treeISsSt4pairIKSsSt6vectorIdSaIdEEESt10_Select1stIS5_ESt4lessISsESaIS5_EE4findERS1_
FNDA:40,_ZNSt18_Rb_tree_node_base10_S_minimumEPS_
FNDA:40,_ZNSt18_Rb_tree_node_base10_S_maximumEPS_
FNDA:2420,_ZNSt13_Rb_tree_nodeISt4pairIKSsSt6vectorIdSaIdEEEED2Ev
FNDA:0,_ZNSt13_Rb_tree_nodeISt4pairIKSsdEED2Ev
FNDA:0,_ZNSt13_Rb_tree_nodeISt4pairIKSsdEEC2IIS2_EEEDpOT_
FNDA:988,_ZNSt13_Rb_tree_nodeISt4pairIKSsSt6vectorIdSaIdEEEEC2IIRKS5_EEEDpOT_
FNDA:1432,_ZNSt13_Rb_tree_nodeISt4pairIKSsSt6vectorIdSaIdEEEEC2IIS5_EEEDpOT_
FNDA:36,_ZNSt13_Rb_tree_nodeISt4pairIKSsdEEC2IIRKS2_EEEDpOT_
FNDA:0,_ZNSt17_Rb_tree_iteratorISt4pairIKSsdEEC2EPSt13_Rb_tree_nodeIS2_E
FNDA:177364,_ZNSt17_Rb_tree_iteratorISt4pairIKSsSt6vectorIdSaIdEEEEC2EPSt13_Rb_tree_nodeIS5_E
FNDA:0,_ZNKSt17_Rb_tree_iteratorISt4pairIKSsdEEdeEv
FNDA:17348,_ZNKSt17_Rb_tree_iteratorISt4pairIKSsSt6vectorIdSaIdEEEEdeEv
FNDA:169992,_ZNKSt17_Rb_tree_iteratorISt4pairIKSsSt6vectorIdSaIdEEEEptEv
FNDA:148776,_ZNSt17_Rb_tree_iteratorISt4pairIKSsSt6vectorIdSaIdEEEEppEv
FNDA:0,_ZNSt17_Rb_tree_iteratorISt4pairIKSsdEEmmEv
FNDA:44,_ZNSt17_Rb_tree_iteratorISt4pairIKSsSt6vectorIdSaIdEEEEmmEv
FNDA:0,_ZNKSt17_Rb_tree_iteratorISt4pairIKSsdEEeqERKS3_
FNDA:8668,_ZNKSt17_Rb_tree_iteratorISt4pairIKSsSt6vectorIdSaIdEEEEeqERKS6_
FNDA:153940,_ZNKSt17_Rb_tree_iteratorISt4pairIKSsSt6vectorIdSaIdEEEEneERKS6_
FNDA:288,_ZNSt23_Rb_tree_const_iteratorISt4pairIKSsSt6vectorIdSaIdEEEEC2EPKSt13_Rb_tree_nodeIS5_E
FNDA:12,_ZNSt23_Rb_tree_const_iteratorISt4pairIKSsN8f_config15FeatureSettingsEEEC2EPKSt13_Rb_tree_nodeIS4_E
FNDA:0,_ZNSt23_Rb_tree_const_iteratorISt4pairIKSsdEEC2ERKSt17_Rb_tree_iteratorIS2_E
FNDA:1568,_ZNSt23_Rb_tree_const_iteratorISt4pairIKSsSt6vectorIdSaIdEEEEC2ERKSt17_Rb_tree_iteratorIS5_E
FNDA:0,_ZNKSt23_Rb_tree_const_iteratorISt4pairIKSsdEE13_M_const_castEv
FNDA:0,_ZNKSt23_Rb_tree_const_iteratorISt4pairIKSsSt6vectorIdSaIdEEEE13_M_const_castEv
FNDA:288,_ZNKSt23_Rb_tree_const_iteratorISt4pairIKSsSt6vectorIdSaIdEEEEdeEv
FNDA:0,_ZNKSt23_Rb_tree_const_iteratorISt4pairIKSsN8f_config15FeatureSettingsEEEdeEv
FNDA:0,_ZNSt23_Rb_tree_const_iteratorISt4pairIKSsdEEppEv
FNDA:0,_ZNSt23_Rb_tree_const_iteratorISt4pairIKSsSt6vectorIdSaIdEEEEppEv
FNDA:0,_ZNSt23_Rb_tree_const_iteratorISt4pairIKSsdEEmmEv
FNDA:1080,_ZNSt23_Rb_tree_const_iteratorISt4pairIKSsSt6vectorIdSaIdEEEEmmEv
FNDA:144,_ZNKSt23_Rb_tree_const_iteratorISt4pairIKSsSt6vectorIdSaIdEEEEeqERKS6_
FNDA:0,_ZNKSt23_Rb_tree_const_iteratorISt4pairIKSsN8f_config15FeatureSettingsEEEeqERKS5_
FNDA:0,_ZNSt8_Rb_treeISsSt4pairIKSsdESt10_Select1stIS2_ESt4lessISsESaIS2_EE21_M_get_Node_allocatorEv
FNDA:4888,_ZNSt8_Rb_treeISsSt4pairIKSsSt6vectorIdSaIdEEESt10_Select1stIS5_ESt4lessISsESaIS5_EE21_M_get_Node_allocatorEv
FNDA:4,_ZNKSt8_Rb_treeISsSt4pairIKSsSt6vectorIdSaIdEEESt10_Select1stIS5_ESt4lessISsESaIS5_EE21_M_get_Node_allocatorEv
FNDA:32,_ZNKSt8_Rb_treeISsSt4pairIKSsdESt10_Select1stIS2_ESt4lessISsESaIS2_EE21_M_get_Node_allocatorEv
FNDA:2420,_ZNSt8_Rb_treeISsSt4pairIKSsSt6vectorIdSaIdEEESt10_Select1stIS5_ESt4lessISsESaIS5_EE11_M_get_nodeEv
FNDA:0,_ZNSt8_Rb_treeISsSt4pairIKSsdESt10_Select1stIS2_ESt4lessISsESaIS2_EE11_M_get_nodeEv
FNDA:2420,_ZNSt8_Rb_treeISsSt4pairIKSsSt6vectorIdSaIdEEESt10_Select1stIS5_ESt4lessISsESaIS5_EE11_M_put_nodeEPSt13_Rb_tree_nodeIS5_E
FNDA:0,_ZNSt8_Rb_treeISsSt4pairIKSsdESt10_Select1stIS2_ESt4lessISsESaIS2_EE11_M_put_nodeEPSt13_Rb_tree_nodeIS2_E
FNDA:0,_ZNSt8_Rb_treeISsSt4pairIKSsdESt10_Select1stIS2_ESt4lessISsESaIS2_EE14_M_create_nodeIIS2_EEEPSt13_Rb_tree_nodeIS2_EDpOT_
FNDA:988,_ZNSt8_Rb_treeISsSt4pairIKSsSt6vectorIdSaIdEEESt10_Select1stIS5_ESt4lessISsESaIS5_EE14_M_create_nodeIIRKS5_EEEPSt13_Rb_tree_nodeIS5_EDpOT_
FNDA:1432,_ZNSt8_Rb_treeISsSt4pairIKSsSt6vectorIdSaIdEEESt10_Select1stIS5_ESt4lessISsESaIS5_EE14_M_create_nodeIIS5_EEEPSt13_Rb_tree_nodeIS5_EDpOT_
FNDA:36,_ZNSt8_Rb_treeISsSt4pairIKSsdESt10_Select1stIS2_ESt4lessISsESaIS2_EE14_M_create_nodeIIRKS2_EEEPSt13_Rb_tree_nodeIS2_EDpOT_
FNDA:2420,_ZNSt8_Rb_treeISsSt4pairIKSsSt6vectorIdSaIdEEESt10_Select1stIS5_ESt4lessISsESaIS5_EE15_M_destroy_nodeEPSt13_Rb_tree_nodeIS5_E
FNDA:0,_ZNSt8_Rb_treeISsSt4pairIKSsdESt10_Select1stIS2_ESt4lessISsESaIS2_EE15_M_destroy_nodeEPSt13_Rb_tree_nodeIS2_E
FNDA:852,_ZNSt8_Rb_treeISsSt4pairIKSsSt6vectorIdSaIdEEESt10_Select1stIS5_ESt4lessISsESaIS5_EE13_M_clone_nodeEPKSt13_Rb_tree_nodeIS5_E
FNDA:24,_ZNSt8_Rb_treeISsSt4pairIKSsdESt10_Select1stIS2_ESt4lessISsESaIS2_EE13_M_clone_nodeEPKSt13_Rb_tree_nodeIS2_E
FNDA:88,_ZNSt8_Rb_treeISsSt4pairIKSsSt6vectorIdSaIdEEESt10_Select1stIS5_ESt4lessISsESaIS5_EE13_Rb_tree_implIS9_Lb1EED2Ev
FNDA:0,_ZNSt8_Rb_treeISsSt4pairIKSsdESt10_Select1stIS2_ESt4lessISsESaIS2_EE13_Rb_tree_implIS6_Lb1EED2Ev
FNDA:84,_ZNSt8_Rb_treeISsSt4pairIKSsSt6vectorIdSaIdEEESt10_Select1stIS5_ESt4lessISsESaIS5_EE13_Rb_tree_implIS9_Lb1EEC2Ev
FNDA:4,_ZNSt8_Rb_treeISsSt4pairIKSsSt6vectorIdSaIdEEESt10_Select1stIS5_ESt4lessISsESaIS5_EE13_Rb_tree_implIS9_Lb1EEC2ERKS9_RKSaISt13_Rb_tree_nodeIS5_EE
FNDA:32,_ZNSt8_Rb_treeISsSt4pairIKSsdESt10_Select1stIS2_ESt4lessISsESaIS2_EE13_Rb_tree_implIS6_Lb1EEC2ERKS6_RKSaISt13_Rb_tree_nodeIS2_EE
FNDA:88,_ZNSt8_Rb_treeISsSt4pairIKSsSt6vectorIdSaIdEEESt10_Select1stIS5_ESt4lessISsESaIS5_EE13_Rb_tree_implIS9_Lb1EE13_M_initializeEv
FNDA:0,_ZNSt8_Rb_treeISsSt4pairIKSsdESt10_Select1stIS2_ESt4lessISsESaIS2_EE13_Rb_tree_implIS6_Lb1EE13_M_initializeEv
FNDA:280,_ZNSt8_Rb_treeISsSt4pairIKSsSt6vectorIdSaIdEEESt10_Select1stIS5_ESt4lessISsESaIS5_EE7_M_rootEv
FNDA:28,_ZNSt8_Rb_treeISsSt4pairIKSsdESt10_Select1stIS2_ESt4lessISsESaIS2_EE7_M_rootEv
FNDA:28,_ZNKSt8_Rb_treeISsSt4pairIKSsSt6vectorIdSaIdEEESt10_Select1stIS5_ESt4lessISsESaIS5_EE7_M_rootEv
FNDA:36,_ZNKSt8_Rb_treeISsSt4pairIKSsdESt10_Select1stIS2_ESt4lessISsESaIS2_EE7_M_rootEv
FNDA:1568,_ZNSt8_Rb_treeISsSt4pairIKSsSt6vectorIdSaIdEEESt10_Select1stIS5_ESt4lessISsESaIS5_EE11_M_leftmostEv
FNDA:0,_ZNSt8_Rb_treeISsSt4pairIKSsdESt10_Select1stIS2_ESt4lessISsESaIS2_EE11_M_leftmostEv
FNDA:684,_ZNSt8_Rb_treeISsSt4pairIKSsSt6vectorIdSaIdEEESt10_Select1stIS5_ESt4lessISsESaIS5_EE12_M_rightmostEv
FNDA:0,_ZNSt8_Rb_treeISsSt4pairIKSsdESt10_Select1stIS2_ESt4lessISsESaIS2_EE12_M_rightmostEv
FNDA:8864,_ZNSt8_Rb_treeISsSt4pairIKSsSt6vectorIdSaIdEEESt10_Select1stIS5_ESt4lessISsESaIS5_EE8_M_beginEv
FNDA:0,_ZNSt8_Rb_treeISsSt4pairIKSsdESt10_Select1stIS2_ESt4lessISsESaIS2_EE8_M_beginEv
FNDA:0,_ZNKSt8_Rb_treeISsSt4pairIKSsN8f_config15FeatureSettingsEESt10_Select1stIS4_ESt4lessISsESaIS4_EE8_M_beginEv
FNDA:172,_ZNKSt8_Rb_treeISsSt4pairIKSsSt6vectorIdSaIdEEESt10_Select1stIS5_ESt4lessISsESaIS5_EE8_M_beginEv
FNDA:8,_ZNKSt8_Rb_treeISsSt4pairIKSsdESt10_Select1stIS2_ESt4lessISsESaIS2_EE8_M_beginEv
FNDA:11464,_ZNSt8_Rb_treeISsSt4pairIKSsSt6vectorIdSaIdEEESt10_Select1stIS5_ESt4lessISsESaIS5_EE6_M_endEv
FNDA:0,_ZNSt8_Rb_treeISsSt4pairIKSsdESt10_Select1stIS2_ESt4lessISsESaIS2_EE6_M_endEv
FNDA:144,_ZNKSt8_Rb_treeISsSt4pairIKSsSt6vectorIdSaIdEEESt10_Select1stIS5_ESt4lessISsESaIS5_EE6_M_endEv
FNDA:0,_ZNKSt8_Rb_treeISsSt4pairIKSsN8f_config15FeatureSettingsEESt10_Select1stIS4_ESt4lessISsESaIS4_EE6_M_endEv
FNDA:0,_ZNSt8_Rb_treeISsSt4pairIKSsdESt10_Select1stIS2_ESt4lessISsESaIS2_EE8_S_valueEPKSt13_Rb_tree_nodeIS2_E
FNDA:92,_ZNSt8_Rb_treeISsSt4pairIKSsN8f_config15FeatureSettingsEESt10_Select1stIS4_ESt4lessISsESaIS4_EE8_S_valueEPKSt13_Rb_tree_nodeIS4_E
FNDA:45064,_ZNSt8_Rb_treeISsSt4pairIKSsSt6vectorIdSaIdEEESt10_Select1stIS5_ESt4lessISsESaIS5_EE8_S_valueEPKSt13_Rb_tree_nodeIS5_E
FNDA:0,_ZNSt8_Rb_treeISsSt4pairIKSsdESt10_Select1stIS2_ESt4lessISsESaIS2_EE6_S_keyEPKSt13_Rb_tree_nodeIS2_E
FNDA:92,_ZNSt8_Rb_treeISsSt4pairIKSsN8f_config15FeatureSettingsEESt10_Select1stIS4_ESt4lessISsESaIS4_EE6_S_keyEPKSt13_Rb_tree_nodeIS4_E
FNDA:45064,_ZNSt8_Rb_treeISsSt4pairIKSsSt6vectorIdSaIdEEESt10_Select1stIS5_ESt4lessISsESaIS5_EE6_S_keyEPKSt13_Rb_tree_nodeIS5_E
FNDA:24772,_ZNSt8_Rb_treeISsSt4pairIKSsSt6vectorIdSaIdEEESt10_Select1stIS5_ESt4lessISsESaIS5_EE7_S_leftEPSt18_Rb_tree_node_base
FNDA:0,_ZNSt8_Rb_treeISsSt4pairIKSsdESt10_Select1stIS2_ESt4lessISsESaIS2_EE7_S_leftEPSt18_Rb_tree_node_base
FNDA:0,_ZNSt8_Rb_treeISsSt4pairIKSsN8f_config15FeatureSettingsEESt10_Select1stIS4_ESt4lessISsESaIS4_EE7_S_leftEPKSt18_Rb_tree_node_base
FNDA:1428,_ZNSt8_Rb_treeISsSt4pairIKSsSt6vectorIdSaIdEEESt10_Select1stIS5_ESt4lessISsESaIS5_EE7_S_leftEPKSt18_Rb_tree_node_base
FNDA:24,_ZNSt8_Rb_treeISsSt4pairIKSsdESt10_Select1stIS2_ESt4lessISsESaIS2_EE7_S_leftEPKSt18_Rb_tree_node_base
FNDA:24412,_ZNSt8_Rb_treeISsSt4pairIKSsSt6vectorIdSaIdEEESt10_Select1stIS5_ESt4lessISsESaIS5_EE8_S_rightEPSt18_Rb_tree_node_base
FNDA:0,_ZNSt8_Rb_treeISsSt4pairIKSsdESt10_Select1stIS2_ESt4lessISsESaIS2_EE8_S_rightEPSt18_Rb_tree_node_base
FNDA:0,_ZNSt8_Rb_treeISsSt4pairIKSsN8f_config15FeatureSettingsEESt10_Select1stIS4_ESt4lessISsESaIS4_EE8_S_rightEPKSt18_Rb_tree_node_base
FNDA:1632,_ZNSt8_Rb_treeISsSt4pairIKSsSt6vectorIdSaIdEEESt10_Select1stIS5_ESt4lessISsESaIS5_EE8_S_rightEPKSt18_Rb_tree_node_base
FNDA:0,_ZNSt8_Rb_treeISsSt4pairIKSsdESt10_Select1stIS2_ESt4lessISsESaIS2_EE8_S_rightEPKSt18_Rb_tree_node_base
FNDA:0,_ZNSt8_Rb_treeISsSt4pairIKSsdESt10_Select1stIS2_ESt4lessISsESaIS2_EE8_S_valueEPKSt18_Rb_tree_node_base
FNDA:3732,_ZNSt8_Rb_treeISsSt4pairIKSsSt6vectorIdSaIdEEESt10_Select1stIS5_ESt4lessISsESaIS5_EE8_S_valueEPKSt18_Rb_tree_node_base
FNDA:0,_ZNSt8_Rb_treeISsSt4pairIKSsdESt10_Select1stIS2_ESt4lessISsESaIS2_EE6_S_keyEPKSt18_Rb_tree_node_base
FNDA:3732,_ZNSt8_Rb_treeISsSt4pairIKSsSt6vectorIdSaIdEEESt10_Select1stIS5_ESt4lessISsESaIS5_EE6_S_keyEPKSt18_Rb_tree_node_base
FNDA:28,_ZNSt8_Rb_treeISsSt4pairIKSsSt6vectorIdSaIdEEESt10_Select1stIS5_ESt4lessISsESaIS5_EE10_S_minimumEPSt18_Rb_tree_node_base
FNDA:8,_ZNSt8_Rb_treeISsSt4pairIKSsdESt10_Select1stIS2_ESt4lessISsESaIS2_EE10_S_minimumEPSt18_Rb_tree_node_base
FNDA:28,_ZNSt8_Rb_treeISsSt4pairIKSsSt6vectorIdSaIdEEESt10_Select1stIS5_ESt4lessISsESaIS5_EE10_S_maximumEPSt18_Rb_tree_node_base
FNDA:8,_ZNSt8_Rb_treeISsSt4pairIKSsdESt10_Select1stIS2_ESt4lessISsESaIS2_EE10_S_maximumEPSt18_Rb_tree_node_base
FNDA:84,_ZNSt8_Rb_treeISsSt4pairIKSsSt6vectorIdSaIdEEESt10_Select1stIS5_ESt4lessISsESaIS5_EEC2Ev
FNDA:4,_ZNSt8_Rb_treeISsSt4pairIKSsSt6vectorIdSaIdEEESt10_Select1stIS5_ESt4lessISsESaIS5_EEC2ERKSB_
FNDA:32,_ZNSt8_Rb_treeISsSt4pairIKSsdESt10_Select1stIS2_ESt4lessISsESaIS2_EEC2ERKS8_
FNDA:88,_ZNSt8_Rb_treeISsSt4pairIKSsSt6vectorIdSaIdEEESt10_Select1stIS5_ESt4lessISsESaIS5_EED2Ev
FNDA:0,_ZNSt8_Rb_treeISsSt4pairIKSsdESt10_Select1stIS2_ESt4lessISsESaIS2_EED2Ev
FNDA:0,_ZNKSt8_Rb_treeISsSt4pairIKSsdESt10_Select1stIS2_ESt4lessISsESaIS2_EE8key_compEv
FNDA:20,_ZNKSt8_Rb_treeISsSt4pairIKSsN8f_config15FeatureSettingsEESt10_Select1stIS4_ESt4lessISsESaIS4_EE8key_compEv
FNDA:8340,_ZNKSt8_Rb_treeISsSt4pairIKSsSt6vectorIdSaIdEEESt10_Select1stIS5_ESt4lessISsESaIS5_EE8key_compEv
FNDA:0,_ZNSt8_Rb_treeISsSt4pairIKSsdESt10_Select1stIS2_ESt4lessISsESaIS2_EE5beginEv
FNDA:5156,_ZNSt8_Rb_treeISsSt4pairIKSsSt6vectorIdSaIdEEESt10_Select1stIS5_ESt4lessISsESaIS5_EE5beginEv
FNDA:0,_ZNSt8_Rb_treeISsSt4pairIKSsdESt10_Select1stIS2_ESt4lessISsESaIS2_EE3endEv
FNDA:161916,_ZNSt8_Rb_treeISsSt4pairIKSsSt6vectorIdSaIdEEESt10_Select1stIS5_ESt4lessISsESaIS5_EE3endEv
FNDA:144,_ZNKSt8_Rb_treeISsSt4pairIKSsSt6vectorIdSaIdEEESt10_Select1stIS5_ESt4lessISsESaIS5_EE3endEv
FNDA:8,_ZNKSt8_Rb_treeISsSt4pairIKSsN8f_config15FeatureSettingsEESt10_Select1stIS4_ESt4lessISsESaIS4_EE3endEv
FNDA:0,_ZNKSt8_Rb_treeISsSt4pairIKSsdESt10_Select1stIS2_ESt4lessISsESaIS2_EE4sizeEv
FNDA:376,_ZNKSt8_Rb_treeISsSt4pairIKSsSt6vectorIdSaIdEEESt10_Select1stIS5_ESt4lessISsESaIS5_EE4sizeEv
FNDA:52,_ZNSt8_Rb_treeISsSt4pairIKSsSt6vectorIdSaIdEEESt10_Select1stIS5_ESt4lessISsESaIS5_EE5clearEv
FNDA:0,_ZNSt8_Rb_treeISsSt4pairIKSsdESt10_Select1stIS2_ESt4lessISsESaIS2_EE11lower_boundERS1_
FNDA:8436,_ZNSt8_Rb_treeISsSt4pairIKSsSt6vectorIdSaIdEEESt10_Select1stIS5_ESt4lessISsESaIS5_EE11lower_boundERS1_
FNDA:144,_ZNKSt8_Rb_treeISsSt4pairIKSsSt6vectorIdSaIdEEESt10_Select1stIS5_ESt4lessISsESaIS5_EE11lower_boundERS1_
FNDA:0,_ZNKSt8_Rb_treeISsSt4pairIKSsN8f_config15FeatureSettingsEESt10_Select1stIS4_ESt4lessISsESaIS4_EE11lower_boundERS1_
FNDA:24,_ZNSt8_Rb_treeISsSt4pairIKSsSt6vectorIdSaIdEEESt10_Select1stIS5_ESt4lessISsESaIS5_EEaSERKSB_
FNDA:0,_ZNSt8_Rb_treeISsSt4pairIKSsdESt10_Select1stIS2_ESt4lessISsESaIS2_EE10_M_insert_IS2_EESt17_Rb_tree_iteratorIS2_EPKSt18_Rb_tree_node_baseSE_OT_
FNDA:1432,_ZNSt8_Rb_treeISsSt4pairIKSsSt6vectorIdSaIdEEESt10_Select1stIS5_ESt4lessISsESaIS5_EE10_M_insert_IS5_EESt17_Rb_tree_iteratorIS5_EPKSt18_Rb_tree_node_baseSH_OT_
FNDA:436,_ZNSt8_Rb_treeISsSt4pairIKSsSt6vectorIdSaIdEEESt10_Select1stIS5_ESt4lessISsESaIS5_EE7_M_copyEPKSt13_Rb_tree_nodeIS5_EPSD_
FNDA:16,_ZNSt8_Rb_treeISsSt4pairIKSsdESt10_Select1stIS2_ESt4lessISsESaIS2_EE7_M_copyEPKSt13_Rb_tree_nodeIS2_EPSA_
FNDA:2560,_ZNSt8_Rb_treeISsSt4pairIKSsSt6vectorIdSaIdEEESt10_Select1stIS5_ESt4lessISsESaIS5_EE8_M_eraseEPSt13_Rb_tree_nodeIS5_E
FNDA:0,_ZNSt8_Rb_treeISsSt4pairIKSsdESt10_Select1stIS2_ESt4lessISsESaIS2_EE8_M_eraseEPSt13_Rb_tree_nodeIS2_E
FNDA:0,_ZNSt8_Rb_treeISsSt4pairIKSsdESt10_Select1stIS2_ESt4lessISsESaIS2_EE14_M_lower_boundEPSt13_Rb_tree_nodeIS2_ESB_RS1_
FNDA:8556,_ZNSt8_Rb_treeISsSt4pairIKSsSt6vectorIdSaIdEEESt10_Select1stIS5_ESt4lessISsESaIS5_EE14_M_lower_boundEPSt13_Rb_tree_nodeIS5_ESE_RS1_
FNDA:144,_ZNKSt8_Rb_treeISsSt4pairIKSsSt6vectorIdSaIdEEESt10_Select1stIS5_ESt4lessISsESaIS5_EE14_M_lower_boundEPKSt13_Rb_tree_nodeIS5_ESF_RS1_
FNDA:0,_ZNKSt8_Rb_treeISsSt4pairIKSsN8f_config15FeatureSettingsEESt10_Select1stIS4_ESt4lessISsESaIS4_EE14_M_lower_boundEPKSt13_Rb_tree_nodeIS4_ESE_RS1_
FNDA:24,_ZNSt8_Rb_treeISsSt4pairIKSsSt6vectorIdSaIdEEESt10_Select1stIS5_ESt4lessISsESaIS5_EE4swapERSB_
FNDA:0,_ZNSt8_Rb_treeISsSt4pairIKSsdESt10_Select1stIS2_ESt4lessISsESaIS2_EE16_M_insert_uniqueIS2_EES0_ISt17_Rb_tree_iteratorIS2_EbEOT_
FNDA:48,_ZNSt8_Rb_treeISsSt4pairIKSsSt6vectorIdSaIdEEESt10_Select1stIS5_ESt4lessISsESaIS5_EE16_M_insert_uniqueIS5_EES0_ISt17_Rb_tree_iteratorIS5_EbEOT_
FNDA:0,_ZNSt8_Rb_treeISsSt4pairIKSsdESt10_Select1stIS2_ESt4lessISsESaIS2_EE17_M_insert_unique_IS2_EESt17_Rb_tree_iteratorIS2_ESt23_Rb_tree_const_iteratorIS2_EOT_
FNDA:1432,_ZNSt8_Rb_treeISsSt4pairIKSsSt6vectorIdSaIdEEESt10_Select1stIS5_ESt4lessISsESaIS5_EE17_M_insert_unique_IS5_EESt17_Rb_tree_iteratorIS5_ESt23_Rb_tree_const_iteratorIS5_EOT_
FNDA:120,_ZNSt8_Rb_treeISsSt4pairIKSsSt6vectorIdSaIdEEESt10_Select1stIS5_ESt4lessISsESaIS5_EE4findERS1_
FNF:135
FNH:86
DA:101,40
DA:103,40
DA:104,40
DA:115,40
DA:117,40
DA:118,40
DA:130,2420
DA:137,2456
DA:139,2456
DA:173,177364
DA:174,177364
DA:177,17348
DA:178,17348
DA:181,169992
DA:183,169992
DA:186,148776
DA:188,148776
DA:189,148776
DA:201,44
DA:203,44
DA:204,44
DA:216,8668
DA:217,8668
DA:220,153940
DA:221,153940
DA:246,300
DA:247,300
DA:249,1568
DA:250,1568
DA:253,0
DA:255,0
DA:258,288
DA:259,288
DA:267,0
DA:269,0
DA:270,0
DA:282,1080
DA:284,1080
DA:285,1080
DA:297,144
DA:298,144
DA:355,4888
DA:356,4888
DA:359,36
DA:360,36
DA:368,2420
DA:369,2420
DA:372,2420
DA:373,2420
DA:400,2456
DA:402,2456
DA:405,2456
DA:408,0
DA:410,0
DA:411,0
DA:413,2456
DA:417,2420
DA:419,2420
DA:420,2420
DA:421,2420
DA:425,876
DA:427,876
DA:428,876
DA:429,876
DA:430,876
DA:431,876
DA:437,88
DA:443,84
DA:445,84
DA:446,84
DA:448,36
DA:450,36
DA:451,36
DA:462,88
DA:464,88
DA:465,88
DA:466,88
DA:467,88
DA:468,88
DA:475,308
DA:476,308
DA:479,64
DA:480,64
DA:483,1568
DA:484,1568
DA:491,684
DA:492,684
DA:499,8864
DA:500,8864
DA:503,180
DA:506,180
DA:510,11464
DA:511,11464
DA:514,144
DA:515,144
DA:518,45156
DA:519,45156
DA:522,45156
DA:523,45156
DA:526,24772
DA:527,24772
DA:530,1452
DA:531,1452
DA:534,24412
DA:535,24412
DA:538,1632
DA:539,1632
DA:542,3732
DA:543,3732
DA:546,3732
DA:547,3732
DA:550,36
DA:551,36
DA:558,36
DA:559,36
DA:623,84
DA:629,36
DA:630,36
DA:632,36
DA:634,12
DA:635,12
DA:636,12
DA:637,12
DA:639,36
DA:645,88
DA:646,88
DA:653,8360
DA:654,8360
DA:657,5156
DA:660,5156
DA:671,161916
DA:672,161916
DA:675,152
DA:678,152
DA:702,376
DA:703,376
DA:814,52
DA:816,52
DA:817,52
DA:818,52
DA:819,52
DA:820,52
DA:821,52
DA:834,8436
DA:835,8436
DA:838,144
DA:839,144
DA:943,24
DA:946,24
DA:949,24
DA:951,24
DA:953,24
DA:954,24
DA:955,24
DA:956,24
DA:959,24
DA:968,1432
DA:977,1432
DA:979,1432
DA:981,1432
DA:984,1432
DA:985,1432
DA:1040,452
DA:1044,452
DA:1045,452
DA:1049,452
DA:1050,232
DA:1051,452
DA:1052,452
DA:1054,1328
DA:1056,424
DA:1057,424
DA:1058,424
DA:1059,424
DA:1060,184
DA:1061,424
DA:1062,424
DA:1065,0
DA:1067,0
DA:1068,0
DA:1070,452
DA:1076,2560
DA:1080,7540
DA:1082,2420
DA:1083,2420
DA:1084,2420
DA:1085,2420
DA:1087,2560
DA:1093,8556
DA:1097,60872
DA:1098,43760
DA:1099,22024
DA:1101,21736
DA:1102,8556
DA:1109,144
DA:1113,1008
DA:1114,720
DA:1115,576
DA:1117,144
DA:1118,144
DA:1218,24
DA:1221,24
DA:1223,24
DA:1225,24
DA:1226,24
DA:1227,24
DA:1228,24
DA:1230,24
DA:1231,24
DA:1232,24
DA:1235,0
DA:1237,0
DA:1238,0
DA:1239,0
DA:1240,0
DA:1242,0
DA:1243,0
DA:1244,0
DA:1248,0
DA:1249,0
DA:1250,0
DA:1252,0
DA:1253,0
DA:1256,24
DA:1257,24
DA:1261,24
DA:1263,24
DA:1272,48
DA:1279,48
DA:1280,48
DA:1281,48
DA:1282,96
DA:1284,0
DA:1285,0
DA:1286,0
DA:1288,48
DA:1289,48
DA:1291,48
DA:1293,48
DA:1295,0
DA:1297,0
DA:1299,0
DA:1300,0
DA:1333,1432
DA:1341,1432
DA:1343,240
DA:1346,192
DA:1348,48
DA:1350,1192
DA:1354,1192
DA:1355,1192
DA:1357,112
DA:1358,1080
DA:1361,1080
DA:1363,592
DA:1367,488
DA:1370,0
DA:1372,0
DA:1376,0
DA:1377,0
DA:1379,0
DA:1380,0
DA:1383,0
DA:1385,0
DA:1388,0
DA:1391,0
DA:1395,0
DA:1541,120
DA:1544,120
DA:1547,120
LF:270
LH:228
end_of_record
SF:/usr/include/c++/4.7.2/bits/stl_uninitialized.h
FN:70,_ZNSt20__uninitialized_copyILb0EE13__uninit_copyIN9__gnu_cxx17__normal_iteratorIPKSsSt6vectorISsSaISsEEEEPSsEET0_T_SC_SB_
FN:70,_ZNSt20__uninitialized_copyILb0EE13__uninit_copyIN9__gnu_cxx17__normal_iteratorIPKN8f_config16FeaturePositionsESt6vectorIS5_SaIS5_EEEEPS5_EET0_T_SE_SD_
FN:93,_ZNSt20__uninitialized_copyILb1EE13__uninit_copyIN9__gnu_cxx17__normal_iteratorIPKiSt6vectorIiSaIiEEEEPiEET0_T_SC_SB_
FN:93,_ZNSt20__uninitialized_copyILb1EE13__uninit_copyIN9__gnu_cxx17__normal_iteratorIPKdSt6vectorIdSaIdEEEEPdEET0_T_SC_SB_
FN:109,_ZSt18uninitialized_copyIN9__gnu_cxx17__normal_iteratorIPKdSt6vectorIdSaIdEEEEPdET0_T_SA_S9_
FN:109,_ZSt18uninitialized_copyIN9__gnu_cxx17__normal_iteratorIPKSsSt6vectorISsSaISsEEEEPSsET0_T_SA_S9_
FN:109,_ZSt18uninitialized_copyIN9__gnu_cxx17__normal_iteratorIPKN8f_config16FeaturePositionsESt6vectorIS3_SaIS3_EEEEPS3_ET0_T_SC_SB_
FN:109,_ZSt18uninitialized_copyIN9__gnu_cxx17__normal_iteratorIPKiSt6vectorIiSaIiEEEEPiET0_T_SA_S9_
FN:204,_ZNSt22__uninitialized_fill_nILb1EE15__uninit_fill_nIPdmdEEvT_T0_RKT1_
FN:220,_ZSt20uninitialized_fill_nIPdmdEvT_T0_RKT1_
FN:258,_ZSt22__uninitialized_copy_aIN9__gnu_cxx17__normal_iteratorIPKiSt6vectorIiSaIiEEEEPiiET0_T_SA_S9_RSaIT1_E
FN:258,_ZSt22__uninitialized_copy_aIN9__gnu_cxx17__normal_iteratorIPKdSt6vectorIdSaIdEEEEPddET0_T_SA_S9_RSaIT1_E
FN:258,_ZSt22__uninitialized_copy_aIN9__gnu_cxx17__normal_iteratorIPKN8f_config16FeaturePositionsESt6vectorIS3_SaIS3_EEEEPS3_S3_ET0_T_SC_SB_RSaIT1_E
FN:258,_ZSt22__uninitialized_copy_aIN9__gnu_cxx17__normal_iteratorIPKSsSt6vectorISsSaISsEEEEPSsSsET0_T_SA_S9_RSaIT1_E
FN:334,_ZSt24__uninitialized_fill_n_aIPdmddEvT_T0_RKT1_RSaIT2_E
FNDA:100,_ZNSt20__uninitialized_copyILb0EE13__uninit_copyIN9__gnu_cxx17__normal_iteratorIPKN8f_config16FeaturePositionsESt6vectorIS5_SaIS5_EEEEPS5_EET0_T_SE_SD_
FNDA:0,_ZNSt20__uninitialized_copyILb0EE13__uninit_copyIN9__gnu_cxx17__normal_iteratorIPKSsSt6vectorISsSaISsEEEEPSsEET0_T_SC_SB_
FNDA:5596,_ZNSt20__uninitialized_copyILb1EE13__uninit_copyIN9__gnu_cxx17__normal_iteratorIPKdSt6vectorIdSaIdEEEEPdEET0_T_SC_SB_
FNDA:268,_ZNSt20__uninitialized_copyILb1EE13__uninit_copyIN9__gnu_cxx17__normal_iteratorIPKiSt6vectorIiSaIiEEEEPiEET0_T_SC_SB_
FNDA:5596,_ZSt18uninitialized_copyIN9__gnu_cxx17__normal_iteratorIPKdSt6vectorIdSaIdEEEEPdET0_T_SA_S9_
FNDA:268,_ZSt18uninitialized_copyIN9__gnu_cxx17__normal_iteratorIPKiSt6vectorIiSaIiEEEEPiET0_T_SA_S9_
FNDA:100,_ZSt18uninitialized_copyIN9__gnu_cxx17__normal_iteratorIPKN8f_config16FeaturePositionsESt6vectorIS3_SaIS3_EEEEPS3_ET0_T_SC_SB_
FNDA:0,_ZSt18uninitialized_copyIN9__gnu_cxx17__normal_iteratorIPKSsSt6vectorISsSaISsEEEEPSsET0_T_SA_S9_
FNDA:2256,_ZNSt22__uninitialized_fill_nILb1EE15__uninit_fill_nIPdmdEEvT_T0_RKT1_
FNDA:2256,_ZSt20uninitialized_fill_nIPdmdEvT_T0_RKT1_
FNDA:5596,_ZSt22__uninitialized_copy_aIN9__gnu_cxx17__normal_iteratorIPKdSt6vectorIdSaIdEEEEPddET0_T_SA_S9_RSaIT1_E
FNDA:268,_ZSt22__uninitialized_copy_aIN9__gnu_cxx17__normal_iteratorIPKiSt6vectorIiSaIiEEEEPiiET0_T_SA_S9_RSaIT1_E
FNDA:100,_ZSt22__uninitialized_copy_aIN9__gnu_cxx17__normal_iteratorIPKN8f_config16FeaturePositionsESt6vectorIS3_SaIS3_EEEEPS3_S3_ET0_T_SC_SB_RSaIT1_E
FNDA:0,_ZSt22__uninitialized_copy_aIN9__gnu_cxx17__normal_iteratorIPKSsSt6vectorISsSaISsEEEEPSsSsET0_T_SA_S9_RSaIT1_E
FNDA:2256,_ZSt24__uninitialized_fill_n_aIPdmddEvT_T0_RKT1_RSaIT2_E
FNF:15
FNH:12
DA:70,100
DA:73,100
DA:76,300
DA:77,200
DA:78,100
DA:80,0
DA:82,0
DA:83,0
DA:93,5864
DA:95,5864
DA:109,5964
DA:119,5964
DA:204,2256
DA:206,2256
DA:220,2256
DA:225,2256
DA:227,2256
DA:258,5964
DA:260,5964
DA:334,2256
DA:336,2256
LF:21
LH:18
end_of_record
SF:/usr/include/c++/4.7.2/bits/stl_vector.h
FN:80,_ZNSt12_Vector_baseIN8f_config16FeaturePositionsESaIS1_EE12_Vector_implD2Ev
FN:80,_ZNSt12_Vector_baseIdSaIdEE12_Vector_implD2Ev
FN:80,_ZNSt12_Vector_baseIiSaIiEE12_Vector_implD2Ev
FN:80,_ZNSt12_Vector_baseISsSaISsEE12_Vector_implD2Ev
FN:87,_ZNSt12_Vector_baseIdSaIdEE12_Vector_implC2Ev
FN:91,_ZNSt12_Vector_baseIiSaIiEE12_Vector_implC2ERKS0_
FN:91,_ZNSt12_Vector_baseISsSaISsEE12_Vector_implC2ERKS0_
FN:91,_ZNSt12_Vector_baseIN8f_config16FeaturePositionsESaIS1_EE12_Vector_implC2ERKS2_
FN:91,_ZNSt12_Vector_baseIdSaIdEE12_Vector_implC2ERKS0_
FN:96,_ZNSt12_Vector_baseIdSaIdEE12_Vector_implC2EOS0_
FN:102,_ZNSt12_Vector_baseIdSaIdEE12_Vector_impl12_M_swap_dataERS2_
FN:114,_ZNSt12_Vector_baseIN8f_config16FeaturePositionsESaIS1_EE19_M_get_Tp_allocatorEv
FN:114,_ZNSt12_Vector_baseIiSaIiEE19_M_get_Tp_allocatorEv
FN:114,_ZNSt12_Vector_baseIdSaIdEE19_M_get_Tp_allocatorEv
FN:114,_ZNSt12_Vector_baseISsSaISsEE19_M_get_Tp_allocatorEv
FN:118,_ZNKSt12_Vector_baseISsSaISsEE19_M_get_Tp_allocatorEv
FN:118,_ZNKSt12_Vector_baseIdSaIdEE19_M_get_Tp_allocatorEv
FN:118,_ZNKSt12_Vector_baseIN8f_config16FeaturePositionsESaIS1_EE19_M_get_Tp_allocatorEv
FN:118,_ZNKSt12_Vector_baseIiSaIiEE19_M_get_Tp_allocatorEv
FN:125,_ZNSt12_Vector_baseIdSaIdEEC2Ev
FN:135,_ZNSt12_Vector_baseIdSaIdEEC2EmRKS0_
FN:135,_ZNSt12_Vector_baseIN8f_config16FeaturePositionsESaIS1_EEC2EmRKS2_
FN:135,_ZNSt12_Vector_baseISsSaISsEEC2EmRKS0_
FN:135,_ZNSt12_Vector_baseIiSaIiEEC2EmRKS0_
FN:143,_ZNSt12_Vector_baseIdSaIdEEC2EOS1_
FN:160,_ZNSt12_Vector_baseISsSaISsEED2Ev
FN:160,_ZNSt12_Vector_baseIN8f_config16FeaturePositionsESaIS1_EED2Ev
FN:160,_ZNSt12_Vector_baseIdSaIdEED2Ev
FN:160,_ZNSt12_Vector_baseIiSaIiEED2Ev
FN:168,_ZNSt12_Vector_baseIiSaIiEE11_M_allocateEm
FN:168,_ZNSt12_Vector_baseIdSaIdEE11_M_allocateEm
FN:168,_ZNSt12_Vector_baseISsSaISsEE11_M_allocateEm
FN:168,_ZNSt12_Vector_baseIN8f_config16FeaturePositionsESaIS1_EE11_M_allocateEm
FN:172,_ZNSt12_Vector_baseISsSaISsEE13_M_deallocateEPSsm
FN:172,_ZNSt12_Vector_baseIN8f_config16FeaturePositionsESaIS1_EE13_M_deallocateEPS1_m
FN:172,_ZNSt12_Vector_baseIdSaIdEE13_M_deallocateEPdm
FN:172,_ZNSt12_Vector_baseIiSaIiEE13_M_deallocateEPim
FN:180,_ZNSt12_Vector_baseIN8f_config16FeaturePositionsESaIS1_EE17_M_create_storageEm
FN:180,_ZNSt12_Vector_baseISsSaISsEE17_M_create_storageEm
FN:180,_ZNSt12_Vector_baseIdSaIdEE17_M_create_storageEm
FN:180,_ZNSt12_Vector_baseIiSaIiEE17_M_create_storageEm
FN:246,_ZNSt6vectorIdSaIdEEC2Ev
FN:278,_ZNSt6vectorIdSaIdEEC2EmRKdRKS0_
FN:307,_ZNSt6vectorIdSaIdEEC2ERKS1_
FN:307,_ZNSt6vectorIiSaIiEEC2ERKS1_
FN:307,_ZNSt6vectorISsSaISsEEC2ERKS1_
FN:307,_ZNSt6vectorIN8f_config16FeaturePositionsESaIS1_EEC2ERKS3_
FN:324,_ZNSt6vectorIdSaIdEEC2EOS1_
FN:402,_ZNSt6vectorIiSaIiEED2Ev
FN:402,_ZNSt6vectorISsSaISsEED2Ev
FN:402,_ZNSt6vectorIN8f_config16FeaturePositionsESaIS1_EED2Ev
FN:402,_ZNSt6vectorIdSaIdEED2Ev
FN:427,_ZNSt6vectorIdSaIdEEaSEOS1_
FN:518,_ZNSt6vectorIdSaIdEE5beginEv
FN:518,_ZNSt6vectorISsSaISsEE5beginEv
FN:527,_ZNKSt6vectorIN8f_config16FeaturePositionsESaIS1_EE5beginEv
FN:527,_ZNKSt6vectorISsSaISsEE5beginEv
FN:527,_ZNKSt6vectorIdSaIdEE5beginEv
FN:527,_ZNKSt6vectorIiSaIiEE5beginEv
FN:536,_ZNSt6vectorIdSaIdEE3endEv
FN:536,_ZNSt6vectorISsSaISsEE3endEv
FN:545,_ZNKSt6vectorIdSaIdEE3endEv
FN:545,_ZNKSt6vectorIN8f_config16FeaturePositionsESaIS1_EE3endEv
FN:545,_ZNKSt6vectorISsSaISsEE3endEv
FN:545,_ZNKSt6vectorIiSaIiEE3endEv
FN:625,_ZNKSt6vectorISsSaISsEE4sizeEv
FN:625,_ZNKSt6vectorIdSaIdEE4sizeEv
FN:625,_ZNKSt6vectorIiSaIiEE4sizeEv
FN:625,_ZNKSt6vectorIN5fasta7ResidueESaIS1_EE4sizeEv
FN:625,_ZNKSt6vectorIN8f_config16FeaturePositionsESaIS1_EE4sizeEv
FN:625,_ZNKSt6vectorIN5fasta8SequenceESaIS1_EE4sizeEv
FN:750,_ZNSt6vectorIdSaIdEEixEm
FN:765,_ZNKSt6vectorIN5fasta7ResidueESaIS1_EEixEm
FN:765,_ZNKSt6vectorIdSaIdEEixEm
FN:765,_ZNKSt6vectorIN5fasta8SequenceESaIS1_EEixEm
FN:1179,_ZNSt6vectorIdSaIdEE18_M_fill_initializeEmRKd
FN:1329,_ZNSt6vectorIdSaIdEE14_M_move_assignEOS1_St17integral_constantIbLb1EE
FNDA:372,_ZNSt12_Vector_baseIiSaIiEE12_Vector_implD2Ev
FNDA:232,_ZNSt12_Vector_baseIN8f_config16FeaturePositionsESaIS1_EE12_Vector_implD2Ev
FNDA:16520,_ZNSt12_Vector_baseIdSaIdEE12_Vector_implD2Ev
FNDA:0,_ZNSt12_Vector_baseISsSaISsEE12_Vector_implD2Ev
FNDA:2068,_ZNSt12_Vector_baseIdSaIdEE12_Vector_implC2Ev
FNDA:268,_ZNSt12_Vector_baseIiSaIiEE12_Vector_implC2ERKS0_
FNDA:24,_ZNSt12_Vector_baseIN8f_config16FeaturePositionsESaIS1_EE12_Vector_implC2ERKS2_
FNDA:8256,_ZNSt12_Vector_baseIdSaIdEE12_Vector_implC2ERKS0_
FNDA:0,_ZNSt12_Vector_baseISsSaISsEE12_Vector_implC2ERKS0_
FNDA:6196,_ZNSt12_Vector_baseIdSaIdEE12_Vector_implC2EOS0_
FNDA:8264,_ZNSt12_Vector_baseIdSaIdEE12_Vector_impl12_M_swap_dataERS2_
FNDA:912,_ZNSt12_Vector_baseIiSaIiEE19_M_get_Tp_allocatorEv
FNDA:616,_ZNSt12_Vector_baseIN8f_config16FeaturePositionsESaIS1_EE19_M_get_Tp_allocatorEv
FNDA:30988,_ZNSt12_Vector_baseIdSaIdEE19_M_get_Tp_allocatorEv
FNDA:0,_ZNSt12_Vector_baseISsSaISsEE19_M_get_Tp_allocatorEv
FNDA:5612,_ZNKSt12_Vector_baseIdSaIdEE19_M_get_Tp_allocatorEv
FNDA:488,_ZNKSt12_Vector_baseIiSaIiEE19_M_get_Tp_allocatorEv
FNDA:120,_ZNKSt12_Vector_baseIN8f_config16FeaturePositionsESaIS1_EE19_M_get_Tp_allocatorEv
FNDA:0,_ZNKSt12_Vector_baseISsSaISsEE19_M_get_Tp_allocatorEv
FNDA:2068,_ZNSt12_Vector_baseIdSaIdEEC2Ev
FNDA:264,_ZNSt12_Vector_baseIiSaIiEEC2EmRKS0_
FNDA:24,_ZNSt12_Vector_baseIN8f_config16FeaturePositionsESaIS1_EEC2EmRKS2_
FNDA:7832,_ZNSt12_Vector_baseIdSaIdEEC2EmRKS0_
FNDA:0,_ZNSt12_Vector_baseISsSaISsEEC2EmRKS0_
FNDA:6196,_ZNSt12_Vector_baseIdSaIdEEC2EOS1_
FNDA:372,_ZNSt12_Vector_baseIiSaIiEED2Ev
FNDA:232,_ZNSt12_Vector_baseIN8f_config16FeaturePositionsESaIS1_EED2Ev
FNDA:16520,_ZNSt12_Vector_baseIdSaIdEED2Ev
FNDA:0,_ZNSt12_Vector_baseISsSaISsEED2Ev
FNDA:392,_ZNSt12_Vector_baseIiSaIiEE11_M_allocateEm
FNDA:152,_ZNSt12_Vector_baseIN8f_config16FeaturePositionsESaIS1_EE11_M_allocateEm
FNDA:8264,_ZNSt12_Vector_baseIdSaIdEE11_M_allocateEm
FNDA:0,_ZNSt12_Vector_baseISsSaISsEE11_M_allocateEm
FNDA:496,_ZNSt12_Vector_baseIiSaIiEE13_M_deallocateEPim
FNDA:360,_ZNSt12_Vector_baseIN8f_config16FeaturePositionsESaIS1_EE13_M_deallocateEPS1_m
FNDA:16528,_ZNSt12_Vector_baseIdSaIdEE13_M_deallocateEPdm
FNDA:0,_ZNSt12_Vector_baseISsSaISsEE13_M_deallocateEPSsm
FNDA:264,_ZNSt12_Vector_baseIiSaIiEE17_M_create_storageEm
FNDA:24,_ZNSt12_Vector_baseIN8f_config16FeaturePositionsESaIS1_EE17_M_create_storageEm
FNDA:7832,_ZNSt12_Vector_baseIdSaIdEE17_M_create_storageEm
FNDA:0,_ZNSt12_Vector_baseISsSaISsEE17_M_create_storageEm
FNDA:2068,_ZNSt6vectorIdSaIdEEC2Ev
FNDA:2236,_ZNSt6vectorIdSaIdEEC2EmRKdRKS0_
FNDA:5596,_ZNSt6vectorIdSaIdEEC2ERKS1_
FNDA:264,_ZNSt6vectorIiSaIiEEC2ERKS1_
FNDA:24,_ZNSt6vectorIN8f_config16FeaturePositionsESaIS1_EEC2ERKS3_
FNDA:0,_ZNSt6vectorISsSaISsEEC2ERKS1_
FNDA:6196,_ZNSt6vectorIdSaIdEEC2EOS1_
FNDA:372,_ZNSt6vectorIiSaIiEED2Ev
FNDA:232,_ZNSt6vectorIN8f_config16FeaturePositionsESaIS1_EED2Ev
FNDA:16520,_ZNSt6vectorIdSaIdEED2Ev
FNDA:0,_ZNSt6vectorISsSaISsEED2Ev
FNDA:2068,_ZNSt6vectorIdSaIdEEaSEOS1_
FNDA:0,_ZNSt6vectorISsSaISsEE5beginEv
FNDA:1196,_ZNSt6vectorIdSaIdEE5beginEv
FNDA:5640,_ZNKSt6vectorIdSaIdEE5beginEv
FNDA:276,_ZNKSt6vectorIiSaIiEE5beginEv
FNDA:104,_ZNKSt6vectorIN8f_config16FeaturePositionsESaIS1_EE5beginEv
FNDA:0,_ZNKSt6vectorISsSaISsEE5beginEv
FNDA:0,_ZNSt6vectorISsSaISsEE3endEv
FNDA:1196,_ZNSt6vectorIdSaIdEE3endEv
FNDA:5640,_ZNKSt6vectorIdSaIdEE3endEv
FNDA:276,_ZNKSt6vectorIiSaIiEE3endEv
FNDA:104,_ZNKSt6vectorIN8f_config16FeaturePositionsESaIS1_EE3endEv
FNDA:0,_ZNKSt6vectorISsSaISsEE3endEv
FNDA:81656,_ZNKSt6vectorIdSaIdEE4sizeEv
FNDA:828,_ZNKSt6vectorIiSaIiEE4sizeEv
FNDA:340,_ZNKSt6vectorIN8f_config16FeaturePositionsESaIS1_EE4sizeEv
FNDA:0,_ZNKSt6vectorISsSaISsEE4sizeEv
FNDA:0,_ZNKSt6vectorIN5fasta7ResidueESaIS1_EE4sizeEv
FNDA:0,_ZNKSt6vectorIN5fasta8SequenceESaIS1_EE4sizeEv
FNDA:273476,_ZNSt6vectorIdSaIdEEixEm
FNDA:1512,_ZNKSt6vectorIdSaIdEEixEm
FNDA:4280,_ZNKSt6vectorIN5fasta7ResidueESaIS1_EEixEm
FNDA:4404,_ZNKSt6vectorIN5fasta8SequenceESaIS1_EEixEm
FNDA:2256,_ZNSt6vectorIdSaIdEE18_M_fill_initializeEmRKd
FNDA:2068,_ZNSt6vectorIdSaIdEE14_M_move_assignEOS1_St17integral_constantIbLb1EE
FNF:77
FNH:59
DA:80,17124
DA:87,2068
DA:88,2068
DA:89,2068
DA:91,8548
DA:92,8548
DA:93,8548
DA:96,6196
DA:98,6196
DA:99,6196
DA:102,8264
DA:104,8264
DA:105,8264
DA:106,8264
DA:107,8264
DA:114,32516
DA:115,32516
DA:118,6220
DA:119,6220
DA:125,2068
DA:126,2068
DA:135,8120
DA:136,8120
DA:137,8120
DA:143,6196
DA:144,6196
DA:145,6196
DA:160,17124
DA:161,17124
DA:162,17124
DA:168,8808
DA:169,8808
DA:172,17384
DA:174,17384
DA:175,8808
DA:176,17384
DA:180,8120
DA:182,8120
DA:183,8120
DA:184,8120
DA:185,8120
DA:246,2068
DA:247,2068
DA:278,2236
DA:280,2236
DA:281,2236
DA:307,5884
DA:309,5884
DA:310,5884
DA:314,5884
DA:324,6196
DA:325,6196
DA:402,17124
DA:403,17124
DA:404,17124
DA:427,2068
DA:431,2068
DA:432,2068
DA:434,2068
DA:518,1196
DA:519,1196
DA:527,6020
DA:528,6020
DA:536,1196
DA:537,1196
DA:545,6020
DA:546,6020
DA:625,82824
DA:626,82824
DA:750,273476
DA:751,273476
DA:765,10196
DA:766,10196
DA:1179,2256
DA:1181,2256
DA:1183,2256
DA:1184,2256
DA:1329,2068
DA:1331,2068
DA:1332,2068
DA:1333,2068
DA:1334,0
DA:1336,2068
LF:83
LH:82
end_of_record
SF:/usr/include/c++/4.7.2/ext/alloc_traits.h
FN:153,_ZN9__gnu_cxx14__alloc_traitsISaISsEE17_S_select_on_copyERKS1_
FN:153,_ZN9__gnu_cxx14__alloc_traitsISaIiEE17_S_select_on_copyERKS1_
FN:153,_ZN9__gnu_cxx14__alloc_traitsISaIN8f_config16FeaturePositionsEEE17_S_select_on_copyERKS3_
FN:153,_ZN9__gnu_cxx14__alloc_traitsISaIdEE17_S_select_on_copyERKS1_
FN:162,_ZN9__gnu_cxx14__alloc_traitsISaIdEE27_S_propagate_on_move_assignEv
FNDA:5596,_ZN9__gnu_cxx14__alloc_traitsISaIdEE17_S_select_on_copyERKS1_
FNDA:264,_ZN9__gnu_cxx14__alloc_traitsISaIiEE17_S_select_on_copyERKS1_
FNDA:24,_ZN9__gnu_cxx14__alloc_traitsISaIN8f_config16FeaturePositionsEEE17_S_select_on_copyERKS3_
FNDA:0,_ZN9__gnu_cxx14__alloc_traitsISaISsEE17_S_select_on_copyERKS1_
FNDA:2068,_ZN9__gnu_cxx14__alloc_traitsISaIdEE27_S_propagate_on_move_assignEv
FNF:5
FNH:4
DA:153,5884
DA:154,5884
DA:162,2068
DA:163,2068
LF:4
LH:4
end_of_record
SF:/usr/include/c++/4.7.2/ext/atomicity.h
FN:47,_ZN9__gnu_cxxL18__exchange_and_addEPVii
FN:64,_ZN9__gnu_cxxL25__exchange_and_add_singleEPii
FN:77,_ZN9__gnu_cxxL27__exchange_and_add_dispatchEPii
FNDA:0,_ZN9__gnu_cxxL18__exchange_and_addEPVii
FNDA:0,_ZN9__gnu_cxxL25__exchange_and_add_singleEPii
FNDA:0,_ZN9__gnu_cxxL27__exchange_and_add_dispatchEPii
FNF:3
FNH:0
DA:47,0
DA:48,0
DA:64,0
DA:66,0
DA:67,0
DA:68,0
DA:77,0
DA:80,0
DA:81,0
DA:83,0
LF:10
LH:0
end_of_record
SF:/usr/include/c++/4.7.2/ext/concurrence.h
FN:68,_ZN9__gnu_cxx24__concurrence_lock_errorD2Ev
FN:68,_ZN9__gnu_cxx24__concurrence_lock_errorD0Ev
FN:72,_ZNK9__gnu_cxx24__concurrence_lock_error4whatEv
FN:76,_ZN9__gnu_cxx26__concurrence_unlock_errorD0Ev
FN:76,_ZN9__gnu_cxx26__concurrence_unlock_errorD2Ev
FN:80,_ZNK9__gnu_cxx26__concurrence_unlock_error4whatEv
FN:84,_ZN9__gnu_cxx29__concurrence_broadcast_errorD0Ev
FN:84,_ZN9__gnu_cxx29__concurrence_broadcast_errorD2Ev
FN:88,_ZNK9__gnu_cxx29__concurrence_broadcast_error4whatEv
FN:92,_ZN9__gnu_cxx24__concurrence_wait_errorD0Ev
FN:92,_ZN9__gnu_cxx24__concurrence_wait_errorD2Ev
FN:96,_ZNK9__gnu_cxx24__concurrence_wait_error4whatEv
FNDA:0,_ZN9__gnu_cxx24__concurrence_lock_errorD0Ev
FNDA:0,_ZN9__gnu_cxx24__concurrence_lock_errorD2Ev
FNDA:0,_ZNK9__gnu_cxx24__concurrence_lock_error4whatEv
FNDA:0,_ZN9__gnu_cxx26__concurrence_unlock_errorD0Ev
FNDA:0,_ZN9__gnu_cxx26__concurrence_unlock_errorD2Ev
FNDA:0,_ZNK9__gnu_cxx26__concurrence_unlock_error4whatEv
FNDA:0,_ZN9__gnu_cxx29__concurrence_broadcast_errorD0Ev
FNDA:0,_ZN9__gnu_cxx29__concurrence_broadcast_errorD2Ev
FNDA:0,_ZNK9__gnu_cxx29__concurrence_broadcast_error4whatEv
FNDA:0,_ZN9__gnu_cxx24__concurrence_wait_errorD0Ev
FNDA:0,_ZN9__gnu_cxx24__concurrence_wait_errorD2Ev
FNDA:0,_ZNK9__gnu_cxx24__concurrence_wait_error4whatEv
FNF:12
FNH:0
DA:68,0
DA:72,0
DA:73,0
DA:76,0
DA:80,0
DA:81,0
DA:84,0
DA:88,0
DA:89,0
DA:92,0
DA:96,0
DA:97,0
LF:12
LH:0
end_of_record
SF:/usr/include/c++/4.7.2/ext/new_allocator.h
FN:69,_ZN9__gnu_cxx13new_allocatorISt13_Rb_tree_nodeISt4pairIKSsSt6vectorIdSaIdEEEEEC2Ev
FN:69,_ZN9__gnu_cxx13new_allocatorIcEC2Ev
FN:69,_ZN9__gnu_cxx13new_allocatorIdEC2Ev
FN:71,_ZN9__gnu_cxx13new_allocatorIdEC2ERKS1_
FN:71,_ZN9__gnu_cxx13new_allocatorISsEC2ERKS1_
FN:71,_ZN9__gnu_cxx13new_allocatorISt13_Rb_tree_nodeISt4pairIKSsSt6vectorIdSaIdEEEEEC2ERKS9_
FN:71,_ZN9__gnu_cxx13new_allocatorISt13_Rb_tree_nodeISt4pairIKSsdEEEC2ERKS6_
FN:71,_ZN9__gnu_cxx13new_allocatorIiEC2ERKS1_
FN:71,_ZN9__gnu_cxx13new_allocatorIN8f_config16FeaturePositionsEEC2ERKS3_
FN:71,_ZN9__gnu_cxx13new_allocatorIcEC2ERKS1_
FN:76,_ZN9__gnu_cxx13new_allocatorIiED2Ev
FN:76,_ZN9__gnu_cxx13new_allocatorIN8f_config16FeaturePositionsEED2Ev
FN:76,_ZN9__gnu_cxx13new_allocatorIdED2Ev
FN:76,_ZN9__gnu_cxx13new_allocatorIcED2Ev
FN:76,_ZN9__gnu_cxx13new_allocatorISt13_Rb_tree_nodeISt4pairIKSsSt6vectorIdSaIdEEEEED2Ev
FN:76,_ZN9__gnu_cxx13new_allocatorISt13_Rb_tree_nodeISt4pairIKSsdEEED2Ev
FN:76,_ZN9__gnu_cxx13new_allocatorISsED2Ev
FN:89,_ZN9__gnu_cxx13new_allocatorISsE8allocateEmPKv
FN:89,_ZN9__gnu_cxx13new_allocatorIiE8allocateEmPKv
FN:89,_ZN9__gnu_cxx13new_allocatorISt13_Rb_tree_nodeISt4pairIKSsSt6vectorIdSaIdEEEEE8allocateEmPKv
FN:89,_ZN9__gnu_cxx13new_allocatorISt13_Rb_tree_nodeISt4pairIKSsdEEE8allocateEmPKv
FN:89,_ZN9__gnu_cxx13new_allocatorIN8f_config16FeaturePositionsEE8allocateEmPKv
FN:89,_ZN9__gnu_cxx13new_allocatorIdE8allocateEmPKv
FN:99,_ZN9__gnu_cxx13new_allocatorIdE10deallocateEPdm
FN:99,_ZN9__gnu_cxx13new_allocatorISsE10deallocateEPSsm
FN:99,_ZN9__gnu_cxx13new_allocatorISt13_Rb_tree_nodeISt4pairIKSsSt6vectorIdSaIdEEEEE10deallocateEPS8_m
FN:99,_ZN9__gnu_cxx13new_allocatorIN8f_config16FeaturePositionsEE10deallocateEPS2_m
FN:99,_ZN9__gnu_cxx13new_allocatorISt13_Rb_tree_nodeISt4pairIKSsdEEE10deallocateEPS5_m
FN:99,_ZN9__gnu_cxx13new_allocatorIiE10deallocateEPim
FN:103,_ZNK9__gnu_cxx13new_allocatorISt13_Rb_tree_nodeISt4pairIKSsSt6vectorIdSaIdEEEEE8max_sizeEv
FN:103,_ZNK9__gnu_cxx13new_allocatorIdE8max_sizeEv
FN:103,_ZNK9__gnu_cxx13new_allocatorISsE8max_sizeEv
FN:103,_ZNK9__gnu_cxx13new_allocatorISt13_Rb_tree_nodeISt4pairIKSsdEEE8max_sizeEv
FN:103,_ZNK9__gnu_cxx13new_allocatorIN8f_config16FeaturePositionsEE8max_sizeEv
FN:103,_ZNK9__gnu_cxx13new_allocatorIiE8max_sizeEv
FN:109,_ZN9__gnu_cxx13new_allocatorISt13_Rb_tree_nodeISt4pairIKSsSt6vectorIdSaIdEEEEE9constructIS8_IRKS7_EEEvPT_DpOT0_
FN:109,_ZN9__gnu_cxx13new_allocatorISt13_Rb_tree_nodeISt4pairIKSsSt6vectorIdSaIdEEEEE9constructIS8_IS7_EEEvPT_DpOT0_
FN:109,_ZN9__gnu_cxx13new_allocatorISt13_Rb_tree_nodeISt4pairIKSsdEEE9constructIS5_IRKS4_EEEvPT_DpOT0_
FN:109,_ZN9__gnu_cxx13new_allocatorISt13_Rb_tree_nodeISt4pairIKSsdEEE9constructIS5_IS4_EEEvPT_DpOT0_
FN:114,_ZN9__gnu_cxx13new_allocatorISt13_Rb_tree_nodeISt4pairIKSsdEEE7destroyIS5_EEvPT_
FN:114,_ZN9__gnu_cxx13new_allocatorISt13_Rb_tree_nodeISt4pairIKSsSt6vectorIdSaIdEEEEE7destroyIS8_EEvPT_
FNDA:84,_ZN9__gnu_cxx13new_allocatorISt13_Rb_tree_nodeISt4pairIKSsSt6vectorIdSaIdEEEEEC2Ev
FNDA:4728,_ZN9__gnu_cxx13new_allocatorIdEC2Ev
FNDA:0,_ZN9__gnu_cxx13new_allocatorIcEC2Ev
FNDA:556,_ZN9__gnu_cxx13new_allocatorIiEC2ERKS1_
FNDA:4,_ZN9__gnu_cxx13new_allocatorISt13_Rb_tree_nodeISt4pairIKSsSt6vectorIdSaIdEEEEEC2ERKS9_
FNDA:20048,_ZN9__gnu_cxx13new_allocatorIdEC2ERKS1_
[...]
FNDA:0,_ZSt22__uninitialized_copy_aIN9__gnu_cxx17__normal_iteratorIPKSsSt6vectorISsSaISsEEEEPSsSsET0_T_SA_S9_RSaIT1_E
FNDA:0,_ZSt34__uninitialized_move_if_noexcept_aIPSsS0_SaISsEET0_T_S3_S2_RT1_
FNF:25
FNH:6
DA:70,276
DA:73,276
DA:76,1328
DA:77,1052
DA:78,276
DA:80,0
DA:82,0
DA:83,0
DA:109,276
DA:119,276
DA:258,276
DA:260,276
DA:276,0
DA:283,0
LF:14
LH:9
end_of_record
SF:/usr/include/c++/4.7.2/bits/stl_vector.h
FN:80,_ZNSt12_Vector_baseIN5fasta8SequenceESaIS1_EE12_Vector_implD2Ev
FN:80,_ZNSt12_Vector_baseISsSaISsEE12_Vector_implD2Ev
FN:80,_ZNSt12_Vector_baseIN5fasta7ResidueESaIS1_EE12_Vector_implD2Ev
FN:87,_ZNSt12_Vector_baseIN5fasta8SequenceESaIS1_EE12_Vector_implC2Ev
FN:87,_ZNSt12_Vector_baseISsSaISsEE12_Vector_implC2Ev
FN:91,_ZNSt12_Vector_baseIN5fasta7ResidueESaIS1_EE12_Vector_implC2ERKS2_
FN:91,_ZNSt12_Vector_baseISsSaISsEE12_Vector_implC2ERKS0_
FN:96,_ZNSt12_Vector_baseISsSaISsEE12_Vector_implC2EOS0_
FN:102,_ZNSt12_Vector_baseISsSaISsEE12_Vector_impl12_M_swap_dataERS2_
FN:114,_ZNSt12_Vector_baseIN5fasta8SequenceESaIS1_EE19_M_get_Tp_allocatorEv
FN:114,_ZNSt12_Vector_baseIN5fasta7ResidueESaIS1_EE19_M_get_Tp_allocatorEv
FN:114,_ZNSt12_Vector_baseISsSaISsEE19_M_get_Tp_allocatorEv
FN:118,_ZNKSt12_Vector_baseIN5fasta8SequenceESaIS1_EE19_M_get_Tp_allocatorEv
FN:118,_ZNKSt12_Vector_baseISsSaISsEE19_M_get_Tp_allocatorEv
FN:118,_ZNKSt12_Vector_baseIN5fasta7ResidueESaIS1_EE19_M_get_Tp_allocatorEv
FN:125,_ZNSt12_Vector_baseIN5fasta8SequenceESaIS1_EEC2Ev
FN:125,_ZNSt12_Vector_baseISsSaISsEEC2Ev
FN:128,_ZNSt12_Vector_baseISsSaISsEEC2ERKS0_
FN:135,_ZNSt12_Vector_baseIN5fasta7ResidueESaIS1_EEC2EmRKS2_
FN:135,_ZNSt12_Vector_baseISsSaISsEEC2EmRKS0_
FN:143,_ZNSt12_Vector_baseISsSaISsEEC2EOS1_
FN:160,_ZNSt12_Vector_baseISsSaISsEED2Ev
FN:160,_ZNSt12_Vector_baseIN5fasta8SequenceESaIS1_EED2Ev
FN:160,_ZNSt12_Vector_baseIN5fasta7ResidueESaIS1_EED2Ev
FN:168,_ZNSt12_Vector_baseIN5fasta8SequenceESaIS1_EE11_M_allocateEm
FN:168,_ZNSt12_Vector_baseISsSaISsEE11_M_allocateEm
FN:168,_ZNSt12_Vector_baseIN5fasta7ResidueESaIS1_EE11_M_allocateEm
FN:172,_ZNSt12_Vector_baseISsSaISsEE13_M_deallocateEPSsm
FN:172,_ZNSt12_Vector_baseIN5fasta7ResidueESaIS1_EE13_M_deallocateEPS1_m
FN:172,_ZNSt12_Vector_baseIN5fasta8SequenceESaIS1_EE13_M_deallocateEPS1_m
FN:180,_ZNSt12_Vector_baseISsSaISsEE17_M_create_storageEm
FN:180,_ZNSt12_Vector_baseIN5fasta7ResidueESaIS1_EE17_M_create_storageEm
FN:246,_ZNSt6vectorISsSaISsEEC2Ev
FN:246,_ZNSt6vectorIN5fasta8SequenceESaIS1_EEC2Ev
FN:307,_ZNSt6vectorISsSaISsEEC2ERKS1_
FN:307,_ZNSt6vectorIN5fasta7ResidueESaIS1_EEC2ERKS3_
FN:324,_ZNSt6vectorISsSaISsEEC2EOS1_
FN:361,_ZNSt6vectorISsSaISsEEC2ESt16initializer_listISsERKS0_
FN:402,_ZNSt6vectorISsSaISsEED2Ev
FN:402,_ZNSt6vectorIN5fasta8SequenceESaIS1_EED2Ev
FN:402,_ZNSt6vectorIN5fasta7ResidueESaIS1_EED2Ev
FN:427,_ZNSt6vectorISsSaISsEEaSEOS1_
FN:518,_ZNSt6vectorIN5fasta7ResidueESaIS1_EE5beginEv
FN:518,_ZNSt6vectorISsSaISsEE5beginEv
FN:518,_ZNSt6vectorIN5fasta8SequenceESaIS1_EE5beginEv
FN:527,_ZNKSt6vectorIN8f_config16FeaturePositionsESaIS1_EE5beginEv
FN:527,_ZNKSt6vectorIN5fasta7ResidueESaIS1_EE5beginEv
FN:527,_ZNKSt6vectorISsSaISsEE5beginEv
FN:527,_ZNKSt6vectorIN5fasta8SequenceESaIS1_EE5beginEv
FN:527,_ZNKSt6vectorIiSaIiEE5beginEv
FN:536,_ZNSt6vectorIN5fasta8SequenceESaIS1_EE3endEv
FN:536,_ZNSt6vectorISsSaISsEE3endEv
FN:536,_ZNSt6vectorIN5fasta7ResidueESaIS1_EE3endEv
FN:545,_ZNKSt6vectorIN5fasta7ResidueESaIS1_EE3endEv
FN:545,_ZNKSt6vectorIN8f_config16FeaturePositionsESaIS1_EE3endEv
FN:545,_ZNKSt6vectorISsSaISsEE3endEv
FN:545,_ZNKSt6vectorIN5fasta8SequenceESaIS1_EE3endEv
FN:545,_ZNKSt6vectorIiSaIiEE3endEv
FN:625,_ZNKSt6vectorISsSaISsEE4sizeEv
FN:625,_ZNKSt6vectorIN5fasta7ResidueESaIS1_EE4sizeEv
FN:625,_ZNKSt6vectorIN5fasta8SequenceESaIS1_EE4sizeEv
FN:630,_ZNKSt6vectorISsSaISsEE8max_sizeEv
FN:705,_ZNKSt6vectorISsSaISsEE8capacityEv
FN:705,_ZNKSt6vectorIN5fasta7ResidueESaIS1_EE8capacityEv
FN:705,_ZNKSt6vectorIN5fasta8SequenceESaIS1_EE8capacityEv
FN:750,_ZNSt6vectorIN5fasta7ResidueESaIS1_EEixEm
FN:750,_ZNSt6vectorIN5fasta8SequenceESaIS1_EEixEm
FN:881,_ZNSt6vectorISsSaISsEE9push_backERKSs
FN:1096,_ZNSt6vectorISsSaISsEE5clearEv
FN:1096,_ZNSt6vectorIN5fasta8SequenceESaIS1_EE5clearEv
FN:1096,_ZNSt6vectorIN5fasta7ResidueESaIS1_EE5clearEv
FN:1106,_ZNSt6vectorISsSaISsEE20_M_allocate_and_copyIN9__gnu_cxx17__normal_iteratorIPKSsS1_EEEEPSsmT_S9_
FN:1106,_ZNSt6vectorIN5fasta8SequenceESaIS1_EE20_M_allocate_and_copyIN9__gnu_cxx17__normal_iteratorIPKS1_S3_EEEEPS1_mT_SB_
FN:1106,_ZNSt6vectorIN5fasta7ResidueESaIS1_EE20_M_allocate_and_copyIN9__gnu_cxx17__normal_iteratorIPKS1_S3_EEEEPS1_mT_SB_
FN:1164,_ZNSt6vectorISsSaISsEE19_M_range_initializeIPKSsEEvT_S5_St20forward_iterator_tag
FN:1303,_ZNKSt6vectorISsSaISsEE12_M_check_lenEmPKc
FN:1317,_ZNSt6vectorIN5fasta8SequenceESaIS1_EE15_M_erase_at_endEPS1_
FN:1317,_ZNSt6vectorIN5fasta7ResidueESaIS1_EE15_M_erase_at_endEPS1_
FN:1317,_ZNSt6vectorISsSaISsEE15_M_erase_at_endEPSs
FN:1329,_ZNSt6vectorISsSaISsEE14_M_move_assignEOS1_St17integral_constantIbLb1EE
FNDA:0,_ZNSt12_Vector_baseIN5fasta7ResidueESaIS1_EE12_Vector_implD2Ev
FNDA:0,_ZNSt12_Vector_baseIN5fasta8SequenceESaIS1_EE12_Vector_implD2Ev
FNDA:0,_ZNSt12_Vector_baseISsSaISsEE12_Vector_implD2Ev
FNDA:0,_ZNSt12_Vector_baseIN5fasta8SequenceESaIS1_EE12_Vector_implC2Ev
FNDA:0,_ZNSt12_Vector_baseISsSaISsEE12_Vector_implC2Ev
FNDA:0,_ZNSt12_Vector_baseIN5fasta7ResidueESaIS1_EE12_Vector_implC2ERKS2_
FNDA:0,_ZNSt12_Vector_baseISsSaISsEE12_Vector_implC2ERKS0_
FNDA:0,_ZNSt12_Vector_baseISsSaISsEE12_Vector_implC2EOS0_
FNDA:0,_ZNSt12_Vector_baseISsSaISsEE12_Vector_impl12_M_swap_dataERS2_
FNDA:0,_ZNSt12_Vector_baseIN5fasta7ResidueESaIS1_EE19_M_get_Tp_allocatorEv
FNDA:0,_ZNSt12_Vector_baseIN5fasta8SequenceESaIS1_EE19_M_get_Tp_allocatorEv
FNDA:0,_ZNSt12_Vector_baseISsSaISsEE19_M_get_Tp_allocatorEv
FNDA:0,_ZNKSt12_Vector_baseIN5fasta7ResidueESaIS1_EE19_M_get_Tp_allocatorEv
FNDA:0,_ZNKSt12_Vector_baseIN5fasta8SequenceESaIS1_EE19_M_get_Tp_allocatorEv
FNDA:0,_ZNKSt12_Vector_baseISsSaISsEE19_M_get_Tp_allocatorEv
FNDA:0,_ZNSt12_Vector_baseIN5fasta8SequenceESaIS1_EEC2Ev
FNDA:0,_ZNSt12_Vector_baseISsSaISsEEC2Ev
FNDA:0,_ZNSt12_Vector_baseISsSaISsEEC2ERKS0_
FNDA:0,_ZNSt12_Vector_baseIN5fasta7ResidueESaIS1_EEC2EmRKS2_
FNDA:0,_ZNSt12_Vector_baseISsSaISsEEC2EmRKS0_
FNDA:0,_ZNSt12_Vector_baseISsSaISsEEC2EOS1_
FNDA:0,_ZNSt12_Vector_baseIN5fasta7ResidueESaIS1_EED2Ev
FNDA:0,_ZNSt12_Vector_baseIN5fasta8SequenceESaIS1_EED2Ev
FNDA:0,_ZNSt12_Vector_baseISsSaISsEED2Ev
FNDA:0,_ZNSt12_Vector_baseIN5fasta7ResidueESaIS1_EE11_M_allocateEm
FNDA:0,_ZNSt12_Vector_baseISsSaISsEE11_M_allocateEm
FNDA:0,_ZNSt12_Vector_baseIN5fasta8SequenceESaIS1_EE11_M_allocateEm
FNDA:0,_ZNSt12_Vector_baseIN5fasta7ResidueESaIS1_EE13_M_deallocateEPS1_m
FNDA:0,_ZNSt12_Vector_baseISsSaISsEE13_M_deallocateEPSsm
FNDA:0,_ZNSt12_Vector_baseIN5fasta8SequenceESaIS1_EE13_M_deallocateEPS1_m
FNDA:0,_ZNSt12_Vector_baseIN5fasta7ResidueESaIS1_EE17_M_create_storageEm
FNDA:0,_ZNSt12_Vector_baseISsSaISsEE17_M_create_storageEm
FNDA:0,_ZNSt6vectorIN5fasta8SequenceESaIS1_EEC2Ev
FNDA:0,_ZNSt6vectorISsSaISsEEC2Ev
FNDA:0,_ZNSt6vectorIN5fasta7ResidueESaIS1_EEC2ERKS3_
FNDA:0,_ZNSt6vectorISsSaISsEEC2ERKS1_
FNDA:0,_ZNSt6vectorISsSaISsEEC2EOS1_
FNDA:172,_ZNSt6vectorISsSaISsEEC2ESt16initializer_listISsERKS0_
FNDA:0,_ZNSt6vectorIN5fasta7ResidueESaIS1_EED2Ev
FNDA:0,_ZNSt6vectorIN5fasta8SequenceESaIS1_EED2Ev
FNDA:0,_ZNSt6vectorISsSaISsEED2Ev
FNDA:0,_ZNSt6vectorISsSaISsEEaSEOS1_
FNDA:0,_ZNSt6vectorIN5fasta7ResidueESaIS1_EE5beginEv
FNDA:0,_ZNSt6vectorIN5fasta8SequenceESaIS1_EE5beginEv
FNDA:0,_ZNSt6vectorISsSaISsEE5beginEv
FNDA:0,_ZNKSt6vectorISsSaISsEE5beginEv
FNDA:0,_ZNKSt6vectorIN5fasta7ResidueESaIS1_EE5beginEv
FNDA:108,_ZNKSt6vectorIN5fasta8SequenceESaIS1_EE5beginEv
FNDA:0,_ZNKSt6vectorIiSaIiEE5beginEv
FNDA:0,_ZNKSt6vectorIN8f_config16FeaturePositionsESaIS1_EE5beginEv
FNDA:0,_ZNSt6vectorIN5fasta7ResidueESaIS1_EE3endEv
FNDA:0,_ZNSt6vectorIN5fasta8SequenceESaIS1_EE3endEv
FNDA:0,_ZNSt6vectorISsSaISsEE3endEv
FNDA:0,_ZNKSt6vectorISsSaISsEE3endEv
FNDA:0,_ZNKSt6vectorIN5fasta7ResidueESaIS1_EE3endEv
FNDA:108,_ZNKSt6vectorIN5fasta8SequenceESaIS1_EE3endEv
FNDA:0,_ZNKSt6vectorIiSaIiEE3endEv
FNDA:0,_ZNKSt6vectorIN8f_config16FeaturePositionsESaIS1_EE3endEv
FNDA:0,_ZNKSt6vectorIN5fasta7ResidueESaIS1_EE4sizeEv
FNDA:0,_ZNKSt6vectorIN5fasta8SequenceESaIS1_EE4sizeEv
FNDA:0,_ZNKSt6vectorISsSaISsEE4sizeEv
FNDA:0,_ZNKSt6vectorISsSaISsEE8max_sizeEv
FNDA:0,_ZNKSt6vectorISsSaISsEE8capacityEv
FNDA:0,_ZNKSt6vectorIN5fasta7ResidueESaIS1_EE8capacityEv
FNDA:16,_ZNKSt6vectorIN5fasta8SequenceESaIS1_EE8capacityEv
FNDA:0,_ZNSt6vectorIN5fasta7ResidueESaIS1_EEixEm
FNDA:1832,_ZNSt6vectorIN5fasta8SequenceESaIS1_EEixEm
FNDA:0,_ZNSt6vectorISsSaISsEE9push_backERKSs
FNDA:0,_ZNSt6vectorISsSaISsEE5clearEv
FNDA:0,_ZNSt6vectorIN5fasta7ResidueESaIS1_EE5clearEv
FNDA:0,_ZNSt6vectorIN5fasta8SequenceESaIS1_EE5clearEv
FNDA:0,_ZNSt6vectorISsSaISsEE20_M_allocate_and_copyIN9__gnu_cxx17__normal_iteratorIPKSsS1_EEEEPSsmT_S9_
FNDA:0,_ZNSt6vectorIN5fasta7ResidueESaIS1_EE20_M_allocate_and_copyIN9__gnu_cxx17__normal_iteratorIPKS1_S3_EEEEPS1_mT_SB_
FNDA:16,_ZNSt6vectorIN5fasta8SequenceESaIS1_EE20_M_allocate_and_copyIN9__gnu_cxx17__normal_iteratorIPKS1_S3_EEEEPS1_mT_SB_
FNDA:172,_ZNSt6vectorISsSaISsEE19_M_range_initializeIPKSsEEvT_S5_St20forward_iterator_tag
FNDA:0,_ZNKSt6vectorISsSaISsEE12_M_check_lenEmPKc
FNDA:0,_ZNSt6vectorISsSaISsEE15_M_erase_at_endEPSs
FNDA:0,_ZNSt6vectorIN5fasta7ResidueESaIS1_EE15_M_erase_at_endEPS1_
FNDA:0,_ZNSt6vectorIN5fasta8SequenceESaIS1_EE15_M_erase_at_endEPS1_
FNDA:0,_ZNSt6vectorISsSaISsEE14_M_move_assignEOS1_St17integral_constantIbLb1EE
FNF:80
FNH:7
DA:80,0
DA:87,0
DA:88,0
DA:89,0
DA:91,0
DA:92,0
DA:93,0
DA:96,0
DA:98,0
DA:99,0
DA:102,0
DA:104,0
DA:105,0
DA:106,0
DA:107,0
DA:114,0
DA:115,0
DA:118,0
DA:119,0
DA:125,0
DA:126,0
DA:128,0
DA:129,0
DA:135,0
DA:136,0
DA:137,0
DA:143,0
DA:144,0
DA:145,0
DA:160,0
DA:161,0
DA:162,0
DA:168,0
DA:169,0
DA:172,0
DA:174,0
DA:175,0
DA:176,0
DA:180,0
DA:182,0
DA:183,0
DA:184,0
DA:185,0
DA:246,0
DA:247,0
DA:307,0
DA:309,0
DA:310,0
DA:314,0
DA:324,0
DA:325,0
DA:361,172
DA:363,172
DA:365,172
DA:367,172
DA:402,0
DA:403,0
DA:404,0
DA:427,0
DA:431,0
DA:432,0
DA:434,0
DA:518,0
DA:519,0
DA:527,108
DA:528,108
DA:536,0
DA:537,0
DA:545,108
DA:546,108
DA:625,0
DA:626,0
DA:630,0
DA:631,0
DA:705,16
DA:707,16
DA:750,1832
DA:751,1832
DA:881,0
DA:883,0
DA:885,0
DA:887,0
DA:891,0
DA:895,0
DA:1096,0
DA:1097,0
DA:1106,16
DA:1109,16
DA:1112,16
DA:1114,16
DA:1116,0
DA:1118,0
DA:1119,0
DA:1164,172
DA:1167,172
DA:1168,172
DA:1169,172
DA:1170,172
DA:1174,172
DA:1303,0
DA:1305,0
DA:1306,0
DA:1308,0
DA:1309,0
DA:1317,0
DA:1319,0
DA:1320,0
DA:1321,0
DA:1329,0
DA:1331,0
DA:1332,0
DA:1333,0
DA:1334,0
DA:1336,0
LF:114
LH:22
end_of_record
SF:/usr/include/c++/4.7.2/bits/vector.tcc
FN:161,_ZNSt6vectorISsSaISsEEaSERKS1_
FN:161,_ZNSt6vectorIN5fasta8SequenceESaIS1_EEaSERKS3_
FN:161,_ZNSt6vectorIN5fasta7ResidueESaIS1_EEaSERKS3_
FN:397,_ZNSt6vectorISsSaISsEE19_M_emplace_back_auxIIRKSsEEEvDpOT_
FNDA:0,_ZNSt6vectorISsSaISsEEaSERKS1_
FNDA:0,_ZNSt6vectorIN5fasta7ResidueESaIS1_EEaSERKS3_
FNDA:16,_ZNSt6vectorIN5fasta8SequenceESaIS1_EEaSERKS3_
FNDA:0,_ZNSt6vectorISsSaISsEE19_M_emplace_back_auxIIRKSsEEEvDpOT_
FNF:4
FNH:1
DA:161,16
DA:164,16
DA:167,16
DA:169,0
DA:173,0
DA:174,0
DA:178,0
DA:182,16
DA:183,16
DA:186,16
DA:187,16
DA:189,16
DA:192,16
DA:193,16
DA:195,0
DA:197,0
DA:202,0
DA:204,0
DA:209,16
DA:211,16
DA:397,0
DA:401,0
DA:402,0
DA:403,0
DA:406,0
DA:408,0
DA:410,0
DA:415,0
DA:417,0
DA:419,0
DA:420,0
DA:422,0
DA:423,0
DA:424,0
DA:426,0
DA:428,0
DA:431,0
DA:432,0
DA:433,0
DA:434,0
LF:40
LH:12
end_of_record
SF:/usr/include/c++/4.7.2/ext/alloc_traits.h
FN:153,_ZN9__gnu_cxx14__alloc_traitsISaIN5fasta7ResidueEEE17_S_select_on_copyERKS3_
FN:153,_ZN9__gnu_cxx14__alloc_traitsISaISsEE17_S_select_on_copyERKS1_
FN:159,_ZN9__gnu_cxx14__alloc_traitsISaIN5fasta8SequenceEEE27_S_propagate_on_copy_assignEv
FN:159,_ZN9__gnu_cxx14__alloc_traitsISaIN5fasta7ResidueEEE27_S_propagate_on_copy_assignEv
FN:159,_ZN9__gnu_cxx14__alloc_traitsISaISsEE27_S_propagate_on_copy_assignEv
FN:162,_ZN9__gnu_cxx14__alloc_traitsISaISsEE27_S_propagate_on_move_assignEv
FN:168,_ZN9__gnu_cxx14__alloc_traitsISaISsEE15_S_always_equalEv
FN:168,_ZN9__gnu_cxx14__alloc_traitsISaIN5fasta7ResidueEEE15_S_always_equalEv
FN:168,_ZN9__gnu_cxx14__alloc_traitsISaIN5fasta8SequenceEEE15_S_always_equalEv
FNDA:0,_ZN9__gnu_cxx14__alloc_traitsISaIN5fasta7ResidueEEE17_S_select_on_copyERKS3_
FNDA:0,_ZN9__gnu_cxx14__alloc_traitsISaISsEE17_S_select_on_copyERKS1_
FNDA:0,_ZN9__gnu_cxx14__alloc_traitsISaISsEE27_S_propagate_on_copy_assignEv
FNDA:0,_ZN9__gnu_cxx14__alloc_traitsISaIN5fasta7ResidueEEE27_S_propagate_on_copy_assignEv
FNDA:16,_ZN9__gnu_cxx14__alloc_traitsISaIN5fasta8SequenceEEE27_S_propagate_on_copy_assignEv
FNDA:0,_ZN9__gnu_cxx14__alloc_traitsISaISsEE27_S_propagate_on_move_assignEv
FNDA:0,_ZN9__gnu_cxx14__alloc_traitsISaIN5fasta7ResidueEEE15_S_always_equalEv
FNDA:0,_ZN9__gnu_cxx14__alloc_traitsISaIN5fasta8SequenceEEE15_S_always_equalEv
FNDA:0,_ZN9__gnu_cxx14__alloc_traitsISaISsEE15_S_always_equalEv
FNF:9
FNH:1
DA:153,0
DA:154,0
DA:159,16
DA:160,16
DA:162,0
DA:163,0
DA:168,0
DA:169,0
LF:8
LH:2
end_of_record
SF:/usr/include/c++/4.7.2/ext/atomicity.h
FN:47,_ZN9__gnu_cxxL18__exchange_and_addEPVii
FN:64,_ZN9__gnu_cxxL25__exchange_and_add_singleEPii
FN:77,_ZN9__gnu_cxxL27__exchange_and_add_dispatchEPii
FNDA:0,_ZN9__gnu_cxxL18__exchange_and_addEPVii
FNDA:0,_ZN9__gnu_cxxL25__exchange_and_add_singleEPii
FNDA:0,_ZN9__gnu_cxxL27__exchange_and_add_dispatchEPii
FNF:3
FNH:0
DA:47,0
DA:48,0
DA:64,0
DA:66,0
DA:67,0
DA:68,0
DA:77,0
DA:80,0
DA:81,0
DA:83,0
LF:10
LH:0
end_of_record
SF:/usr/include/c++/4.7.2/ext/new_allocator.h
FN:69,_ZN9__gnu_cxx13new_allocatorISsEC2Ev
FN:69,_ZN9__gnu_cxx13new_allocatorISt13_Rb_tree_nodeISt4pairIKSsdEEEC2Ev
FN:69,_ZN9__gnu_cxx13new_allocatorIcEC2Ev
FN:69,_ZN9__gnu_cxx13new_allocatorIN5fasta8SequenceEEC2Ev
FN:71,_ZN9__gnu_cxx13new_allocatorISsEC2ERKS1_
FN:71,_ZN9__gnu_cxx13new_allocatorIN5fasta7ResidueEEC2ERKS3_
FN:71,_ZN9__gnu_cxx13new_allocatorIcEC2ERKS1_
FN:76,_ZN9__gnu_cxx13new_allocatorIcED2Ev
FN:76,_ZN9__gnu_cxx13new_allocatorIN5fasta7ResidueEED2Ev
FN:76,_ZN9__gnu_cxx13new_allocatorISt13_Rb_tree_nodeISt4pairIKSsdEEED2Ev
FN:76,_ZN9__gnu_cxx13new_allocatorIN5fasta8SequenceEED2Ev
FN:76,_ZN9__gnu_cxx13new_allocatorISsED2Ev
FN:89,_ZN9__gnu_cxx13new_allocatorIN5fasta7ResidueEE8allocateEmPKv
FN:89,_ZN9__gnu_cxx13new_allocatorISsE8allocateEmPKv
FN:89,_ZN9__gnu_cxx13new_allocatorISt13_Rb_tree_nodeISt4pairIKSsdEEE8allocateEmPKv
FN:89,_ZN9__gnu_cxx13new_allocatorIN5fasta8SequenceEE8allocateEmPKv
FN:99,_ZN9__gnu_cxx13new_allocatorIN5fasta7ResidueEE10deallocateEPS2_m
FN:99,_ZN9__gnu_cxx13new_allocatorISt13_Rb_tree_nodeISt4pairIKSsdEEE10deallocateEPS5_m
FN:99,_ZN9__gnu_cxx13new_allocatorISsE10deallocateEPSsm
FN:99,_ZN9__gnu_cxx13new_allocatorIN5fasta8SequenceEE10deallocateEPS2_m
FN:103,_ZNK9__gnu_cxx13new_allocatorIN5fasta7ResidueEE8max_sizeEv
FN:103,_ZNK9__gnu_cxx13new_allocatorIN5fasta8SequenceEE8max_sizeEv
FN:103,_ZNK9__gnu_cxx13new_allocatorISt13_Rb_tree_nodeISt4pairIKSsdEEE8max_sizeEv
FN:103,_ZNK9__gnu_cxx13new_allocatorISsE8max_sizeEv
FN:109,_ZN9__gnu_cxx13new_allocatorISt13_Rb_tree_nodeISt4pairIKSsdEEE9constructIS5_IRKS4_EEEvPT_DpOT0_
FN:109,_ZN9__gnu_cxx13new_allocatorISsE9constructISsIRKSsEEEvPT_DpOT0_
FN:114,_ZN9__gnu_cxx13new_allocatorISt13_Rb_tree_nodeISt4pairIKSsdEEE7destroyIS5_EEvPT_
FN:114,_ZN9__gnu_cxx13new_allocatorISsE7destroyISsEEvPT_
FNDA:0,_ZN9__gnu_cxx13new_allocatorISt13_Rb_tree_nodeISt4pairIKSsdEEEC2Ev
FNDA:0,_ZN9__gnu_cxx13new_allocatorIN5fasta8SequenceEEC2Ev
FNDA:0,_ZN9__gnu_cxx13new_allocatorISsEC2Ev
FNDA:0,_ZN9__gnu_cxx13new_allocatorIcEC2Ev
FNDA:0,_ZN9__gnu_cxx13new_allocatorIN5fasta7ResidueEEC2ERKS3_
FNDA:0,_ZN9__gnu_cxx13new_allocatorISsEC2ERKS1_
FNDA:0,_ZN9__gnu_cxx13new_allocatorIcEC2ERKS1_
FNDA:0,_ZN9__gnu_cxx13new_allocatorIN5fasta7ResidueEED2Ev
FNDA:0,_ZN9__gnu_cxx13new_allocatorIN5fasta8SequenceEED2Ev
FNDA:0,_ZN9__gnu_cxx13new_allocatorISt13_Rb_tree_nodeISt4pairIKSsdEEED2Ev
FNDA:0,_ZN9__gnu_cxx13new_allocatorISsED2Ev
FNDA:0,_ZN9__gnu_cxx13new_allocatorIcED2Ev
FNDA:0,_ZN9__gnu_cxx13new_allocatorIN5fasta7ResidueEE8allocateEmPKv
FNDA:0,_ZN9__gnu_cxx13new_allocatorISt13_Rb_tree_nodeISt4pairIKSsdEEE8allocateEmPKv
FNDA:0,_ZN9__gnu_cxx13new_allocatorISsE8allocateEmPKv
FNDA:0,_ZN9__gnu_cxx13new_allocatorIN5fasta8SequenceEE8allocateEmPKv
FNDA:0,_ZN9__gnu_cxx13new_allocatorIN5fasta7ResidueEE10deallocateEPS2_m
FNDA:0,_ZN9__gnu_cxx13new_allocatorISt13_Rb_tree_nodeISt4pairIKSsdEEE10deallocateEPS5_m
FNDA:0,_ZN9__gnu_cxx13new_allocatorISsE10deallocateEPSsm
FNDA:0,_ZN9__gnu_cxx13new_allocatorIN5fasta8SequenceEE10deallocateEPS2_m
FNDA:0,_ZNK9__gnu_cxx13new_allocatorIN5fasta7ResidueEE8max_sizeEv
FNDA:0,_ZNK9__gnu_cxx13new_allocatorISt13_Rb_tree_nodeISt4pairIKSsdEEE8max_sizeEv
FNDA:0,_ZNK9__gnu_cxx13new_allocatorISsE8max_sizeEv
FNDA:0,_ZNK9__gnu_cxx13new_allocatorIN5fasta8SequenceEE8max_sizeEv
FNDA:0,_ZN9__gnu_cxx13new_allocatorISt13_Rb_tree_nodeISt4pairIKSsdEEE9constructIS5_IRKS4_EEEvPT_DpOT0_
FNDA:0,_ZN9__gnu_cxx13new_allocatorISsE9constructISsIRKSsEEEvPT_DpOT0_
FNDA:0,_ZN9__gnu_cxx13new_allocatorISsE7destroyISsEEvPT_
FNDA:0,_ZN9__gnu_cxx13new_allocatorISt13_Rb_tree_nodeISt4pairIKSsdEEE7destroyIS5_EEvPT_
FNF:28
FNH:0
DA:69,0
DA:71,0
DA:76,0
DA:89,0
DA:91,0
DA:92,0
DA:94,0
DA:99,0
DA:100,0
DA:103,0
DA:104,0
DA:109,0
DA:110,0
DA:114,0
LF:14
LH:0
end_of_record
SF:/usr/include/c++/4.7.2/initializer_list
FN:71,_ZNKSt16initializer_listISsE4sizeEv
FN:75,_ZNKSt16initializer_listISsE5beginEv
FN:79,_ZNKSt16initializer_listISsE3endEv
FNDA:176,_ZNKSt16initializer_listISsE4sizeEv
FNDA:352,_ZNKSt16initializer_listISsE5beginEv
FNDA:176,_ZNKSt16initializer_listISsE3endEv
FNF:3
FNH:3
DA:71,176
DA:75,352
DA:79,176
LF:3
LH:3
end_of_record
SF:/usr/include/c++/4.7.2/iostream
DA:75,4
LF:1
LH:1
end_of_record
SF:/usr/include/c++/4.7.2/new
FN:111,_ZnwmPv
FN:117,_ZdlPvS_
FNDA:0,_ZnwmPv
FNDA:0,_ZdlPvS_
FNF:2
FNH:0
DA:111,0
DA:112,0
DA:117,0
LF:3
LH:0
end_of_record
SF:/usr/include/c++/4.7.2/x86_64-redhat-linux/bits/gthr-default.h
FN:259,_ZL18__gthread_active_pv
FNDA:0,_ZL18__gthread_active_pv
FNF:1
FNH:0
DA:259,0
DA:270,0
LF:2
LH:0
end_of_record
SF:/home/joanna/cmbi/kman/src/fasta.h
FN:11,_ZN5fasta7ResidueaSERKS0_
FN:11,_ZN5fasta7ResidueD2Ev
FN:11,_ZN5fasta7ResidueC2ERKS0_
FN:22,_ZN5fasta8SequenceC2ERKS0_
FN:22,_ZN5fasta8SequenceD2Ev
FN:22,_ZN5fasta8SequenceaSERKS0_
FNDA:0,_ZN5fasta7ResidueC2ERKS0_
FNDA:0,_ZN5fasta7ResidueaSERKS0_
FNDA:0,_ZN5fasta7ResidueD2Ev
FNDA:0,_ZN5fasta8SequenceC2ERKS0_
FNDA:0,_ZN5fasta8SequenceaSERKS0_
FNDA:0,_ZN5fasta8SequenceD2Ev
FNF:6
FNH:0
DA:11,0
DA:22,0
LF:2
LH:0
end_of_record
SF:/home/joanna/cmbi/kman/src/seq_data.cpp
FN:6,_ZN8seq_data18process_fasta_dataERKN5fasta9FastaDataERKSt3mapISsN8f_config15FeatureSettingsESt4lessISsESaISt4pairIKSsS6_EEE
FN:27,_ZN8seq_data17make_feature_listERKSt6vectorIN5fasta8SequenceESaIS2_EE
FN:55,_Z41__static_initialization_and_destruction_0ii
FN:55,_GLOBAL__sub_I__ZN8seq_data18process_fasta_dataERKN5fasta9FastaDataERKSt3mapISsN8f_config15FeatureSettingsESt4lessISsESaISt4pairIKSsS6_EEE
FNDA:4,_ZN8seq_data18process_fasta_dataERKN5fasta9FastaDataERKSt3mapISsN8f_config15FeatureSettingsESt4lessISsESaISt4pairIKSsS6_EEE
FNDA:4,_ZN8seq_data17make_feature_listERKSt6vectorIN5fasta8SequenceESaIS2_EE
FNDA:4,_GLOBAL__sub_I__ZN8seq_data18process_fasta_dataERKN5fasta9FastaDataERKSt3mapISsN8f_config15FeatureSettingsESt4lessISsESaISt4pairIKSsS6_EEE
FNDA:4,_Z41__static_initialization_and_destruction_0ii
FNF:4
FNH:4
DA:6,4
DA:9,4
DA:10,4
DA:11,4
DA:13,8
DA:14,12
DA:15,20
DA:16,12
DA:17,24
DA:22,4
DA:23,4
DA:27,4
DA:43,4
DA:44,12
DA:45,40
DA:46,80
DA:47,144
DA:48,144
DA:49,12
DA:54,4
DA:55,12
LF:21
LH:21
end_of_record
SF:/home/joanna/cmbi/kman/src/seq_data.h
FN:9,_ZN8seq_data12SequenceDataC2Ev
FN:9,_ZN8seq_data12SequenceDataD2Ev
FNDA:12,_ZN8seq_data12SequenceDataD2Ev
FNDA:12,_ZN8seq_data12SequenceDataC2Ev
FNF:2
FNH:2
DA:9,24
LF:1
LH:1
end_of_record
